[0.148s] Invoking command in '/home/meip-users/tb3_op/build/tb3_sq': CMAKE_PREFIX_PATH=${CMAKE_PREFIX_PATH}:/home/meip-users/tb3_op/install/tb3_learning_py:/opt/ros/humble /usr/bin/cmake --build /home/meip-users/tb3_op/build/tb3_sq -- -j8 -l8
[0.254s] [100%] Built target tb3_sq_node
[0.276s] Invoked command in '/home/meip-users/tb3_op/build/tb3_sq' returned '0': CMAKE_PREFIX_PATH=${CMAKE_PREFIX_PATH}:/home/meip-users/tb3_op/install/tb3_learning_py:/opt/ros/humble /usr/bin/cmake --build /home/meip-users/tb3_op/build/tb3_sq -- -j8 -l8
[0.346s] Invoking command in '/home/meip-users/tb3_op/build/tb3_sq': CMAKE_PREFIX_PATH=${CMAKE_PREFIX_PATH}:/home/meip-users/tb3_op/install/tb3_learning_py:/opt/ros/humble /usr/bin/cmake --install /home/meip-users/tb3_op/build/tb3_sq
[0.361s] -- Install configuration: ""
[0.361s] -- Up-to-date: /home/meip-users/tb3_op/install/tb3_sq/lib/tb3_sq/tb3_sq_node
[0.362s] -- Up-to-date: /home/meip-users/tb3_op/install/tb3_sq/share/ament_index/resource_index/package_run_dependencies/tb3_sq
[0.362s] -- Up-to-date: /home/meip-users/tb3_op/install/tb3_sq/share/ament_index/resource_index/parent_prefix_path/tb3_sq
[0.362s] -- Up-to-date: /home/meip-users/tb3_op/install/tb3_sq/share/tb3_sq/environment/ament_prefix_path.sh
[0.362s] -- Up-to-date: /home/meip-users/tb3_op/install/tb3_sq/share/tb3_sq/environment/ament_prefix_path.dsv
[0.362s] -- Up-to-date: /home/meip-users/tb3_op/install/tb3_sq/share/tb3_sq/environment/path.sh
[0.363s] -- Up-to-date: /home/meip-users/tb3_op/install/tb3_sq/share/tb3_sq/environment/path.dsv
[0.363s] -- Up-to-date: /home/meip-users/tb3_op/install/tb3_sq/share/tb3_sq/local_setup.bash
[0.363s] -- Up-to-date: /home/meip-users/tb3_op/install/tb3_sq/share/tb3_sq/local_setup.sh
[0.363s] -- Up-to-date: /home/meip-users/tb3_op/install/tb3_sq/share/tb3_sq/local_setup.zsh
[0.363s] -- Up-to-date: /home/meip-users/tb3_op/install/tb3_sq/share/tb3_sq/local_setup.dsv
[0.363s] -- Installing: /home/meip-users/tb3_op/install/tb3_sq/share/tb3_sq/package.dsv
[0.364s] -- Up-to-date: /home/meip-users/tb3_op/install/tb3_sq/share/ament_index/resource_index/packages/tb3_sq
[0.364s] -- Up-to-date: /home/meip-users/tb3_op/install/tb3_sq/share/tb3_sq/cmake/tb3_sqConfig.cmake
[0.364s] -- Up-to-date: /home/meip-users/tb3_op/install/tb3_sq/share/tb3_sq/cmake/tb3_sqConfig-version.cmake
[0.364s] -- Up-to-date: /home/meip-users/tb3_op/install/tb3_sq/share/tb3_sq/package.xml
[0.368s] Invoked command in '/home/meip-users/tb3_op/build/tb3_sq' returned '0': CMAKE_PREFIX_PATH=${CMAKE_PREFIX_PATH}:/home/meip-users/tb3_op/install/tb3_learning_py:/opt/ros/humble /usr/bin/cmake --install /home/meip-users/tb3_op/build/tb3_sq
