[1.543s] DEBUG:colcon:Command line arguments: ['/usr/bin/colcon', 'build', '--packages-select', 'tb3_learning_py']
[1.544s] DEBUG:colcon:Parsed command line arguments: Namespace(log_base=None, log_level=None, verb_name='build', build_base='build', install_base='install', merge_install=False, symlink_install=False, test_result_base=None, continue_on_error=False, executor='parallel', parallel_workers=8, event_handlers=None, ignore_user_meta=False, metas=['./colcon.meta'], base_paths=['.'], packages_ignore=None, packages_ignore_regex=None, paths=None, packages_up_to=None, packages_up_to_regex=None, packages_above=None, packages_above_and_dependencies=None, packages_above_depth=None, packages_select_by_dep=None, packages_skip_by_dep=None, packages_skip_up_to=None, packages_select_build_failed=False, packages_skip_build_finished=False, packages_select_test_failures=False, packages_skip_test_passed=False, packages_select=['tb3_learning_py'], packages_skip=None, packages_select_regex=None, packages_skip_regex=None, packages_start=None, packages_end=None, allow_overriding=[], cmake_args=None, cmake_target=None, cmake_target_skip_unavailable=False, cmake_clean_cache=False, cmake_clean_first=False, cmake_force_configure=False, ament_cmake_args=None, catkin_cmake_args=None, catkin_skip_building_tests=False, verb_parser=<colcon_defaults.argument_parser.defaults.DefaultArgumentsDecorator object at 0x7f38a161b010>, verb_extension=<colcon_core.verb.build.BuildVerb object at 0x7f38a17a7820>, main=<bound method BuildVerb.main of <colcon_core.verb.build.BuildVerb object at 0x7f38a17a7820>>)
[1.612s] Level 1:colcon.colcon_core.package_discovery:discover_packages(colcon_meta) check parameters
[1.612s] Level 1:colcon.colcon_core.package_discovery:discover_packages(recursive) check parameters
[1.612s] Level 1:colcon.colcon_core.package_discovery:discover_packages(ignore) check parameters
[1.612s] Level 1:colcon.colcon_core.package_discovery:discover_packages(path) check parameters
[1.612s] Level 1:colcon.colcon_core.package_discovery:discover_packages(colcon_meta) discover
[1.612s] Level 1:colcon.colcon_core.package_discovery:discover_packages(recursive) discover
[1.612s] INFO:colcon.colcon_core.package_discovery:Crawling recursively for packages in '/home/meip-users/tb3_op'
[1.612s] Level 1:colcon.colcon_core.package_identification:_identify(.) by extensions ['ignore', 'ignore_ament_install']
[1.612s] Level 1:colcon.colcon_core.package_identification:_identify(.) by extension 'ignore'
[1.612s] Level 1:colcon.colcon_core.package_identification:_identify(.) by extension 'ignore_ament_install'
[1.612s] Level 1:colcon.colcon_core.package_identification:_identify(.) by extensions ['colcon_pkg']
[1.612s] Level 1:colcon.colcon_core.package_identification:_identify(.) by extension 'colcon_pkg'
[1.612s] Level 1:colcon.colcon_core.package_identification:_identify(.) by extensions ['colcon_meta']
[1.612s] Level 1:colcon.colcon_core.package_identification:_identify(.) by extension 'colcon_meta'
[1.613s] Level 1:colcon.colcon_core.package_identification:_identify(.) by extensions ['ros']
[1.613s] Level 1:colcon.colcon_core.package_identification:_identify(.) by extension 'ros'
[1.631s] Level 1:colcon.colcon_core.package_identification:_identify(.) by extensions ['cmake', 'python']
[1.631s] Level 1:colcon.colcon_core.package_identification:_identify(.) by extension 'cmake'
[1.631s] Level 1:colcon.colcon_core.package_identification:_identify(.) by extension 'python'
[1.631s] Level 1:colcon.colcon_core.package_identification:_identify(.) by extensions ['python_setup_py']
[1.631s] Level 1:colcon.colcon_core.package_identification:_identify(.) by extension 'python_setup_py'
[1.631s] Level 1:colcon.colcon_core.package_identification:_identify(build) by extensions ['ignore', 'ignore_ament_install']
[1.631s] Level 1:colcon.colcon_core.package_identification:_identify(build) by extension 'ignore'
[1.631s] Level 1:colcon.colcon_core.package_identification:_identify(build) ignored
[1.631s] Level 1:colcon.colcon_core.package_identification:_identify(install) by extensions ['ignore', 'ignore_ament_install']
[1.631s] Level 1:colcon.colcon_core.package_identification:_identify(install) by extension 'ignore'
[1.631s] Level 1:colcon.colcon_core.package_identification:_identify(install) ignored
[1.632s] Level 1:colcon.colcon_core.package_identification:_identify(log) by extensions ['ignore', 'ignore_ament_install']
[1.632s] Level 1:colcon.colcon_core.package_identification:_identify(log) by extension 'ignore'
[1.632s] Level 1:colcon.colcon_core.package_identification:_identify(log) ignored
[1.632s] Level 1:colcon.colcon_core.package_identification:_identify(src) by extensions ['ignore', 'ignore_ament_install']
[1.632s] Level 1:colcon.colcon_core.package_identification:_identify(src) by extension 'ignore'
[1.632s] Level 1:colcon.colcon_core.package_identification:_identify(src) by extension 'ignore_ament_install'
[1.632s] Level 1:colcon.colcon_core.package_identification:_identify(src) by extensions ['colcon_pkg']
[1.632s] Level 1:colcon.colcon_core.package_identification:_identify(src) by extension 'colcon_pkg'
[1.632s] Level 1:colcon.colcon_core.package_identification:_identify(src) by extensions ['colcon_meta']
[1.632s] Level 1:colcon.colcon_core.package_identification:_identify(src) by extension 'colcon_meta'
[1.632s] Level 1:colcon.colcon_core.package_identification:_identify(src) by extensions ['ros']
[1.632s] Level 1:colcon.colcon_core.package_identification:_identify(src) by extension 'ros'
[1.632s] Level 1:colcon.colcon_core.package_identification:_identify(src) by extensions ['cmake', 'python']
[1.632s] Level 1:colcon.colcon_core.package_identification:_identify(src) by extension 'cmake'
[1.632s] Level 1:colcon.colcon_core.package_identification:_identify(src) by extension 'python'
[1.632s] Level 1:colcon.colcon_core.package_identification:_identify(src) by extensions ['python_setup_py']
[1.632s] Level 1:colcon.colcon_core.package_identification:_identify(src) by extension 'python_setup_py'
[1.633s] Level 1:colcon.colcon_core.package_identification:_identify(src/build) by extensions ['ignore', 'ignore_ament_install']
[1.633s] Level 1:colcon.colcon_core.package_identification:_identify(src/build) by extension 'ignore'
[1.633s] Level 1:colcon.colcon_core.package_identification:_identify(src/build) ignored
[1.633s] Level 1:colcon.colcon_core.package_identification:_identify(src/install) by extensions ['ignore', 'ignore_ament_install']
[1.633s] Level 1:colcon.colcon_core.package_identification:_identify(src/install) by extension 'ignore'
[1.633s] Level 1:colcon.colcon_core.package_identification:_identify(src/install) ignored
[1.633s] Level 1:colcon.colcon_core.package_identification:_identify(src/log) by extensions ['ignore', 'ignore_ament_install']
[1.633s] Level 1:colcon.colcon_core.package_identification:_identify(src/log) by extension 'ignore'
[1.633s] Level 1:colcon.colcon_core.package_identification:_identify(src/log) ignored
[1.633s] Level 1:colcon.colcon_core.package_identification:_identify(src/tb3_learning_py) by extensions ['ignore', 'ignore_ament_install']
[1.633s] Level 1:colcon.colcon_core.package_identification:_identify(src/tb3_learning_py) by extension 'ignore'
[1.633s] Level 1:colcon.colcon_core.package_identification:_identify(src/tb3_learning_py) by extension 'ignore_ament_install'
[1.633s] Level 1:colcon.colcon_core.package_identification:_identify(src/tb3_learning_py) by extensions ['colcon_pkg']
[1.633s] Level 1:colcon.colcon_core.package_identification:_identify(src/tb3_learning_py) by extension 'colcon_pkg'
[1.633s] Level 1:colcon.colcon_core.package_identification:_identify(src/tb3_learning_py) by extensions ['colcon_meta']
[1.633s] Level 1:colcon.colcon_core.package_identification:_identify(src/tb3_learning_py) by extension 'colcon_meta'
[1.634s] Level 1:colcon.colcon_core.package_identification:_identify(src/tb3_learning_py) by extensions ['ros']
[1.634s] Level 1:colcon.colcon_core.package_identification:_identify(src/tb3_learning_py) by extension 'ros'
[1.637s] DEBUG:colcon.colcon_core.package_identification:Package 'src/tb3_learning_py' with type 'ros.ament_python' and name 'tb3_learning_py'
[1.638s] Level 1:colcon.colcon_core.package_identification:_identify(src/tb3_op) by extensions ['ignore', 'ignore_ament_install']
[1.638s] Level 1:colcon.colcon_core.package_identification:_identify(src/tb3_op) by extension 'ignore'
[1.638s] Level 1:colcon.colcon_core.package_identification:_identify(src/tb3_op) by extension 'ignore_ament_install'
[1.638s] Level 1:colcon.colcon_core.package_identification:_identify(src/tb3_op) by extensions ['colcon_pkg']
[1.638s] Level 1:colcon.colcon_core.package_identification:_identify(src/tb3_op) by extension 'colcon_pkg'
[1.638s] Level 1:colcon.colcon_core.package_identification:_identify(src/tb3_op) by extensions ['colcon_meta']
[1.638s] Level 1:colcon.colcon_core.package_identification:_identify(src/tb3_op) by extension 'colcon_meta'
[1.638s] Level 1:colcon.colcon_core.package_identification:_identify(src/tb3_op) by extensions ['ros']
[1.638s] Level 1:colcon.colcon_core.package_identification:_identify(src/tb3_op) by extension 'ros'
[1.639s] DEBUG:colcon.colcon_core.package_identification:Package 'src/tb3_op' with type 'ros.ament_cmake' and name 'tb3_op'
[1.640s] Level 1:colcon.colcon_core.package_identification:_identify(src/tb3_sq) by extensions ['ignore', 'ignore_ament_install']
[1.640s] Level 1:colcon.colcon_core.package_identification:_identify(src/tb3_sq) by extension 'ignore'
[1.640s] Level 1:colcon.colcon_core.package_identification:_identify(src/tb3_sq) by extension 'ignore_ament_install'
[1.640s] Level 1:colcon.colcon_core.package_identification:_identify(src/tb3_sq) by extensions ['colcon_pkg']
[1.640s] Level 1:colcon.colcon_core.package_identification:_identify(src/tb3_sq) by extension 'colcon_pkg'
[1.640s] Level 1:colcon.colcon_core.package_identification:_identify(src/tb3_sq) by extensions ['colcon_meta']
[1.640s] Level 1:colcon.colcon_core.package_identification:_identify(src/tb3_sq) by extension 'colcon_meta'
[1.640s] Level 1:colcon.colcon_core.package_identification:_identify(src/tb3_sq) by extensions ['ros']
[1.640s] Level 1:colcon.colcon_core.package_identification:_identify(src/tb3_sq) by extension 'ros'
[1.641s] DEBUG:colcon.colcon_core.package_identification:Package 'src/tb3_sq' with type 'ros.ament_cmake' and name 'tb3_sq'
[1.641s] Level 1:colcon.colcon_core.package_discovery:discover_packages(recursive) using defaults
[1.641s] Level 1:colcon.colcon_core.package_discovery:discover_packages(ignore) discover
[1.641s] Level 1:colcon.colcon_core.package_discovery:discover_packages(ignore) using defaults
[1.641s] Level 1:colcon.colcon_core.package_discovery:discover_packages(path) discover
[1.641s] Level 1:colcon.colcon_core.package_discovery:discover_packages(path) using defaults
[1.731s] INFO:colcon.colcon_core.package_selection:Skipping not selected package 'tb3_op' in 'src/tb3_op'
[1.731s] INFO:colcon.colcon_core.package_selection:Skipping not selected package 'tb3_sq' in 'src/tb3_sq'
[1.770s] Level 1:colcon.colcon_core.package_discovery:discover_packages(prefix_path) check parameters
[1.770s] Level 1:colcon.colcon_core.package_discovery:discover_packages(prefix_path) discover
[1.813s] DEBUG:colcon.colcon_installed_package_information.package_discovery:Found 387 installed packages in /opt/ros/humble
[1.838s] Level 1:colcon.colcon_core.package_discovery:discover_packages(prefix_path) using defaults
[1.981s] Level 5:colcon.colcon_core.verb:set package 'tb3_learning_py' build argument 'cmake_args' from command line to 'None'
[1.981s] Level 5:colcon.colcon_core.verb:set package 'tb3_learning_py' build argument 'cmake_target' from command line to 'None'
[1.981s] Level 5:colcon.colcon_core.verb:set package 'tb3_learning_py' build argument 'cmake_target_skip_unavailable' from command line to 'False'
[1.981s] Level 5:colcon.colcon_core.verb:set package 'tb3_learning_py' build argument 'cmake_clean_cache' from command line to 'False'
[1.981s] Level 5:colcon.colcon_core.verb:set package 'tb3_learning_py' build argument 'cmake_clean_first' from command line to 'False'
[1.981s] Level 5:colcon.colcon_core.verb:set package 'tb3_learning_py' build argument 'cmake_force_configure' from command line to 'False'
[1.981s] Level 5:colcon.colcon_core.verb:set package 'tb3_learning_py' build argument 'ament_cmake_args' from command line to 'None'
[1.981s] Level 5:colcon.colcon_core.verb:set package 'tb3_learning_py' build argument 'catkin_cmake_args' from command line to 'None'
[1.981s] Level 5:colcon.colcon_core.verb:set package 'tb3_learning_py' build argument 'catkin_skip_building_tests' from command line to 'False'
[1.981s] DEBUG:colcon.colcon_core.verb:Building package 'tb3_learning_py' with the following arguments: {'ament_cmake_args': None, 'build_base': '/home/meip-users/tb3_op/build/tb3_learning_py', 'catkin_cmake_args': None, 'catkin_skip_building_tests': False, 'cmake_args': None, 'cmake_clean_cache': False, 'cmake_clean_first': False, 'cmake_force_configure': False, 'cmake_target': None, 'cmake_target_skip_unavailable': False, 'install_base': '/home/meip-users/tb3_op/install/tb3_learning_py', 'merge_install': False, 'path': '/home/meip-users/tb3_op/src/tb3_learning_py', 'symlink_install': False, 'test_result_base': None}
[2.001s] INFO:colcon.colcon_core.executor:Executing jobs using 'parallel' executor
[2.023s] DEBUG:colcon.colcon_parallel_executor.executor.parallel:run_until_complete
[2.024s] INFO:colcon.colcon_ros.task.ament_python.build:Building ROS package in '/home/meip-users/tb3_op/src/tb3_learning_py' with build type 'ament_python'
[2.024s] Level 1:colcon.colcon_core.shell:create_environment_hook('tb3_learning_py', 'ament_prefix_path')
[2.049s] INFO:colcon.colcon_core.plugin_system:Skipping extension 'colcon_core.shell.bat': Not used on non-Windows systems
[2.049s] INFO:colcon.colcon_core.shell:Creating environment hook '/home/meip-users/tb3_op/install/tb3_learning_py/share/tb3_learning_py/hook/ament_prefix_path.ps1'
[2.057s] INFO:colcon.colcon_core.shell:Creating environment descriptor '/home/meip-users/tb3_op/install/tb3_learning_py/share/tb3_learning_py/hook/ament_prefix_path.dsv'
[2.058s] INFO:colcon.colcon_core.shell:Creating environment hook '/home/meip-users/tb3_op/install/tb3_learning_py/share/tb3_learning_py/hook/ament_prefix_path.sh'
[2.080s] INFO:colcon.colcon_core.shell:Skip shell extension 'powershell' for command environment: Not usable outside of PowerShell
[2.081s] DEBUG:colcon.colcon_core.shell:Skip shell extension 'dsv' for command environment
[2.565s] INFO:colcon.colcon_core.task.python.build:Building Python package in '/home/meip-users/tb3_op/src/tb3_learning_py'
[2.586s] INFO:colcon.colcon_core.shell:Skip shell extension 'powershell' for command environment: Not usable outside of PowerShell
[2.586s] DEBUG:colcon.colcon_core.shell:Skip shell extension 'dsv' for command environment
[3.315s] DEBUG:colcon.colcon_core.event_handler.log_command:Invoking command in '/home/meip-users/tb3_op/src/tb3_learning_py': PYTHONPATH=/home/meip-users/tb3_op/build/tb3_learning_py/prefix_override:/home/meip-users/tb3_op/install/tb3_learning_py/lib/python3.10/site-packages:${PYTHONPATH} /usr/bin/python3 setup.py egg_info --egg-base ../../build/tb3_learning_py build --build-base /home/meip-users/tb3_op/build/tb3_learning_py/build install --record /home/meip-users/tb3_op/build/tb3_learning_py/install.log --single-version-externally-managed
[3.806s] DEBUG:colcon.colcon_core.event_handler.log_command:Invoked command in '/home/meip-users/tb3_op/src/tb3_learning_py' returned '0': PYTHONPATH=/home/meip-users/tb3_op/build/tb3_learning_py/prefix_override:/home/meip-users/tb3_op/install/tb3_learning_py/lib/python3.10/site-packages:${PYTHONPATH} /usr/bin/python3 setup.py egg_info --egg-base ../../build/tb3_learning_py build --build-base /home/meip-users/tb3_op/build/tb3_learning_py/build install --record /home/meip-users/tb3_op/build/tb3_learning_py/install.log --single-version-externally-managed
[3.830s] Level 1:colcon.colcon_core.environment:checking '/home/meip-users/tb3_op/install/tb3_learning_py' for CMake module files
[3.831s] Level 1:colcon.colcon_core.environment:checking '/home/meip-users/tb3_op/install/tb3_learning_py' for CMake config files
[3.832s] Level 1:colcon.colcon_core.environment:checking '/home/meip-users/tb3_op/install/tb3_learning_py/lib'
[3.833s] Level 1:colcon.colcon_core.environment:checking '/home/meip-users/tb3_op/install/tb3_learning_py/bin'
[3.833s] Level 1:colcon.colcon_core.environment:checking '/home/meip-users/tb3_op/install/tb3_learning_py/lib/pkgconfig/tb3_learning_py.pc'
[3.833s] Level 1:colcon.colcon_core.environment:checking '/home/meip-users/tb3_op/install/tb3_learning_py/lib/python3.10/site-packages'
[3.833s] Level 1:colcon.colcon_core.shell:create_environment_hook('tb3_learning_py', 'pythonpath')
[3.853s] INFO:colcon.colcon_core.shell:Creating environment hook '/home/meip-users/tb3_op/install/tb3_learning_py/share/tb3_learning_py/hook/pythonpath.ps1'
[3.854s] INFO:colcon.colcon_core.shell:Creating environment descriptor '/home/meip-users/tb3_op/install/tb3_learning_py/share/tb3_learning_py/hook/pythonpath.dsv'
[3.855s] INFO:colcon.colcon_core.shell:Creating environment hook '/home/meip-users/tb3_op/install/tb3_learning_py/share/tb3_learning_py/hook/pythonpath.sh'
[3.855s] Level 1:colcon.colcon_core.environment:checking '/home/meip-users/tb3_op/install/tb3_learning_py/bin'
[3.856s] Level 1:colcon.colcon_core.environment:create_environment_scripts_only(tb3_learning_py)
[3.876s] INFO:colcon.colcon_core.shell:Creating package script '/home/meip-users/tb3_op/install/tb3_learning_py/share/tb3_learning_py/package.ps1'
[3.878s] INFO:colcon.colcon_core.shell:Creating package descriptor '/home/meip-users/tb3_op/install/tb3_learning_py/share/tb3_learning_py/package.dsv'
[3.879s] INFO:colcon.colcon_core.shell:Creating package script '/home/meip-users/tb3_op/install/tb3_learning_py/share/tb3_learning_py/package.sh'
[3.880s] INFO:colcon.colcon_core.shell:Creating package script '/home/meip-users/tb3_op/install/tb3_learning_py/share/tb3_learning_py/package.bash'
[3.881s] INFO:colcon.colcon_core.shell:Creating package script '/home/meip-users/tb3_op/install/tb3_learning_py/share/tb3_learning_py/package.zsh'
[3.882s] Level 1:colcon.colcon_core.environment:create_file_with_runtime_dependencies(/home/meip-users/tb3_op/install/tb3_learning_py/share/colcon-core/packages/tb3_learning_py)
[3.882s] DEBUG:colcon.colcon_parallel_executor.executor.parallel:closing loop
[3.883s] DEBUG:colcon.colcon_parallel_executor.executor.parallel:loop closed
[3.883s] DEBUG:colcon.colcon_parallel_executor.executor.parallel:run_until_complete finished with '0'
[3.883s] DEBUG:colcon.colcon_core.event_reactor:joining thread
[3.917s] INFO:colcon.colcon_core.plugin_system:Skipping extension 'colcon_notification.desktop_notification.terminal_notifier': Not used on non-Darwin systems
[3.917s] INFO:colcon.colcon_core.plugin_system:Skipping extension 'colcon_notification.desktop_notification.win32': Not used on non-Windows systems
[3.917s] INFO:colcon.colcon_notification.desktop_notification:Sending desktop notification using 'notify2'
[3.929s] DEBUG:colcon.colcon_core.event_reactor:joined thread
[3.951s] INFO:colcon.colcon_core.shell:Creating prefix script '/home/meip-users/tb3_op/install/local_setup.ps1'
[3.953s] INFO:colcon.colcon_core.shell:Creating prefix util module '/home/meip-users/tb3_op/install/_local_setup_util_ps1.py'
[3.954s] INFO:colcon.colcon_core.shell:Creating prefix chain script '/home/meip-users/tb3_op/install/setup.ps1'
[3.977s] INFO:colcon.colcon_core.shell:Creating prefix script '/home/meip-users/tb3_op/install/local_setup.sh'
[3.978s] INFO:colcon.colcon_core.shell:Creating prefix util module '/home/meip-users/tb3_op/install/_local_setup_util_sh.py'
[3.979s] INFO:colcon.colcon_core.shell:Creating prefix chain script '/home/meip-users/tb3_op/install/setup.sh'
[4.001s] INFO:colcon.colcon_core.shell:Creating prefix script '/home/meip-users/tb3_op/install/local_setup.bash'
[4.001s] INFO:colcon.colcon_core.shell:Creating prefix chain script '/home/meip-users/tb3_op/install/setup.bash'
[4.024s] INFO:colcon.colcon_core.shell:Creating prefix script '/home/meip-users/tb3_op/install/local_setup.zsh'
[4.025s] INFO:colcon.colcon_core.shell:Creating prefix chain script '/home/meip-users/tb3_op/install/setup.zsh'
