[0.719s] DEBUG:colcon:Command line arguments: ['/usr/bin/colcon', 'build']
[0.719s] DEBUG:colcon:Parsed command line arguments: Namespace(log_base=None, log_level=None, verb_name='build', build_base='build', install_base='install', merge_install=False, symlink_install=False, test_result_base=None, continue_on_error=False, executor='parallel', parallel_workers=8, event_handlers=None, ignore_user_meta=False, metas=['./colcon.meta'], base_paths=['.'], packages_ignore=None, packages_ignore_regex=None, paths=None, packages_up_to=None, packages_up_to_regex=None, packages_above=None, packages_above_and_dependencies=None, packages_above_depth=None, packages_select_by_dep=None, packages_skip_by_dep=None, packages_skip_up_to=None, packages_select_build_failed=False, packages_skip_build_finished=False, packages_select_test_failures=False, packages_skip_test_passed=False, packages_select=None, packages_skip=None, packages_select_regex=None, packages_skip_regex=None, packages_start=None, packages_end=None, allow_overriding=[], cmake_args=None, cmake_target=None, cmake_target_skip_unavailable=False, cmake_clean_cache=False, cmake_clean_first=False, cmake_force_configure=False, ament_cmake_args=None, catkin_cmake_args=None, catkin_skip_building_tests=False, verb_parser=<colcon_defaults.argument_parser.defaults.DefaultArgumentsDecorator object at 0x7fd6ab6c8af0>, verb_extension=<colcon_core.verb.build.BuildVerb object at 0x7fd6ab8579d0>, main=<bound method BuildVerb.main of <colcon_core.verb.build.BuildVerb object at 0x7fd6ab8579d0>>)
[0.752s] Level 1:colcon.colcon_core.package_discovery:discover_packages(colcon_meta) check parameters
[0.752s] Level 1:colcon.colcon_core.package_discovery:discover_packages(recursive) check parameters
[0.753s] Level 1:colcon.colcon_core.package_discovery:discover_packages(ignore) check parameters
[0.753s] Level 1:colcon.colcon_core.package_discovery:discover_packages(path) check parameters
[0.753s] Level 1:colcon.colcon_core.package_discovery:discover_packages(colcon_meta) discover
[0.753s] Level 1:colcon.colcon_core.package_discovery:discover_packages(recursive) discover
[0.753s] INFO:colcon.colcon_core.package_discovery:Crawling recursively for packages in '/home/meip-users/tb3_op/src/tb3_op'
[0.753s] Level 1:colcon.colcon_core.package_identification:_identify(.) by extensions ['ignore', 'ignore_ament_install']
[0.753s] Level 1:colcon.colcon_core.package_identification:_identify(.) by extension 'ignore'
[0.753s] Level 1:colcon.colcon_core.package_identification:_identify(.) by extension 'ignore_ament_install'
[0.753s] Level 1:colcon.colcon_core.package_identification:_identify(.) by extensions ['colcon_pkg']
[0.753s] Level 1:colcon.colcon_core.package_identification:_identify(.) by extension 'colcon_pkg'
[0.753s] Level 1:colcon.colcon_core.package_identification:_identify(.) by extensions ['colcon_meta']
[0.753s] Level 1:colcon.colcon_core.package_identification:_identify(.) by extension 'colcon_meta'
[0.753s] Level 1:colcon.colcon_core.package_identification:_identify(.) by extensions ['ros']
[0.753s] Level 1:colcon.colcon_core.package_identification:_identify(.) by extension 'ros'
[0.762s] DEBUG:colcon.colcon_core.package_identification:Package '.' with type 'ros.ament_cmake' and name 'tb3_op'
[0.762s] Level 1:colcon.colcon_core.package_discovery:discover_packages(recursive) using defaults
[0.762s] Level 1:colcon.colcon_core.package_discovery:discover_packages(ignore) discover
[0.762s] Level 1:colcon.colcon_core.package_discovery:discover_packages(ignore) using defaults
[0.762s] Level 1:colcon.colcon_core.package_discovery:discover_packages(path) discover
[0.762s] Level 1:colcon.colcon_core.package_discovery:discover_packages(path) using defaults
[0.827s] Level 1:colcon.colcon_core.package_discovery:discover_packages(prefix_path) check parameters
[0.827s] Level 1:colcon.colcon_core.package_discovery:discover_packages(prefix_path) discover
[0.849s] DEBUG:colcon.colcon_installed_package_information.package_discovery:Found 387 installed packages in /opt/ros/humble
[0.858s] Level 1:colcon.colcon_core.package_discovery:discover_packages(prefix_path) using defaults
[0.931s] Level 5:colcon.colcon_core.verb:set package 'tb3_op' build argument 'cmake_args' from command line to 'None'
[0.931s] Level 5:colcon.colcon_core.verb:set package 'tb3_op' build argument 'cmake_target' from command line to 'None'
[0.931s] Level 5:colcon.colcon_core.verb:set package 'tb3_op' build argument 'cmake_target_skip_unavailable' from command line to 'False'
[0.931s] Level 5:colcon.colcon_core.verb:set package 'tb3_op' build argument 'cmake_clean_cache' from command line to 'False'
[0.931s] Level 5:colcon.colcon_core.verb:set package 'tb3_op' build argument 'cmake_clean_first' from command line to 'False'
[0.931s] Level 5:colcon.colcon_core.verb:set package 'tb3_op' build argument 'cmake_force_configure' from command line to 'False'
[0.931s] Level 5:colcon.colcon_core.verb:set package 'tb3_op' build argument 'ament_cmake_args' from command line to 'None'
[0.931s] Level 5:colcon.colcon_core.verb:set package 'tb3_op' build argument 'catkin_cmake_args' from command line to 'None'
[0.931s] Level 5:colcon.colcon_core.verb:set package 'tb3_op' build argument 'catkin_skip_building_tests' from command line to 'False'
[0.931s] DEBUG:colcon.colcon_core.verb:Building package 'tb3_op' with the following arguments: {'ament_cmake_args': None, 'build_base': '/home/meip-users/tb3_op/src/tb3_op/build/tb3_op', 'catkin_cmake_args': None, 'catkin_skip_building_tests': False, 'cmake_args': None, 'cmake_clean_cache': False, 'cmake_clean_first': False, 'cmake_force_configure': False, 'cmake_target': None, 'cmake_target_skip_unavailable': False, 'install_base': '/home/meip-users/tb3_op/src/tb3_op/install/tb3_op', 'merge_install': False, 'path': '/home/meip-users/tb3_op/src/tb3_op', 'symlink_install': False, 'test_result_base': None}
[0.941s] INFO:colcon.colcon_core.executor:Executing jobs using 'parallel' executor
[0.952s] DEBUG:colcon.colcon_parallel_executor.executor.parallel:run_until_complete
[0.952s] INFO:colcon.colcon_ros.task.ament_cmake.build:Building ROS package in '/home/meip-users/tb3_op/src/tb3_op' with build type 'ament_cmake'
[0.952s] INFO:colcon.colcon_cmake.task.cmake.build:Building CMake package in '/home/meip-users/tb3_op/src/tb3_op'
[0.964s] INFO:colcon.colcon_core.plugin_system:Skipping extension 'colcon_core.shell.bat': Not used on non-Windows systems
[0.964s] INFO:colcon.colcon_core.shell:Skip shell extension 'powershell' for command environment: Not usable outside of PowerShell
[0.964s] DEBUG:colcon.colcon_core.shell:Skip shell extension 'dsv' for command environment
[0.990s] DEBUG:colcon.colcon_core.event_handler.log_command:Invoking command in '/home/meip-users/tb3_op/src/tb3_op/build/tb3_op': CMAKE_PREFIX_PATH=/opt/ros/humble /usr/bin/cmake /home/meip-users/tb3_op/src/tb3_op -DCMAKE_INSTALL_PREFIX=/home/meip-users/tb3_op/src/tb3_op/install/tb3_op
[2.100s] DEBUG:colcon.colcon_core.event_handler.log_command:Invoked command in '/home/meip-users/tb3_op/src/tb3_op/build/tb3_op' returned '0': CMAKE_PREFIX_PATH=/opt/ros/humble /usr/bin/cmake /home/meip-users/tb3_op/src/tb3_op -DCMAKE_INSTALL_PREFIX=/home/meip-users/tb3_op/src/tb3_op/install/tb3_op
[2.101s] DEBUG:colcon.colcon_core.event_handler.log_command:Invoking command in '/home/meip-users/tb3_op/src/tb3_op/build/tb3_op': CMAKE_PREFIX_PATH=/opt/ros/humble /usr/bin/cmake --build /home/meip-users/tb3_op/src/tb3_op/build/tb3_op -- -j8 -l8
[9.733s] DEBUG:colcon.colcon_core.event_handler.log_command:Invoked command in '/home/meip-users/tb3_op/src/tb3_op/build/tb3_op' returned '0': CMAKE_PREFIX_PATH=/opt/ros/humble /usr/bin/cmake --build /home/meip-users/tb3_op/src/tb3_op/build/tb3_op -- -j8 -l8
[9.757s] DEBUG:colcon.colcon_core.event_handler.log_command:Invoking command in '/home/meip-users/tb3_op/src/tb3_op/build/tb3_op': CMAKE_PREFIX_PATH=/opt/ros/humble /usr/bin/cmake --install /home/meip-users/tb3_op/src/tb3_op/build/tb3_op
[9.771s] Level 1:colcon.colcon_core.environment:create_environment_scripts_only(tb3_op)
[9.771s] DEBUG:colcon.colcon_core.event_handler.log_command:Invoked command in '/home/meip-users/tb3_op/src/tb3_op/build/tb3_op' returned '0': CMAKE_PREFIX_PATH=/opt/ros/humble /usr/bin/cmake --install /home/meip-users/tb3_op/src/tb3_op/build/tb3_op
[9.786s] Level 1:colcon.colcon_core.environment:checking '/home/meip-users/tb3_op/src/tb3_op/install/tb3_op' for CMake module files
[9.786s] Level 1:colcon.colcon_core.environment:checking '/home/meip-users/tb3_op/src/tb3_op/install/tb3_op' for CMake config files
[9.786s] Level 1:colcon.colcon_core.shell:create_environment_hook('tb3_op', 'cmake_prefix_path')
[9.796s] INFO:colcon.colcon_core.shell:Creating environment hook '/home/meip-users/tb3_op/src/tb3_op/install/tb3_op/share/tb3_op/hook/cmake_prefix_path.ps1'
[9.797s] INFO:colcon.colcon_core.shell:Creating environment descriptor '/home/meip-users/tb3_op/src/tb3_op/install/tb3_op/share/tb3_op/hook/cmake_prefix_path.dsv'
[9.797s] INFO:colcon.colcon_core.shell:Creating environment hook '/home/meip-users/tb3_op/src/tb3_op/install/tb3_op/share/tb3_op/hook/cmake_prefix_path.sh'
[9.798s] Level 1:colcon.colcon_core.environment:checking '/home/meip-users/tb3_op/src/tb3_op/install/tb3_op/lib'
[9.798s] Level 1:colcon.colcon_core.environment:checking '/home/meip-users/tb3_op/src/tb3_op/install/tb3_op/bin'
[9.798s] Level 1:colcon.colcon_core.environment:checking '/home/meip-users/tb3_op/src/tb3_op/install/tb3_op/lib/pkgconfig/tb3_op.pc'
[9.798s] Level 1:colcon.colcon_core.environment:checking '/home/meip-users/tb3_op/src/tb3_op/install/tb3_op/lib/python3.10/site-packages'
[9.798s] Level 1:colcon.colcon_core.environment:checking '/home/meip-users/tb3_op/src/tb3_op/install/tb3_op/bin'
[9.808s] INFO:colcon.colcon_core.shell:Creating package script '/home/meip-users/tb3_op/src/tb3_op/install/tb3_op/share/tb3_op/package.ps1'
[9.809s] INFO:colcon.colcon_core.shell:Creating package descriptor '/home/meip-users/tb3_op/src/tb3_op/install/tb3_op/share/tb3_op/package.dsv'
[9.809s] INFO:colcon.colcon_core.shell:Creating package script '/home/meip-users/tb3_op/src/tb3_op/install/tb3_op/share/tb3_op/package.sh'
[9.810s] INFO:colcon.colcon_core.shell:Creating package script '/home/meip-users/tb3_op/src/tb3_op/install/tb3_op/share/tb3_op/package.bash'
[9.810s] INFO:colcon.colcon_core.shell:Creating package script '/home/meip-users/tb3_op/src/tb3_op/install/tb3_op/share/tb3_op/package.zsh'
[9.811s] Level 1:colcon.colcon_core.environment:create_file_with_runtime_dependencies(/home/meip-users/tb3_op/src/tb3_op/install/tb3_op/share/colcon-core/packages/tb3_op)
[9.837s] Level 1:colcon.colcon_core.environment:create_environment_scripts_only(tb3_op)
[9.847s] Level 1:colcon.colcon_core.environment:checking '/home/meip-users/tb3_op/src/tb3_op/install/tb3_op' for CMake module files
[9.847s] Level 1:colcon.colcon_core.environment:checking '/home/meip-users/tb3_op/src/tb3_op/install/tb3_op' for CMake config files
[9.848s] Level 1:colcon.colcon_core.shell:create_environment_hook('tb3_op', 'cmake_prefix_path')
[9.857s] INFO:colcon.colcon_core.shell:Creating environment hook '/home/meip-users/tb3_op/src/tb3_op/install/tb3_op/share/tb3_op/hook/cmake_prefix_path.ps1'
[9.858s] INFO:colcon.colcon_core.shell:Creating environment descriptor '/home/meip-users/tb3_op/src/tb3_op/install/tb3_op/share/tb3_op/hook/cmake_prefix_path.dsv'
[9.858s] INFO:colcon.colcon_core.shell:Creating environment hook '/home/meip-users/tb3_op/src/tb3_op/install/tb3_op/share/tb3_op/hook/cmake_prefix_path.sh'
[9.858s] Level 1:colcon.colcon_core.environment:checking '/home/meip-users/tb3_op/src/tb3_op/install/tb3_op/lib'
[9.858s] Level 1:colcon.colcon_core.environment:checking '/home/meip-users/tb3_op/src/tb3_op/install/tb3_op/bin'
[9.858s] Level 1:colcon.colcon_core.environment:checking '/home/meip-users/tb3_op/src/tb3_op/install/tb3_op/lib/pkgconfig/tb3_op.pc'
[9.858s] Level 1:colcon.colcon_core.environment:checking '/home/meip-users/tb3_op/src/tb3_op/install/tb3_op/lib/python3.10/site-packages'
[9.859s] Level 1:colcon.colcon_core.environment:checking '/home/meip-users/tb3_op/src/tb3_op/install/tb3_op/bin'
[9.869s] INFO:colcon.colcon_core.shell:Creating package script '/home/meip-users/tb3_op/src/tb3_op/install/tb3_op/share/tb3_op/package.ps1'
[9.869s] INFO:colcon.colcon_core.shell:Creating package descriptor '/home/meip-users/tb3_op/src/tb3_op/install/tb3_op/share/tb3_op/package.dsv'
[9.869s] INFO:colcon.colcon_core.shell:Creating package script '/home/meip-users/tb3_op/src/tb3_op/install/tb3_op/share/tb3_op/package.sh'
[9.869s] INFO:colcon.colcon_core.shell:Creating package script '/home/meip-users/tb3_op/src/tb3_op/install/tb3_op/share/tb3_op/package.bash'
[9.870s] INFO:colcon.colcon_core.shell:Creating package script '/home/meip-users/tb3_op/src/tb3_op/install/tb3_op/share/tb3_op/package.zsh'
[9.870s] Level 1:colcon.colcon_core.environment:create_file_with_runtime_dependencies(/home/meip-users/tb3_op/src/tb3_op/install/tb3_op/share/colcon-core/packages/tb3_op)
[9.870s] DEBUG:colcon.colcon_parallel_executor.executor.parallel:closing loop
[9.870s] DEBUG:colcon.colcon_parallel_executor.executor.parallel:loop closed
[9.870s] DEBUG:colcon.colcon_parallel_executor.executor.parallel:run_until_complete finished with '0'
[9.870s] DEBUG:colcon.colcon_core.event_reactor:joining thread
[9.887s] INFO:colcon.colcon_core.plugin_system:Skipping extension 'colcon_notification.desktop_notification.terminal_notifier': Not used on non-Darwin systems
[9.887s] INFO:colcon.colcon_core.plugin_system:Skipping extension 'colcon_notification.desktop_notification.win32': Not used on non-Windows systems
[9.887s] INFO:colcon.colcon_notification.desktop_notification:Sending desktop notification using 'notify2'
[9.895s] DEBUG:colcon.colcon_core.event_reactor:joined thread
[9.907s] INFO:colcon.colcon_core.shell:Creating prefix script '/home/meip-users/tb3_op/src/tb3_op/install/local_setup.ps1'
[9.907s] INFO:colcon.colcon_core.shell:Creating prefix util module '/home/meip-users/tb3_op/src/tb3_op/install/_local_setup_util_ps1.py'
[9.908s] INFO:colcon.colcon_core.shell:Creating prefix chain script '/home/meip-users/tb3_op/src/tb3_op/install/setup.ps1'
[9.919s] INFO:colcon.colcon_core.shell:Creating prefix script '/home/meip-users/tb3_op/src/tb3_op/install/local_setup.sh'
[9.919s] INFO:colcon.colcon_core.shell:Creating prefix util module '/home/meip-users/tb3_op/src/tb3_op/install/_local_setup_util_sh.py'
[9.920s] INFO:colcon.colcon_core.shell:Creating prefix chain script '/home/meip-users/tb3_op/src/tb3_op/install/setup.sh'
[9.930s] INFO:colcon.colcon_core.shell:Creating prefix script '/home/meip-users/tb3_op/src/tb3_op/install/local_setup.bash'
[9.931s] INFO:colcon.colcon_core.shell:Creating prefix chain script '/home/meip-users/tb3_op/src/tb3_op/install/setup.bash'
[9.941s] INFO:colcon.colcon_core.shell:Creating prefix script '/home/meip-users/tb3_op/src/tb3_op/install/local_setup.zsh'
[9.942s] INFO:colcon.colcon_core.shell:Creating prefix chain script '/home/meip-users/tb3_op/src/tb3_op/install/setup.zsh'
