[0.267s] Invoking command in '/home/meip-users/tb3_op/build/tb3_op': CMAKE_PREFIX_PATH=/opt/ros/humble /usr/bin/cmake --build /home/meip-users/tb3_op/build/tb3_op -- -j8 -l8
[0.306s] [100%] Built target tb3_op_node
[0.315s] Invoked command in '/home/meip-users/tb3_op/build/tb3_op' returned '0': CMAKE_PREFIX_PATH=/opt/ros/humble /usr/bin/cmake --build /home/meip-users/tb3_op/build/tb3_op -- -j8 -l8
[0.338s] Invoking command in '/home/meip-users/tb3_op/build/tb3_op': CMAKE_PREFIX_PATH=/opt/ros/humble /usr/bin/cmake --install /home/meip-users/tb3_op/build/tb3_op
[0.343s] -- Install configuration: ""
[0.343s] -- Execute custom install script
[0.344s] -- Up-to-date symlink: /home/meip-users/tb3_op/install/tb3_op/lib/tb3_op/tb3_op_node
[0.344s] -- Up-to-date symlink: /home/meip-users/tb3_op/install/tb3_op/share/ament_index/resource_index/package_run_dependencies/tb3_op
[0.344s] -- Up-to-date symlink: /home/meip-users/tb3_op/install/tb3_op/share/ament_index/resource_index/parent_prefix_path/tb3_op
[0.344s] -- Up-to-date symlink: /home/meip-users/tb3_op/install/tb3_op/share/tb3_op/environment/ament_prefix_path.sh
[0.345s] -- Up-to-date symlink: /home/meip-users/tb3_op/install/tb3_op/share/tb3_op/environment/ament_prefix_path.dsv
[0.345s] -- Up-to-date symlink: /home/meip-users/tb3_op/install/tb3_op/share/tb3_op/environment/path.sh
[0.345s] -- Up-to-date symlink: /home/meip-users/tb3_op/install/tb3_op/share/tb3_op/environment/path.dsv
[0.345s] -- Up-to-date symlink: /home/meip-users/tb3_op/install/tb3_op/share/tb3_op/local_setup.bash
[0.345s] -- Up-to-date symlink: /home/meip-users/tb3_op/install/tb3_op/share/tb3_op/local_setup.sh
[0.345s] -- Up-to-date symlink: /home/meip-users/tb3_op/install/tb3_op/share/tb3_op/local_setup.zsh
[0.345s] -- Up-to-date symlink: /home/meip-users/tb3_op/install/tb3_op/share/tb3_op/local_setup.dsv
[0.345s] -- Symlinking: /home/meip-users/tb3_op/install/tb3_op/share/tb3_op/package.dsv
[0.352s] -- Up-to-date symlink: /home/meip-users/tb3_op/install/tb3_op/share/ament_index/resource_index/packages/tb3_op
[0.352s] -- Up-to-date symlink: /home/meip-users/tb3_op/install/tb3_op/share/tb3_op/cmake/tb3_opConfig.cmake
[0.352s] -- Up-to-date symlink: /home/meip-users/tb3_op/install/tb3_op/share/tb3_op/cmake/tb3_opConfig-version.cmake
[0.352s] -- Up-to-date symlink: /home/meip-users/tb3_op/install/tb3_op/share/tb3_op/package.xml
[0.354s] Invoked command in '/home/meip-users/tb3_op/build/tb3_op' returned '0': CMAKE_PREFIX_PATH=/opt/ros/humble /usr/bin/cmake --install /home/meip-users/tb3_op/build/tb3_op
