[0.082s] Invoking command in '/home/meip-users/tb3_op/build/tb3_sq': CMAKE_PREFIX_PATH=/opt/ros/humble /usr/bin/cmake --build /home/meip-users/tb3_op/build/tb3_sq -- -j8 -l8
[0.162s] [100%] Built target tb3_sq_node
[0.179s] Invoked command in '/home/meip-users/tb3_op/build/tb3_sq' returned '0': CMAKE_PREFIX_PATH=/opt/ros/humble /usr/bin/cmake --build /home/meip-users/tb3_op/build/tb3_sq -- -j8 -l8
[0.231s] Invoking command in '/home/meip-users/tb3_op/build/tb3_sq': CMAKE_PREFIX_PATH=/opt/ros/humble /usr/bin/cmake --install /home/meip-users/tb3_op/build/tb3_sq
[0.242s] -- Install configuration: ""
[0.243s] -- Up-to-date: /home/meip-users/tb3_op/install/tb3_sq/lib/tb3_sq/tb3_sq_node
[0.243s] -- Up-to-date: /home/meip-users/tb3_op/install/tb3_sq/share/ament_index/resource_index/package_run_dependencies/tb3_sq
[0.243s] -- Up-to-date: /home/meip-users/tb3_op/install/tb3_sq/share/ament_index/resource_index/parent_prefix_path/tb3_sq
[0.243s] -- Up-to-date: /home/meip-users/tb3_op/install/tb3_sq/share/tb3_sq/environment/ament_prefix_path.sh
[0.244s] -- Up-to-date: /home/meip-users/tb3_op/install/tb3_sq/share/tb3_sq/environment/ament_prefix_path.dsv
[0.244s] -- Up-to-date: /home/meip-users/tb3_op/install/tb3_sq/share/tb3_sq/environment/path.sh
[0.244s] -- Up-to-date: /home/meip-users/tb3_op/install/tb3_sq/share/tb3_sq/environment/path.dsv
[0.244s] -- Up-to-date: /home/meip-users/tb3_op/install/tb3_sq/share/tb3_sq/local_setup.bash
[0.244s] -- Up-to-date: /home/meip-users/tb3_op/install/tb3_sq/share/tb3_sq/local_setup.sh
[0.244s] -- Up-to-date: /home/meip-users/tb3_op/install/tb3_sq/share/tb3_sq/local_setup.zsh
[0.244s] -- Up-to-date: /home/meip-users/tb3_op/install/tb3_sq/share/tb3_sq/local_setup.dsv
[0.244s] -- Installing: /home/meip-users/tb3_op/install/tb3_sq/share/tb3_sq/package.dsv
[0.244s] -- Up-to-date: /home/meip-users/tb3_op/install/tb3_sq/share/ament_index/resource_index/packages/tb3_sq
[0.244s] -- Up-to-date: /home/meip-users/tb3_op/install/tb3_sq/share/tb3_sq/cmake/tb3_sqConfig.cmake
[0.245s] -- Up-to-date: /home/meip-users/tb3_op/install/tb3_sq/share/tb3_sq/cmake/tb3_sqConfig-version.cmake
[0.245s] -- Up-to-date: /home/meip-users/tb3_op/install/tb3_sq/share/tb3_sq/package.xml
[0.247s] Invoked command in '/home/meip-users/tb3_op/build/tb3_sq' returned '0': CMAKE_PREFIX_PATH=/opt/ros/humble /usr/bin/cmake --install /home/meip-users/tb3_op/build/tb3_sq
