[0.586s] Invoking command in '/home/meip-users/tb3_op/src/tb3_learning_py': PYTHONPATH=/home/meip-users/tb3_op/src/build/tb3_learning_py/prefix_override:/home/meip-users/tb3_op/src/install/tb3_learning_py/lib/python3.10/site-packages:${PYTHONPATH} /usr/bin/python3 setup.py egg_info --egg-base ../build/tb3_learning_py build --build-base /home/meip-users/tb3_op/src/build/tb3_learning_py/build install --record /home/meip-users/tb3_op/src/build/tb3_learning_py/install.log --single-version-externally-managed
[0.767s] running egg_info
[0.767s] creating ../build/tb3_learning_py/tb3_learning_py.egg-info
[0.767s] writing ../build/tb3_learning_py/tb3_learning_py.egg-info/PKG-INFO
[0.767s] writing dependency_links to ../build/tb3_learning_py/tb3_learning_py.egg-info/dependency_links.txt
[0.768s] writing entry points to ../build/tb3_learning_py/tb3_learning_py.egg-info/entry_points.txt
[0.768s] writing requirements to ../build/tb3_learning_py/tb3_learning_py.egg-info/requires.txt
[0.768s] writing top-level names to ../build/tb3_learning_py/tb3_learning_py.egg-info/top_level.txt
[0.768s] writing manifest file '../build/tb3_learning_py/tb3_learning_py.egg-info/SOURCES.txt'
[0.769s] reading manifest file '../build/tb3_learning_py/tb3_learning_py.egg-info/SOURCES.txt'
[0.769s] writing manifest file '../build/tb3_learning_py/tb3_learning_py.egg-info/SOURCES.txt'
[0.770s] running build
[0.770s] running build_py
[0.770s] creating /home/meip-users/tb3_op/src/build/tb3_learning_py/build
[0.770s] creating /home/meip-users/tb3_op/src/build/tb3_learning_py/build/lib
[0.770s] creating /home/meip-users/tb3_op/src/build/tb3_learning_py/build/lib/tb3_learning_py
[0.770s] copying tb3_learning_py/fn_framework.py -> /home/meip-users/tb3_op/src/build/tb3_learning_py/build/lib/tb3_learning_py
[0.770s] copying tb3_learning_py/tb3_learning_py.py -> /home/meip-users/tb3_op/src/build/tb3_learning_py/build/lib/tb3_learning_py
[0.770s] copying tb3_learning_py/dqnagent.py -> /home/meip-users/tb3_op/src/build/tb3_learning_py/build/lib/tb3_learning_py
[0.770s] copying tb3_learning_py/__init__.py -> /home/meip-users/tb3_op/src/build/tb3_learning_py/build/lib/tb3_learning_py
[0.770s] running install
[0.770s] running install_lib
[0.771s] creating /home/meip-users/tb3_op/src/install/tb3_learning_py/lib/python3.10/site-packages/tb3_learning_py
[0.771s] copying /home/meip-users/tb3_op/src/build/tb3_learning_py/build/lib/tb3_learning_py/fn_framework.py -> /home/meip-users/tb3_op/src/install/tb3_learning_py/lib/python3.10/site-packages/tb3_learning_py
[0.771s] copying /home/meip-users/tb3_op/src/build/tb3_learning_py/build/lib/tb3_learning_py/tb3_learning_py.py -> /home/meip-users/tb3_op/src/install/tb3_learning_py/lib/python3.10/site-packages/tb3_learning_py
[0.771s] copying /home/meip-users/tb3_op/src/build/tb3_learning_py/build/lib/tb3_learning_py/dqnagent.py -> /home/meip-users/tb3_op/src/install/tb3_learning_py/lib/python3.10/site-packages/tb3_learning_py
[0.771s] copying /home/meip-users/tb3_op/src/build/tb3_learning_py/build/lib/tb3_learning_py/__init__.py -> /home/meip-users/tb3_op/src/install/tb3_learning_py/lib/python3.10/site-packages/tb3_learning_py
[0.771s] byte-compiling /home/meip-users/tb3_op/src/install/tb3_learning_py/lib/python3.10/site-packages/tb3_learning_py/fn_framework.py to fn_framework.cpython-310.pyc
[0.772s] byte-compiling /home/meip-users/tb3_op/src/install/tb3_learning_py/lib/python3.10/site-packages/tb3_learning_py/tb3_learning_py.py to tb3_learning_py.cpython-310.pyc
[0.774s] byte-compiling /home/meip-users/tb3_op/src/install/tb3_learning_py/lib/python3.10/site-packages/tb3_learning_py/dqnagent.py to dqnagent.cpython-310.pyc
[0.775s] byte-compiling /home/meip-users/tb3_op/src/install/tb3_learning_py/lib/python3.10/site-packages/tb3_learning_py/__init__.py to __init__.cpython-310.pyc
[0.775s] running install_data
[0.775s] creating /home/meip-users/tb3_op/src/install/tb3_learning_py/share/ament_index
[0.775s] creating /home/meip-users/tb3_op/src/install/tb3_learning_py/share/ament_index/resource_index
[0.775s] creating /home/meip-users/tb3_op/src/install/tb3_learning_py/share/ament_index/resource_index/packages
[0.775s] copying resource/tb3_learning_py -> /home/meip-users/tb3_op/src/install/tb3_learning_py/share/ament_index/resource_index/packages
[0.776s] copying package.xml -> /home/meip-users/tb3_op/src/install/tb3_learning_py/share/tb3_learning_py
[0.776s] running install_egg_info
[0.777s] Copying ../build/tb3_learning_py/tb3_learning_py.egg-info to /home/meip-users/tb3_op/src/install/tb3_learning_py/lib/python3.10/site-packages/tb3_learning_py-0.0.0-py3.10.egg-info
[0.777s] running install_scripts
[0.792s] Installing tb3_learning_py script to /home/meip-users/tb3_op/src/install/tb3_learning_py/lib/tb3_learning_py
[0.792s] writing list of installed files to '/home/meip-users/tb3_op/src/build/tb3_learning_py/install.log'
[0.812s] Invoked command in '/home/meip-users/tb3_op/src/tb3_learning_py' returned '0': PYTHONPATH=/home/meip-users/tb3_op/src/build/tb3_learning_py/prefix_override:/home/meip-users/tb3_op/src/install/tb3_learning_py/lib/python3.10/site-packages:${PYTHONPATH} /usr/bin/python3 setup.py egg_info --egg-base ../build/tb3_learning_py build --build-base /home/meip-users/tb3_op/src/build/tb3_learning_py/build install --record /home/meip-users/tb3_op/src/build/tb3_learning_py/install.log --single-version-externally-managed
