running egg_info
writing ../../build/tb3_learning_py/tb3_learning_py.egg-info/PKG-INFO
writing dependency_links to ../../build/tb3_learning_py/tb3_learning_py.egg-info/dependency_links.txt
writing entry points to ../../build/tb3_learning_py/tb3_learning_py.egg-info/entry_points.txt
writing requirements to ../../build/tb3_learning_py/tb3_learning_py.egg-info/requires.txt
writing top-level names to ../../build/tb3_learning_py/tb3_learning_py.egg-info/top_level.txt
reading manifest file '../../build/tb3_learning_py/tb3_learning_py.egg-info/SOURCES.txt'
writing manifest file '../../build/tb3_learning_py/tb3_learning_py.egg-info/SOURCES.txt'
running build
running build_py
copying tb3_learning_py/dqnagent.py -> /home/meip-users/tb3_op/build/tb3_learning_py/build/lib/tb3_learning_py
running install
running install_lib
copying /home/meip-users/tb3_op/build/tb3_learning_py/build/lib/tb3_learning_py/dqnagent.py -> /home/meip-users/tb3_op/install/tb3_learning_py/lib/python3.10/site-packages/tb3_learning_py
byte-compiling /home/meip-users/tb3_op/install/tb3_learning_py/lib/python3.10/site-packages/tb3_learning_py/dqnagent.py to dqnagent.cpython-310.pyc
running install_data
running install_egg_info
removing '/home/meip-users/tb3_op/install/tb3_learning_py/lib/python3.10/site-packages/tb3_learning_py-0.0.0-py3.10.egg-info' (and everything under it)
Copying ../../build/tb3_learning_py/tb3_learning_py.egg-info to /home/meip-users/tb3_op/install/tb3_learning_py/lib/python3.10/site-packages/tb3_learning_py-0.0.0-py3.10.egg-info
running install_scripts
Installing tb3_learning_py script to /home/meip-users/tb3_op/install/tb3_learning_py/lib/tb3_learning_py
writing list of installed files to '/home/meip-users/tb3_op/build/tb3_learning_py/install.log'
