running develop
/usr/lib/python3/dist-packages/setuptools/command/easy_install.py:158: EasyInstallDeprecationWarning: easy_install command is deprecated. Use build and pip and other standards-based tools.
  warnings.warn(
/usr/lib/python3/dist-packages/setuptools/command/install.py:34: SetuptoolsDeprecationWarning: setup.py install is deprecated. Use build and pip and other standards-based tools.
  warnings.warn(
Removing /home/meip-users/tb3_op/install/tb3_learning_py/lib/python3.10/site-packages/tb3-learning-py.egg-link (link to .)
running egg_info
writing ../../build/tb3_learning_py/tb3_learning_py.egg-info/PKG-INFO
writing dependency_links to ../../build/tb3_learning_py/tb3_learning_py.egg-info/dependency_links.txt
writing entry points to ../../build/tb3_learning_py/tb3_learning_py.egg-info/entry_points.txt
writing requirements to ../../build/tb3_learning_py/tb3_learning_py.egg-info/requires.txt
writing top-level names to ../../build/tb3_learning_py/tb3_learning_py.egg-info/top_level.txt
reading manifest file '../../build/tb3_learning_py/tb3_learning_py.egg-info/SOURCES.txt'
writing manifest file '../../build/tb3_learning_py/tb3_learning_py.egg-info/SOURCES.txt'
running build
running build_py
creating /home/meip-users/tb3_op/build/tb3_learning_py/build
creating /home/meip-users/tb3_op/build/tb3_learning_py/build/lib
creating /home/meip-users/tb3_op/build/tb3_learning_py/build/lib/tb3_learning_py
copying tb3_learning_py/fn_framework.py -> /home/meip-users/tb3_op/build/tb3_learning_py/build/lib/tb3_learning_py
copying tb3_learning_py/tb3_learning_py.py -> /home/meip-users/tb3_op/build/tb3_learning_py/build/lib/tb3_learning_py
copying tb3_learning_py/dqnagent.py -> /home/meip-users/tb3_op/build/tb3_learning_py/build/lib/tb3_learning_py
copying tb3_learning_py/__init__.py -> /home/meip-users/tb3_op/build/tb3_learning_py/build/lib/tb3_learning_py
running install
/usr/lib/python3/dist-packages/setuptools/command/install.py:34: SetuptoolsDeprecationWarning: setup.py install is deprecated. Use build and pip and other standards-based tools.
  warnings.warn(
running install_lib
creating /home/meip-users/tb3_op/install/tb3_learning_py/lib/python3.10/site-packages/tb3_learning_py
copying /home/meip-users/tb3_op/build/tb3_learning_py/build/lib/tb3_learning_py/fn_framework.py -> /home/meip-users/tb3_op/install/tb3_learning_py/lib/python3.10/site-packages/tb3_learning_py
copying /home/meip-users/tb3_op/build/tb3_learning_py/build/lib/tb3_learning_py/tb3_learning_py.py -> /home/meip-users/tb3_op/install/tb3_learning_py/lib/python3.10/site-packages/tb3_learning_py
copying /home/meip-users/tb3_op/build/tb3_learning_py/build/lib/tb3_learning_py/dqnagent.py -> /home/meip-users/tb3_op/install/tb3_learning_py/lib/python3.10/site-packages/tb3_learning_py
copying /home/meip-users/tb3_op/build/tb3_learning_py/build/lib/tb3_learning_py/__init__.py -> /home/meip-users/tb3_op/install/tb3_learning_py/lib/python3.10/site-packages/tb3_learning_py
byte-compiling /home/meip-users/tb3_op/install/tb3_learning_py/lib/python3.10/site-packages/tb3_learning_py/fn_framework.py to fn_framework.cpython-310.pyc
byte-compiling /home/meip-users/tb3_op/install/tb3_learning_py/lib/python3.10/site-packages/tb3_learning_py/tb3_learning_py.py to tb3_learning_py.cpython-310.pyc
byte-compiling /home/meip-users/tb3_op/install/tb3_learning_py/lib/python3.10/site-packages/tb3_learning_py/dqnagent.py to dqnagent.cpython-310.pyc
byte-compiling /home/meip-users/tb3_op/install/tb3_learning_py/lib/python3.10/site-packages/tb3_learning_py/__init__.py to __init__.cpython-310.pyc
running install_data
running install_egg_info
Copying ../../build/tb3_learning_py/tb3_learning_py.egg-info to /home/meip-users/tb3_op/install/tb3_learning_py/lib/python3.10/site-packages/tb3_learning_py-0.0.0-py3.10.egg-info
running install_scripts
Installing tb3_learning_py script to /home/meip-users/tb3_op/install/tb3_learning_py/lib/tb3_learning_py
writing list of installed files to '/home/meip-users/tb3_op/build/tb3_learning_py/install.log'
