running egg_info
creating ../../build/tb3_learning_py/tb3_learning_py.egg-info
writing ../../build/tb3_learning_py/tb3_learning_py.egg-info/PKG-INFO
writing dependency_links to ../../build/tb3_learning_py/tb3_learning_py.egg-info/dependency_links.txt
writing entry points to ../../build/tb3_learning_py/tb3_learning_py.egg-info/entry_points.txt
writing requirements to ../../build/tb3_learning_py/tb3_learning_py.egg-info/requires.txt
writing top-level names to ../../build/tb3_learning_py/tb3_learning_py.egg-info/top_level.txt
writing manifest file '../../build/tb3_learning_py/tb3_learning_py.egg-info/SOURCES.txt'
reading manifest file '../../build/tb3_learning_py/tb3_learning_py.egg-info/SOURCES.txt'
writing manifest file '../../build/tb3_learning_py/tb3_learning_py.egg-info/SOURCES.txt'
running build
running build_py
creating /home/meip-users/tb3_op/build/tb3_learning_py/build
creating /home/meip-users/tb3_op/build/tb3_learning_py/build/lib
creating /home/meip-users/tb3_op/build/tb3_learning_py/build/lib/tb3_learning_py
copying tb3_learning_py/tb3_learning_py.py -> /home/meip-users/tb3_op/build/tb3_learning_py/build/lib/tb3_learning_py
copying tb3_learning_py/__init__.py -> /home/meip-users/tb3_op/build/tb3_learning_py/build/lib/tb3_learning_py
running install
running install_lib
creating /home/meip-users/tb3_op/install/tb3_learning_py/lib/python3.10/site-packages/tb3_learning_py
copying /home/meip-users/tb3_op/build/tb3_learning_py/build/lib/tb3_learning_py/tb3_learning_py.py -> /home/meip-users/tb3_op/install/tb3_learning_py/lib/python3.10/site-packages/tb3_learning_py
copying /home/meip-users/tb3_op/build/tb3_learning_py/build/lib/tb3_learning_py/__init__.py -> /home/meip-users/tb3_op/install/tb3_learning_py/lib/python3.10/site-packages/tb3_learning_py
byte-compiling /home/meip-users/tb3_op/install/tb3_learning_py/lib/python3.10/site-packages/tb3_learning_py/tb3_learning_py.py to tb3_learning_py.cpython-310.pyc
byte-compiling /home/meip-users/tb3_op/install/tb3_learning_py/lib/python3.10/site-packages/tb3_learning_py/__init__.py to __init__.cpython-310.pyc
running install_data
creating /home/meip-users/tb3_op/install/tb3_learning_py/share/ament_index
creating /home/meip-users/tb3_op/install/tb3_learning_py/share/ament_index/resource_index
creating /home/meip-users/tb3_op/install/tb3_learning_py/share/ament_index/resource_index/packages
copying resource/tb3_learning_py -> /home/meip-users/tb3_op/install/tb3_learning_py/share/ament_index/resource_index/packages
copying package.xml -> /home/meip-users/tb3_op/install/tb3_learning_py/share/tb3_learning_py
running install_egg_info
Copying ../../build/tb3_learning_py/tb3_learning_py.egg-info to /home/meip-users/tb3_op/install/tb3_learning_py/lib/python3.10/site-packages/tb3_learning_py-0.0.0-py3.10.egg-info
running install_scripts
Installing tb3_learning_py script to /home/meip-users/tb3_op/install/tb3_learning_py/lib/tb3_learning_py
writing list of installed files to '/home/meip-users/tb3_op/build/tb3_learning_py/install.log'
