running develop
/usr/lib/python3/dist-packages/setuptools/command/easy_install.py:158: EasyInstallDeprecationWarning: easy_install command is deprecated. Use build and pip and other standards-based tools.
  warnings.warn(
/usr/lib/python3/dist-packages/setuptools/command/install.py:34: SetuptoolsDeprecationWarning: setup.py install is deprecated. Use build and pip and other standards-based tools.
  warnings.warn(
running egg_info
creating tb3_learning_py.egg-info
writing tb3_learning_py.egg-info/PKG-INFO
writing dependency_links to tb3_learning_py.egg-info/dependency_links.txt
writing entry points to tb3_learning_py.egg-info/entry_points.txt
writing requirements to tb3_learning_py.egg-info/requires.txt
writing top-level names to tb3_learning_py.egg-info/top_level.txt
writing manifest file 'tb3_learning_py.egg-info/SOURCES.txt'
reading manifest file 'tb3_learning_py.egg-info/SOURCES.txt'
writing manifest file 'tb3_learning_py.egg-info/SOURCES.txt'
running build_ext
Creating /home/meip-users/tb3_op/install/tb3_learning_py/lib/python3.10/site-packages/tb3-learning-py.egg-link (link to .)
Installing tb3_learning_py script to /home/meip-users/tb3_op/install/tb3_learning_py/lib/tb3_learning_py

Installed /home/meip-users/tb3_op/build/tb3_learning_py
running install_data
creating /home/meip-users/tb3_op/install/tb3_learning_py/share/ament_index
creating /home/meip-users/tb3_op/install/tb3_learning_py/share/ament_index/resource_index
creating /home/meip-users/tb3_op/install/tb3_learning_py/share/ament_index/resource_index/packages
copying resource/tb3_learning_py -> /home/meip-users/tb3_op/install/tb3_learning_py/share/ament_index/resource_index/packages
copying package.xml -> /home/meip-users/tb3_op/install/tb3_learning_py/share/tb3_learning_py
