[0.652s] Invoking command in '/home/meip-users/tb3_op/build/tb3_learning_py': PYTHONPATH=/home/meip-users/tb3_op/build/tb3_learning_py/prefix_override:/home/meip-users/tb3_op/install/tb3_learning_py/lib/python3.10/site-packages:${PYTHONPATH} /usr/bin/python3 setup.py develop --editable --build-directory /home/meip-users/tb3_op/build/tb3_learning_py/build --no-deps install_data
[0.870s] running develop
[0.870s] /usr/lib/python3/dist-packages/setuptools/command/easy_install.py:158: EasyInstallDeprecationWarning: easy_install command is deprecated. Use build and pip and other standards-based tools.
[0.870s]   warnings.warn(
[0.872s] /usr/lib/python3/dist-packages/setuptools/command/install.py:34: SetuptoolsDeprecationWarning: setup.py install is deprecated. Use build and pip and other standards-based tools.
[0.872s]   warnings.warn(
[1.009s] running egg_info
[1.009s] creating tb3_learning_py.egg-info
[1.010s] writing tb3_learning_py.egg-info/PKG-INFO
[1.010s] writing dependency_links to tb3_learning_py.egg-info/dependency_links.txt
[1.010s] writing entry points to tb3_learning_py.egg-info/entry_points.txt
[1.010s] writing requirements to tb3_learning_py.egg-info/requires.txt
[1.010s] writing top-level names to tb3_learning_py.egg-info/top_level.txt
[1.010s] writing manifest file 'tb3_learning_py.egg-info/SOURCES.txt'
[1.011s] reading manifest file 'tb3_learning_py.egg-info/SOURCES.txt'
[1.012s] writing manifest file 'tb3_learning_py.egg-info/SOURCES.txt'
[1.013s] running build_ext
[1.013s] Creating /home/meip-users/tb3_op/install/tb3_learning_py/lib/python3.10/site-packages/tb3-learning-py.egg-link (link to .)
[1.014s] Installing tb3_learning_py script to /home/meip-users/tb3_op/install/tb3_learning_py/lib/tb3_learning_py
[1.014s] 
[1.014s] Installed /home/meip-users/tb3_op/build/tb3_learning_py
[1.014s] running install_data
[1.014s] creating /home/meip-users/tb3_op/install/tb3_learning_py/share/ament_index
[1.014s] creating /home/meip-users/tb3_op/install/tb3_learning_py/share/ament_index/resource_index
[1.014s] creating /home/meip-users/tb3_op/install/tb3_learning_py/share/ament_index/resource_index/packages
[1.014s] copying resource/tb3_learning_py -> /home/meip-users/tb3_op/install/tb3_learning_py/share/ament_index/resource_index/packages
[1.014s] copying package.xml -> /home/meip-users/tb3_op/install/tb3_learning_py/share/tb3_learning_py
[1.055s] Invoked command in '/home/meip-users/tb3_op/build/tb3_learning_py' returned '0': PYTHONPATH=/home/meip-users/tb3_op/build/tb3_learning_py/prefix_override:/home/meip-users/tb3_op/install/tb3_learning_py/lib/python3.10/site-packages:${PYTHONPATH} /usr/bin/python3 setup.py develop --editable --build-directory /home/meip-users/tb3_op/build/tb3_learning_py/build --no-deps install_data
