[0.244s] Invoking command in '/home/meip-users/tb3_op/build/tb3_op': CMAKE_PREFIX_PATH=/opt/ros/humble /usr/bin/cmake /home/meip-users/tb3_op/src/tb3_op -DCMAKE_INSTALL_PREFIX=/home/meip-users/tb3_op/install/tb3_op
[0.330s] -- The C compiler identification is GNU 11.4.0
[0.390s] -- The CXX compiler identification is GNU 11.4.0
[0.397s] -- Detecting C compiler ABI info
[0.447s] -- Detecting C compiler ABI info - done
[0.452s] -- Check for working C compiler: /usr/bin/cc - skipped
[0.452s] -- Detecting C compile features
[0.453s] -- Detecting C compile features - done
[0.455s] -- Detecting CXX compiler ABI info
[0.511s] -- Detecting CXX compiler ABI info - done
[0.516s] -- Check for working CXX compiler: /usr/bin/c++ - skipped
[0.516s] -- Detecting CXX compile features
[0.517s] -- Detecting CXX compile features - done
[0.521s] -- Found ament_cmake: 1.3.5 (/opt/ros/humble/share/ament_cmake/cmake)
[0.644s] -- Found Python3: /usr/bin/python3.10 (found version "3.10.12") found components: Interpreter 
[0.713s] -- Found ament_lint_auto: 0.12.8 (/opt/ros/humble/share/ament_lint_auto/cmake)
[0.791s] -- Added test 'cppcheck' to perform static code analysis on C / C++ code
[0.792s] -- Configured cppcheck include dirs: $<BUILD_INTERFACE:/home/meip-users/tb3_op/src/tb3_op/include>
[0.792s] -- Configured cppcheck exclude dirs and/or files: 
[0.792s] -- Added test 'lint_cmake' to check CMake code style
[0.792s] -- Added test 'uncrustify' to check C / C++ code style
[0.792s] -- Configured uncrustify additional arguments: 
[0.793s] -- Added test 'xmllint' to check XML markup files
[0.794s] -- Configuring done
[0.796s] -- Generating done
[0.797s] -- Build files have been written to: /home/meip-users/tb3_op/build/tb3_op
[0.839s] Invoked command in '/home/meip-users/tb3_op/build/tb3_op' returned '0': CMAKE_PREFIX_PATH=/opt/ros/humble /usr/bin/cmake /home/meip-users/tb3_op/src/tb3_op -DCMAKE_INSTALL_PREFIX=/home/meip-users/tb3_op/install/tb3_op
[0.841s] Invoking command in '/home/meip-users/tb3_op/build/tb3_op': CMAKE_PREFIX_PATH=/opt/ros/humble /usr/bin/cmake --build /home/meip-users/tb3_op/build/tb3_op -- -j8 -l8
[0.889s] [ 50%] [32mBuilding CXX object CMakeFiles/tb3_op_node.dir/src/tb3_op_node.cpp.o[0m
[0.922s] [100%] [32m[1mLinking CXX executable tb3_op_node[0m
[0.966s] [100%] Built target tb3_op_node
[0.974s] Invoked command in '/home/meip-users/tb3_op/build/tb3_op' returned '0': CMAKE_PREFIX_PATH=/opt/ros/humble /usr/bin/cmake --build /home/meip-users/tb3_op/build/tb3_op -- -j8 -l8
[0.997s] Invoking command in '/home/meip-users/tb3_op/build/tb3_op': CMAKE_PREFIX_PATH=/opt/ros/humble /usr/bin/cmake --install /home/meip-users/tb3_op/build/tb3_op
[1.002s] -- Install configuration: ""
[1.002s] -- Installing: /home/meip-users/tb3_op/install/tb3_op/lib/tb3_op/tb3_op_node
[1.002s] -- Installing: /home/meip-users/tb3_op/install/tb3_op/share/ament_index/resource_index/package_run_dependencies/tb3_op
[1.002s] -- Installing: /home/meip-users/tb3_op/install/tb3_op/share/ament_index/resource_index/parent_prefix_path/tb3_op
[1.002s] -- Installing: /home/meip-users/tb3_op/install/tb3_op/share/tb3_op/environment/ament_prefix_path.sh
[1.002s] -- Installing: /home/meip-users/tb3_op/install/tb3_op/share/tb3_op/environment/ament_prefix_path.dsv
[1.002s] -- Installing: /home/meip-users/tb3_op/install/tb3_op/share/tb3_op/environment/path.sh
[1.002s] -- Installing: /home/meip-users/tb3_op/install/tb3_op/share/tb3_op/environment/path.dsv
[1.003s] -- Installing: /home/meip-users/tb3_op/install/tb3_op/share/tb3_op/local_setup.bash
[1.003s] -- Installing: /home/meip-users/tb3_op/install/tb3_op/share/tb3_op/local_setup.sh
[1.003s] -- Installing: /home/meip-users/tb3_op/install/tb3_op/share/tb3_op/local_setup.zsh
[1.003s] -- Installing: /home/meip-users/tb3_op/install/tb3_op/share/tb3_op/local_setup.dsv
[1.003s] -- Installing: /home/meip-users/tb3_op/install/tb3_op/share/tb3_op/package.dsv
[1.003s] -- Installing: /home/meip-users/tb3_op/install/tb3_op/share/ament_index/resource_index/packages/tb3_op
[1.003s] -- Installing: /home/meip-users/tb3_op/install/tb3_op/share/tb3_op/cmake/tb3_opConfig.cmake
[1.003s] -- Installing: /home/meip-users/tb3_op/install/tb3_op/share/tb3_op/cmake/tb3_opConfig-version.cmake
[1.003s] -- Installing: /home/meip-users/tb3_op/install/tb3_op/share/tb3_op/package.xml
[1.004s] Invoked command in '/home/meip-users/tb3_op/build/tb3_op' returned '0': CMAKE_PREFIX_PATH=/opt/ros/humble /usr/bin/cmake --install /home/meip-users/tb3_op/build/tb3_op
