[0.054s] Invoking command in '/home/meip-users/tb3_op/build/tb3_op': CMAKE_PREFIX_PATH=${CMAKE_PREFIX_PATH}:/home/meip-users/tb3_op/install/tb3_learning_py:/opt/ros/humble /usr/bin/cmake --build /home/meip-users/tb3_op/build/tb3_op -- -j8 -l8
[0.084s] [35m[1mConsolidate compiler generated dependencies of target tb3_op_node[0m
[0.097s] [ 50%] [32mBuilding CXX object CMakeFiles/tb3_op_node.dir/src/tb3_op_node.cpp.o[0m
[4.142s] [01m[K/home/meip-users/tb3_op/src/tb3_op/src/tb3_op_node.cpp:38:13:[m[K [01;35m[Kwarning: [m[K‘[01m[Kvoid get_distance_array(std_msgs::msg::Float64MultiArray)[m[K’ defined but not used [[01;35m[K]8;;https://gcc.gnu.org/onlinedocs/gcc/Warning-Options.html#index-Wunused-function-Wunused-function]8;;[m[K]
[4.142s]    38 | static void [01;35m[Kget_distance_array[m[K(std_msgs::msg::Float64MultiArray min_arr) {
[4.142s]       |             [01;35m[K^~~~~~~~~~~~~~~~~~[m[K
[8.581s] [100%] [32m[1mLinking CXX executable tb3_op_node[0m
[9.034s] [100%] Built target tb3_op_node
[9.043s] Invoked command in '/home/meip-users/tb3_op/build/tb3_op' returned '0': CMAKE_PREFIX_PATH=${CMAKE_PREFIX_PATH}:/home/meip-users/tb3_op/install/tb3_learning_py:/opt/ros/humble /usr/bin/cmake --build /home/meip-users/tb3_op/build/tb3_op -- -j8 -l8
[9.071s] Invoking command in '/home/meip-users/tb3_op/build/tb3_op': CMAKE_PREFIX_PATH=${CMAKE_PREFIX_PATH}:/home/meip-users/tb3_op/install/tb3_learning_py:/opt/ros/humble /usr/bin/cmake --install /home/meip-users/tb3_op/build/tb3_op
[9.076s] -- Install configuration: ""
[9.076s] -- Installing: /home/meip-users/tb3_op/install/tb3_op/lib/tb3_op/tb3_op_node
[9.081s] -- Set runtime path of "/home/meip-users/tb3_op/install/tb3_op/lib/tb3_op/tb3_op_node" to ""
[9.082s] -- Up-to-date: /home/meip-users/tb3_op/install/tb3_op/share/ament_index/resource_index/package_run_dependencies/tb3_op
[9.082s] -- Up-to-date: /home/meip-users/tb3_op/install/tb3_op/share/ament_index/resource_index/parent_prefix_path/tb3_op
[9.082s] -- Up-to-date: /home/meip-users/tb3_op/install/tb3_op/share/tb3_op/environment/ament_prefix_path.sh
[9.082s] -- Up-to-date: /home/meip-users/tb3_op/install/tb3_op/share/tb3_op/environment/ament_prefix_path.dsv
[9.082s] -- Up-to-date: /home/meip-users/tb3_op/install/tb3_op/share/tb3_op/environment/path.sh
[9.082s] -- Up-to-date: /home/meip-users/tb3_op/install/tb3_op/share/tb3_op/environment/path.dsv
[9.082s] -- Up-to-date: /home/meip-users/tb3_op/install/tb3_op/share/tb3_op/local_setup.bash
[9.082s] -- Up-to-date: /home/meip-users/tb3_op/install/tb3_op/share/tb3_op/local_setup.sh
[9.082s] -- Up-to-date: /home/meip-users/tb3_op/install/tb3_op/share/tb3_op/local_setup.zsh
[9.082s] -- Up-to-date: /home/meip-users/tb3_op/install/tb3_op/share/tb3_op/local_setup.dsv
[9.082s] -- Installing: /home/meip-users/tb3_op/install/tb3_op/share/tb3_op/package.dsv
[9.082s] -- Up-to-date: /home/meip-users/tb3_op/install/tb3_op/share/ament_index/resource_index/packages/tb3_op
[9.082s] -- Up-to-date: /home/meip-users/tb3_op/install/tb3_op/share/tb3_op/cmake/tb3_opConfig.cmake
[9.082s] -- Up-to-date: /home/meip-users/tb3_op/install/tb3_op/share/tb3_op/cmake/tb3_opConfig-version.cmake
[9.082s] -- Up-to-date: /home/meip-users/tb3_op/install/tb3_op/share/tb3_op/package.xml
[9.083s] Invoked command in '/home/meip-users/tb3_op/build/tb3_op' returned '0': CMAKE_PREFIX_PATH=${CMAKE_PREFIX_PATH}:/home/meip-users/tb3_op/install/tb3_learning_py:/opt/ros/humble /usr/bin/cmake --install /home/meip-users/tb3_op/build/tb3_op
