[ 50%] [32mBuilding CXX object CMakeFiles/tb3_op_node.dir/src/tb3_op_node.cpp.o[0m
[01m[K/home/meip-users/tb3_op/src/tb3_op/src/tb3_op_node.cpp:146:13:[m[K [01;35m[Kwarning: [m[K‘[01m[Kvoid realScanCallback(sensor_msgs::msg::LaserScan_<std::allocator<void> >::SharedPtr)[m[K’ defined but not used [[01;35m[K]8;;https://gcc.gnu.org/onlinedocs/gcc/Warning-Options.html#index-Wunused-function-Wunused-function]8;;[m[K]
  146 | static void [01;35m[KrealScanCallback[m[K(const sensor_msgs::msg::LaserScan::SharedPtr msg) {
      |             [01;35m[K^~~~~~~~~~~~~~~~[m[K
[01m[K/home/meip-users/tb3_op/src/tb3_op/src/tb3_op_node.cpp:30:13:[m[K [01;35m[Kwarning: [m[K‘[01m[Kvoid write_csv(double*)[m[K’ defined but not used [[01;35m[K]8;;https://gcc.gnu.org/onlinedocs/gcc/Warning-Options.html#index-Wunused-function-Wunused-function]8;;[m[K]
   30 | static void [01;35m[Kwrite_csv[m[K(double* time_list){
      |             [01;35m[K^~~~~~~~~[m[K
[100%] [32m[1mLinking CXX executable tb3_op_node[0m
[100%] Built target tb3_op_node
-- Install configuration: ""
-- Installing: /home/meip-users/tb3_op/install/tb3_op/lib/tb3_op/tb3_op_node
-- Set runtime path of "/home/meip-users/tb3_op/install/tb3_op/lib/tb3_op/tb3_op_node" to ""
-- Up-to-date: /home/meip-users/tb3_op/install/tb3_op/share/ament_index/resource_index/package_run_dependencies/tb3_op
-- Up-to-date: /home/meip-users/tb3_op/install/tb3_op/share/ament_index/resource_index/parent_prefix_path/tb3_op
-- Up-to-date: /home/meip-users/tb3_op/install/tb3_op/share/tb3_op/environment/ament_prefix_path.sh
-- Up-to-date: /home/meip-users/tb3_op/install/tb3_op/share/tb3_op/environment/ament_prefix_path.dsv
-- Up-to-date: /home/meip-users/tb3_op/install/tb3_op/share/tb3_op/environment/path.sh
-- Up-to-date: /home/meip-users/tb3_op/install/tb3_op/share/tb3_op/environment/path.dsv
-- Up-to-date: /home/meip-users/tb3_op/install/tb3_op/share/tb3_op/local_setup.bash
-- Up-to-date: /home/meip-users/tb3_op/install/tb3_op/share/tb3_op/local_setup.sh
-- Up-to-date: /home/meip-users/tb3_op/install/tb3_op/share/tb3_op/local_setup.zsh
-- Up-to-date: /home/meip-users/tb3_op/install/tb3_op/share/tb3_op/local_setup.dsv
-- Installing: /home/meip-users/tb3_op/install/tb3_op/share/tb3_op/package.dsv
-- Up-to-date: /home/meip-users/tb3_op/install/tb3_op/share/ament_index/resource_index/packages/tb3_op
-- Up-to-date: /home/meip-users/tb3_op/install/tb3_op/share/tb3_op/cmake/tb3_opConfig.cmake
-- Up-to-date: /home/meip-users/tb3_op/install/tb3_op/share/tb3_op/cmake/tb3_opConfig-version.cmake
-- Up-to-date: /home/meip-users/tb3_op/install/tb3_op/share/tb3_op/package.xml
