[0.581s] Invoking command in '/home/meip-users/tb3_op/src/tb3_learning_py': PYTHONPATH=/home/meip-users/tb3_op/src/build/tb3_learning_py/prefix_override:/home/meip-users/tb3_op/src/install/tb3_learning_py/lib/python3.10/site-packages:${PYTHONPATH} /usr/bin/python3 setup.py egg_info --egg-base ../build/tb3_learning_py build --build-base /home/meip-users/tb3_op/src/build/tb3_learning_py/build install --record /home/meip-users/tb3_op/src/build/tb3_learning_py/install.log --single-version-externally-managed
[0.757s] running egg_info
[0.758s] writing ../build/tb3_learning_py/tb3_learning_py.egg-info/PKG-INFO
[0.758s] writing dependency_links to ../build/tb3_learning_py/tb3_learning_py.egg-info/dependency_links.txt
[0.758s] writing entry points to ../build/tb3_learning_py/tb3_learning_py.egg-info/entry_points.txt
[0.758s] writing requirements to ../build/tb3_learning_py/tb3_learning_py.egg-info/requires.txt
[0.758s] writing top-level names to ../build/tb3_learning_py/tb3_learning_py.egg-info/top_level.txt
[0.759s] reading manifest file '../build/tb3_learning_py/tb3_learning_py.egg-info/SOURCES.txt'
[0.760s] writing manifest file '../build/tb3_learning_py/tb3_learning_py.egg-info/SOURCES.txt'
[0.760s] running build
[0.760s] running build_py
[0.760s] running install
[0.760s] running install_lib
[0.761s] running install_data
[0.761s] running install_egg_info
[0.763s] removing '/home/meip-users/tb3_op/src/install/tb3_learning_py/lib/python3.10/site-packages/tb3_learning_py-0.0.0-py3.10.egg-info' (and everything under it)
[0.763s] Copying ../build/tb3_learning_py/tb3_learning_py.egg-info to /home/meip-users/tb3_op/src/install/tb3_learning_py/lib/python3.10/site-packages/tb3_learning_py-0.0.0-py3.10.egg-info
[0.763s] running install_scripts
[0.777s] Installing tb3_learning_py script to /home/meip-users/tb3_op/src/install/tb3_learning_py/lib/tb3_learning_py
[0.777s] writing list of installed files to '/home/meip-users/tb3_op/src/build/tb3_learning_py/install.log'
[0.796s] Invoked command in '/home/meip-users/tb3_op/src/tb3_learning_py' returned '0': PYTHONPATH=/home/meip-users/tb3_op/src/build/tb3_learning_py/prefix_override:/home/meip-users/tb3_op/src/install/tb3_learning_py/lib/python3.10/site-packages:${PYTHONPATH} /usr/bin/python3 setup.py egg_info --egg-base ../build/tb3_learning_py build --build-base /home/meip-users/tb3_op/src/build/tb3_learning_py/build install --record /home/meip-users/tb3_op/src/build/tb3_learning_py/install.log --single-version-externally-managed
