[0.065s] Invoking command in '/home/meip-users/tb3_op/build/tb3_op': CMAKE_PREFIX_PATH=${CMAKE_PREFIX_PATH}:/home/meip-users/tb3_op/install/tb3_learning_py:/opt/ros/humble /usr/bin/cmake --build /home/meip-users/tb3_op/build/tb3_op -- -j8 -l8
[0.095s] [35m[1mConsolidate compiler generated dependencies of target tb3_op_node[0m
[0.108s] [ 50%] [32mBuilding CXX object CMakeFiles/tb3_op_node.dir/src/tb3_op_node.cpp.o[0m
[1.763s] [01m[K/home/meip-users/tb3_op/src/tb3_op/src/tb3_op_node.cpp:[m[K In function ‘[01m[Kint main(int, char**)[m[K’:
[1.763s] [01m[K/home/meip-users/tb3_op/src/tb3_op/src/tb3_op_node.cpp:169:18:[m[K [01;35m[Kwarning: [m[Kformat not a string literal and no format arguments [[01;35m[K]8;;https://gcc.gnu.org/onlinedocs/gcc/Warning-Options.html#index-Wformat-security-Wformat-security]8;;[m[K]
[1.763s]   169 |   printf([01;35m[Kbuffer[1][m[K);
[1.763s]       |          [01;35m[K~~~~~~~~^[m[K
[8.410s] [100%] [32m[1mLinking CXX executable tb3_op_node[0m
[8.875s] [100%] Built target tb3_op_node
[8.883s] Invoked command in '/home/meip-users/tb3_op/build/tb3_op' returned '0': CMAKE_PREFIX_PATH=${CMAKE_PREFIX_PATH}:/home/meip-users/tb3_op/install/tb3_learning_py:/opt/ros/humble /usr/bin/cmake --build /home/meip-users/tb3_op/build/tb3_op -- -j8 -l8
[8.910s] Invoking command in '/home/meip-users/tb3_op/build/tb3_op': CMAKE_PREFIX_PATH=${CMAKE_PREFIX_PATH}:/home/meip-users/tb3_op/install/tb3_learning_py:/opt/ros/humble /usr/bin/cmake --install /home/meip-users/tb3_op/build/tb3_op
[8.916s] -- Install configuration: ""
[8.916s] -- Installing: /home/meip-users/tb3_op/install/tb3_op/lib/tb3_op/tb3_op_node
[8.922s] -- Set runtime path of "/home/meip-users/tb3_op/install/tb3_op/lib/tb3_op/tb3_op_node" to ""
[8.923s] -- Up-to-date: /home/meip-users/tb3_op/install/tb3_op/share/ament_index/resource_index/package_run_dependencies/tb3_op
[8.923s] -- Up-to-date: /home/meip-users/tb3_op/install/tb3_op/share/ament_index/resource_index/parent_prefix_path/tb3_op
[8.923s] -- Up-to-date: /home/meip-users/tb3_op/install/tb3_op/share/tb3_op/environment/ament_prefix_path.sh
[8.923s] -- Up-to-date: /home/meip-users/tb3_op/install/tb3_op/share/tb3_op/environment/ament_prefix_path.dsv
[8.923s] -- Up-to-date: /home/meip-users/tb3_op/install/tb3_op/share/tb3_op/environment/path.sh
[8.923s] -- Up-to-date: /home/meip-users/tb3_op/install/tb3_op/share/tb3_op/environment/path.dsv
[8.923s] -- Up-to-date: /home/meip-users/tb3_op/install/tb3_op/share/tb3_op/local_setup.bash
[8.923s] -- Up-to-date: /home/meip-users/tb3_op/install/tb3_op/share/tb3_op/local_setup.sh
[8.923s] -- Up-to-date: /home/meip-users/tb3_op/install/tb3_op/share/tb3_op/local_setup.zsh
[8.923s] -- Up-to-date: /home/meip-users/tb3_op/install/tb3_op/share/tb3_op/local_setup.dsv
[8.923s] -- Installing: /home/meip-users/tb3_op/install/tb3_op/share/tb3_op/package.dsv
[8.923s] -- Up-to-date: /home/meip-users/tb3_op/install/tb3_op/share/ament_index/resource_index/packages/tb3_op
[8.923s] -- Up-to-date: /home/meip-users/tb3_op/install/tb3_op/share/tb3_op/cmake/tb3_opConfig.cmake
[8.923s] -- Up-to-date: /home/meip-users/tb3_op/install/tb3_op/share/tb3_op/cmake/tb3_opConfig-version.cmake
[8.923s] -- Up-to-date: /home/meip-users/tb3_op/install/tb3_op/share/tb3_op/package.xml
[8.924s] Invoked command in '/home/meip-users/tb3_op/build/tb3_op' returned '0': CMAKE_PREFIX_PATH=${CMAKE_PREFIX_PATH}:/home/meip-users/tb3_op/install/tb3_learning_py:/opt/ros/humble /usr/bin/cmake --install /home/meip-users/tb3_op/build/tb3_op
