[0.546s] Invoking command in '/home/meip-users/tb3_op/build/tb3_learning_py': PYTHONPATH=/home/meip-users/tb3_op/build/tb3_learning_py/prefix_override:/home/meip-users/tb3_op/install/tb3_learning_py/lib/python3.10/site-packages:${PYTHONPATH} /usr/bin/python3 setup.py develop --editable --build-directory /home/meip-users/tb3_op/build/tb3_learning_py/build --no-deps install_data
[0.728s] running develop
[0.728s] /usr/lib/python3/dist-packages/setuptools/command/easy_install.py:158: EasyInstallDeprecationWarning: easy_install command is deprecated. Use build and pip and other standards-based tools.
[0.728s]   warnings.warn(
[0.729s] /usr/lib/python3/dist-packages/setuptools/command/install.py:34: SetuptoolsDeprecationWarning: setup.py install is deprecated. Use build and pip and other standards-based tools.
[0.729s]   warnings.warn(
[0.846s] running egg_info
[0.846s] writing tb3_learning_py.egg-info/PKG-INFO
[0.846s] writing dependency_links to tb3_learning_py.egg-info/dependency_links.txt
[0.846s] writing entry points to tb3_learning_py.egg-info/entry_points.txt
[0.846s] writing requirements to tb3_learning_py.egg-info/requires.txt
[0.846s] writing top-level names to tb3_learning_py.egg-info/top_level.txt
[0.848s] reading manifest file 'tb3_learning_py.egg-info/SOURCES.txt'
[0.848s] writing manifest file 'tb3_learning_py.egg-info/SOURCES.txt'
[0.849s] running build_ext
[0.849s] Creating /home/meip-users/tb3_op/install/tb3_learning_py/lib/python3.10/site-packages/tb3-learning-py.egg-link (link to .)
[0.850s] Installing tb3_learning_py script to /home/meip-users/tb3_op/install/tb3_learning_py/lib/tb3_learning_py
[0.850s] 
[0.850s] Installed /home/meip-users/tb3_op/build/tb3_learning_py
[0.850s] running install_data
[0.872s] Invoked command in '/home/meip-users/tb3_op/build/tb3_learning_py' returned '0': PYTHONPATH=/home/meip-users/tb3_op/build/tb3_learning_py/prefix_override:/home/meip-users/tb3_op/install/tb3_learning_py/lib/python3.10/site-packages:${PYTHONPATH} /usr/bin/python3 setup.py develop --editable --build-directory /home/meip-users/tb3_op/build/tb3_learning_py/build --no-deps install_data
