[0.258s] Invoking command in '/home/meip-users/tb3_op/build/tb3_op': CMAKE_PREFIX_PATH=/opt/ros/humble /usr/bin/cmake /home/meip-users/tb3_op/src/tb3_op -DCMAKE_INSTALL_PREFIX=/home/meip-users/tb3_op/install/tb3_op
[0.266s] -- Found ament_cmake: 1.3.5 (/opt/ros/humble/share/ament_cmake/cmake)
[0.370s] -- Override CMake install command with custom implementation using symlinks instead of copying resources
[0.376s] -- Found rclcpp: 16.0.6 (/opt/ros/humble/share/rclcpp/cmake)
[0.397s] -- Found rosidl_generator_c: 3.1.5 (/opt/ros/humble/share/rosidl_generator_c/cmake)
[0.399s] -- Found rosidl_adapter: 3.1.5 (/opt/ros/humble/share/rosidl_adapter/cmake)
[0.403s] -- Found rosidl_generator_cpp: 3.1.5 (/opt/ros/humble/share/rosidl_generator_cpp/cmake)
[0.411s] -- Using all available rosidl_typesupport_c: rosidl_typesupport_fastrtps_c;rosidl_typesupport_introspection_c
[0.421s] -- Using all available rosidl_typesupport_cpp: rosidl_typesupport_fastrtps_cpp;rosidl_typesupport_introspection_cpp
[0.460s] -- Found rmw_implementation_cmake: 6.1.1 (/opt/ros/humble/share/rmw_implementation_cmake/cmake)
[0.461s] -- Found rmw_fastrtps_cpp: 6.2.4 (/opt/ros/humble/share/rmw_fastrtps_cpp/cmake)
[0.546s] -- Using RMW implementation 'rmw_fastrtps_cpp' as default
[0.651s] -- Found pcl_conversions: 2.4.0 (/opt/ros/humble/share/pcl_conversions/cmake)
[0.847s] -- Found ament_lint_auto: 0.12.8 (/opt/ros/humble/share/ament_lint_auto/cmake)
[0.900s] -- Added test 'cppcheck' to perform static code analysis on C / C++ code
[0.900s] -- Configured cppcheck include dirs: $<BUILD_INTERFACE:/home/meip-users/tb3_op/src/tb3_op/include>
[0.900s] -- Configured cppcheck exclude dirs and/or files: 
[0.900s] -- Added test 'lint_cmake' to check CMake code style
[0.900s] -- Added test 'uncrustify' to check C / C++ code style
[0.901s] -- Configured uncrustify additional arguments: 
[0.901s] -- Added test 'xmllint' to check XML markup files
[0.901s] -- Configuring done
[0.908s] -- Generating done
[0.909s] -- Build files have been written to: /home/meip-users/tb3_op/build/tb3_op
[0.915s] Invoked command in '/home/meip-users/tb3_op/build/tb3_op' returned '0': CMAKE_PREFIX_PATH=/opt/ros/humble /usr/bin/cmake /home/meip-users/tb3_op/src/tb3_op -DCMAKE_INSTALL_PREFIX=/home/meip-users/tb3_op/install/tb3_op
[0.917s] Invoking command in '/home/meip-users/tb3_op/build/tb3_op': CMAKE_PREFIX_PATH=/opt/ros/humble /usr/bin/cmake --build /home/meip-users/tb3_op/build/tb3_op -- -j8 -l8
[0.945s] [35m[1mConsolidate compiler generated dependencies of target tb3_op_node[0m
[0.957s] [100%] Built target tb3_op_node
[0.965s] Invoked command in '/home/meip-users/tb3_op/build/tb3_op' returned '0': CMAKE_PREFIX_PATH=/opt/ros/humble /usr/bin/cmake --build /home/meip-users/tb3_op/build/tb3_op -- -j8 -l8
[0.989s] Invoking command in '/home/meip-users/tb3_op/build/tb3_op': CMAKE_PREFIX_PATH=/opt/ros/humble /usr/bin/cmake --install /home/meip-users/tb3_op/build/tb3_op
[0.994s] -- Install configuration: ""
[0.994s] -- Execute custom install script
[0.994s] -- Up-to-date symlink: /home/meip-users/tb3_op/install/tb3_op/lib/tb3_op/tb3_op_node
[0.995s] -- Up-to-date symlink: /home/meip-users/tb3_op/install/tb3_op/share/ament_index/resource_index/package_run_dependencies/tb3_op
[0.995s] -- Up-to-date symlink: /home/meip-users/tb3_op/install/tb3_op/share/ament_index/resource_index/parent_prefix_path/tb3_op
[0.995s] -- Up-to-date symlink: /home/meip-users/tb3_op/install/tb3_op/share/tb3_op/environment/ament_prefix_path.sh
[0.995s] -- Up-to-date symlink: /home/meip-users/tb3_op/install/tb3_op/share/tb3_op/environment/ament_prefix_path.dsv
[0.995s] -- Up-to-date symlink: /home/meip-users/tb3_op/install/tb3_op/share/tb3_op/environment/path.sh
[0.995s] -- Up-to-date symlink: /home/meip-users/tb3_op/install/tb3_op/share/tb3_op/environment/path.dsv
[0.995s] -- Up-to-date symlink: /home/meip-users/tb3_op/install/tb3_op/share/tb3_op/local_setup.bash
[0.996s] -- Up-to-date symlink: /home/meip-users/tb3_op/install/tb3_op/share/tb3_op/local_setup.sh
[0.996s] -- Up-to-date symlink: /home/meip-users/tb3_op/install/tb3_op/share/tb3_op/local_setup.zsh
[0.996s] -- Up-to-date symlink: /home/meip-users/tb3_op/install/tb3_op/share/tb3_op/local_setup.dsv
[0.996s] -- Symlinking: /home/meip-users/tb3_op/install/tb3_op/share/tb3_op/package.dsv
[1.003s] -- Up-to-date symlink: /home/meip-users/tb3_op/install/tb3_op/share/ament_index/resource_index/packages/tb3_op
[1.003s] -- Up-to-date symlink: /home/meip-users/tb3_op/install/tb3_op/share/tb3_op/cmake/tb3_opConfig.cmake
[1.003s] -- Up-to-date symlink: /home/meip-users/tb3_op/install/tb3_op/share/tb3_op/cmake/tb3_opConfig-version.cmake
[1.003s] -- Up-to-date symlink: /home/meip-users/tb3_op/install/tb3_op/share/tb3_op/package.xml
[1.004s] Invoked command in '/home/meip-users/tb3_op/build/tb3_op' returned '0': CMAKE_PREFIX_PATH=/opt/ros/humble /usr/bin/cmake --install /home/meip-users/tb3_op/build/tb3_op
