[1.207s] Invoking command in '/home/meip-users/tb3_op/src/tb3_learning_py': PYTHONPATH=/home/meip-users/tb3_op/build/tb3_learning_py/prefix_override:/home/meip-users/tb3_op/install/tb3_learning_py/lib/python3.10/site-packages:${PYTHONPATH} /usr/bin/python3 setup.py egg_info --egg-base ../../build/tb3_learning_py build --build-base /home/meip-users/tb3_op/build/tb3_learning_py/build install --record /home/meip-users/tb3_op/build/tb3_learning_py/install.log --single-version-externally-managed
[1.614s] running egg_info
[1.615s] writing ../../build/tb3_learning_py/tb3_learning_py.egg-info/PKG-INFO
[1.616s] writing dependency_links to ../../build/tb3_learning_py/tb3_learning_py.egg-info/dependency_links.txt
[1.616s] writing entry points to ../../build/tb3_learning_py/tb3_learning_py.egg-info/entry_points.txt
[1.616s] writing requirements to ../../build/tb3_learning_py/tb3_learning_py.egg-info/requires.txt
[1.616s] writing top-level names to ../../build/tb3_learning_py/tb3_learning_py.egg-info/top_level.txt
[1.621s] reading manifest file '../../build/tb3_learning_py/tb3_learning_py.egg-info/SOURCES.txt'
[1.623s] writing manifest file '../../build/tb3_learning_py/tb3_learning_py.egg-info/SOURCES.txt'
[1.623s] running build
[1.624s] running build_py
[1.625s] running install
[1.625s] running install_lib
[1.628s] running install_data
[1.630s] running install_egg_info
[1.633s] removing '/home/meip-users/tb3_op/install/tb3_learning_py/lib/python3.10/site-packages/tb3_learning_py-0.0.0-py3.10.egg-info' (and everything under it)
[1.633s] Copying ../../build/tb3_learning_py/tb3_learning_py.egg-info to /home/meip-users/tb3_op/install/tb3_learning_py/lib/python3.10/site-packages/tb3_learning_py-0.0.0-py3.10.egg-info
[1.634s] running install_scripts
[1.667s] Installing tb3_learning_py script to /home/meip-users/tb3_op/install/tb3_learning_py/lib/tb3_learning_py
[1.668s] writing list of installed files to '/home/meip-users/tb3_op/build/tb3_learning_py/install.log'
[1.741s] Invoked command in '/home/meip-users/tb3_op/src/tb3_learning_py' returned '0': PYTHONPATH=/home/meip-users/tb3_op/build/tb3_learning_py/prefix_override:/home/meip-users/tb3_op/install/tb3_learning_py/lib/python3.10/site-packages:${PYTHONPATH} /usr/bin/python3 setup.py egg_info --egg-base ../../build/tb3_learning_py build --build-base /home/meip-users/tb3_op/build/tb3_learning_py/build install --record /home/meip-users/tb3_op/build/tb3_learning_py/install.log --single-version-externally-managed
