[1.285s] Invoking command in '/home/meip-users/tb3_op/src/tb3_learning_py': PYTHONPATH=/home/meip-users/tb3_op/build/tb3_learning_py/prefix_override:/home/meip-users/tb3_op/install/tb3_learning_py/lib/python3.10/site-packages:${PYTHONPATH} /usr/bin/python3 setup.py egg_info --egg-base ../../build/tb3_learning_py build --build-base /home/meip-users/tb3_op/build/tb3_learning_py/build install --record /home/meip-users/tb3_op/build/tb3_learning_py/install.log --single-version-externally-managed
[1.624s] running egg_info
[1.624s] writing ../../build/tb3_learning_py/tb3_learning_py.egg-info/PKG-INFO
[1.625s] writing dependency_links to ../../build/tb3_learning_py/tb3_learning_py.egg-info/dependency_links.txt
[1.625s] writing entry points to ../../build/tb3_learning_py/tb3_learning_py.egg-info/entry_points.txt
[1.625s] writing requirements to ../../build/tb3_learning_py/tb3_learning_py.egg-info/requires.txt
[1.625s] writing top-level names to ../../build/tb3_learning_py/tb3_learning_py.egg-info/top_level.txt
[1.628s] reading manifest file '../../build/tb3_learning_py/tb3_learning_py.egg-info/SOURCES.txt'
[1.629s] writing manifest file '../../build/tb3_learning_py/tb3_learning_py.egg-info/SOURCES.txt'
[1.630s] running build
[1.630s] running build_py
[1.630s] copying tb3_learning_py/tb3_learning_py.py -> /home/meip-users/tb3_op/build/tb3_learning_py/build/lib/tb3_learning_py
[1.631s] running install
[1.632s] running install_lib
[1.634s] copying /home/meip-users/tb3_op/build/tb3_learning_py/build/lib/tb3_learning_py/tb3_learning_py.py -> /home/meip-users/tb3_op/install/tb3_learning_py/lib/python3.10/site-packages/tb3_learning_py
[1.636s] byte-compiling /home/meip-users/tb3_op/install/tb3_learning_py/lib/python3.10/site-packages/tb3_learning_py/tb3_learning_py.py to tb3_learning_py.cpython-310.pyc
[1.640s] running install_data
[1.641s] running install_egg_info
[1.645s] removing '/home/meip-users/tb3_op/install/tb3_learning_py/lib/python3.10/site-packages/tb3_learning_py-0.0.0-py3.10.egg-info' (and everything under it)
[1.645s] Copying ../../build/tb3_learning_py/tb3_learning_py.egg-info to /home/meip-users/tb3_op/install/tb3_learning_py/lib/python3.10/site-packages/tb3_learning_py-0.0.0-py3.10.egg-info
[1.646s] running install_scripts
[1.677s] Installing tb3_learning_py script to /home/meip-users/tb3_op/install/tb3_learning_py/lib/tb3_learning_py
[1.678s] writing list of installed files to '/home/meip-users/tb3_op/build/tb3_learning_py/install.log'
[1.765s] Invoked command in '/home/meip-users/tb3_op/src/tb3_learning_py' returned '0': PYTHONPATH=/home/meip-users/tb3_op/build/tb3_learning_py/prefix_override:/home/meip-users/tb3_op/install/tb3_learning_py/lib/python3.10/site-packages:${PYTHONPATH} /usr/bin/python3 setup.py egg_info --egg-base ../../build/tb3_learning_py build --build-base /home/meip-users/tb3_op/build/tb3_learning_py/build install --record /home/meip-users/tb3_op/build/tb3_learning_py/install.log --single-version-externally-managed
