[0.062s] Invoking command in '/home/meip-users/tb3_op/build/tb3_sq': CMAKE_PREFIX_PATH=${CMAKE_PREFIX_PATH}:/home/meip-users/tb3_op/install/tb3_learning_py:/opt/ros/humble /usr/bin/cmake /home/meip-users/tb3_op/src/tb3_sq -DCMAKE_INSTALL_PREFIX=/home/meip-users/tb3_op/install/tb3_sq
[0.113s] -- The C compiler identification is GNU 11.4.0
[0.158s] -- The CXX compiler identification is GNU 11.4.0
[0.164s] -- Detecting C compiler ABI info
[0.217s] -- Detecting C compiler ABI info - done
[0.223s] -- Check for working C compiler: /usr/bin/cc - skipped
[0.223s] -- Detecting C compile features
[0.224s] -- Detecting C compile features - done
[0.227s] -- Detecting CXX compiler ABI info
[0.292s] -- Detecting CXX compiler ABI info - done
[0.298s] -- Check for working CXX compiler: /usr/bin/c++ - skipped
[0.298s] -- Detecting CXX compile features
[0.298s] -- Detecting CXX compile features - done
[0.300s] -- Found ament_cmake: 1.3.5 (/opt/ros/humble/share/ament_cmake/cmake)
[0.436s] -- Found Python3: /usr/bin/python3.10 (found version "3.10.12") found components: Interpreter 
[0.540s] -- Found rclcpp: 16.0.6 (/opt/ros/humble/share/rclcpp/cmake)
[0.585s] -- Found rosidl_generator_c: 3.1.5 (/opt/ros/humble/share/rosidl_generator_c/cmake)
[0.590s] -- Found rosidl_adapter: 3.1.5 (/opt/ros/humble/share/rosidl_adapter/cmake)
[0.600s] -- Found rosidl_generator_cpp: 3.1.5 (/opt/ros/humble/share/rosidl_generator_cpp/cmake)
[0.614s] -- Using all available rosidl_typesupport_c: rosidl_typesupport_fastrtps_c;rosidl_typesupport_introspection_c
[0.634s] -- Using all available rosidl_typesupport_cpp: rosidl_typesupport_fastrtps_cpp;rosidl_typesupport_introspection_cpp
[0.699s] -- Found rmw_implementation_cmake: 6.1.1 (/opt/ros/humble/share/rmw_implementation_cmake/cmake)
[0.702s] -- Found rmw_fastrtps_cpp: 6.2.4 (/opt/ros/humble/share/rmw_fastrtps_cpp/cmake)
[0.793s] -- Found OpenSSL: /usr/lib/x86_64-linux-gnu/libcrypto.so (found version "3.0.2")  
[0.820s] -- Found FastRTPS: /opt/ros/humble/include  
[0.862s] -- Using RMW implementation 'rmw_fastrtps_cpp' as default
[0.873s] -- Looking for pthread.h
[0.935s] -- Looking for pthread.h - found
[0.935s] -- Performing Test CMAKE_HAVE_LIBC_PTHREAD
[1.001s] -- Performing Test CMAKE_HAVE_LIBC_PTHREAD - Success
[1.002s] -- Found Threads: TRUE  
[1.141s] -- Found pcl_conversions: 2.4.0 (/opt/ros/humble/share/pcl_conversions/cmake)
[1.387s] -- Found ament_lint_auto: 0.12.8 (/opt/ros/humble/share/ament_lint_auto/cmake)
[1.475s] -- Added test 'cppcheck' to perform static code analysis on C / C++ code
[1.475s] -- Configured cppcheck include dirs: $<BUILD_INTERFACE:/home/meip-users/tb3_op/src/tb3_sq/include>
[1.476s] -- Configured cppcheck exclude dirs and/or files: 
[1.476s] -- Added test 'lint_cmake' to check CMake code style
[1.477s] -- Added test 'uncrustify' to check C / C++ code style
[1.478s] -- Configured uncrustify additional arguments: 
[1.478s] -- Added test 'xmllint' to check XML markup files
[1.479s] -- Configuring done
[1.487s] -- Generating done
[1.488s] -- Build files have been written to: /home/meip-users/tb3_op/build/tb3_sq
[1.496s] Invoked command in '/home/meip-users/tb3_op/build/tb3_sq' returned '0': CMAKE_PREFIX_PATH=${CMAKE_PREFIX_PATH}:/home/meip-users/tb3_op/install/tb3_learning_py:/opt/ros/humble /usr/bin/cmake /home/meip-users/tb3_op/src/tb3_sq -DCMAKE_INSTALL_PREFIX=/home/meip-users/tb3_op/install/tb3_sq
[1.497s] Invoking command in '/home/meip-users/tb3_op/build/tb3_sq': CMAKE_PREFIX_PATH=${CMAKE_PREFIX_PATH}:/home/meip-users/tb3_op/install/tb3_learning_py:/opt/ros/humble /usr/bin/cmake --build /home/meip-users/tb3_op/build/tb3_sq -- -j8 -l8
[1.536s] [ 50%] [32mBuilding CXX object CMakeFiles/tb3_sq_node.dir/src/tb3_sq_node.cpp.o[0m
[1.561s] [100%] [32m[1mLinking CXX executable tb3_sq_node[0m
[1.637s] [100%] Built target tb3_sq_node
[1.646s] Invoked command in '/home/meip-users/tb3_op/build/tb3_sq' returned '0': CMAKE_PREFIX_PATH=${CMAKE_PREFIX_PATH}:/home/meip-users/tb3_op/install/tb3_learning_py:/opt/ros/humble /usr/bin/cmake --build /home/meip-users/tb3_op/build/tb3_sq -- -j8 -l8
[1.676s] Invoking command in '/home/meip-users/tb3_op/build/tb3_sq': CMAKE_PREFIX_PATH=${CMAKE_PREFIX_PATH}:/home/meip-users/tb3_op/install/tb3_learning_py:/opt/ros/humble /usr/bin/cmake --install /home/meip-users/tb3_op/build/tb3_sq
[1.684s] -- Install configuration: ""
[1.684s] -- Installing: /home/meip-users/tb3_op/install/tb3_sq/lib/tb3_sq/tb3_sq_node
[1.684s] -- Set runtime path of "/home/meip-users/tb3_op/install/tb3_sq/lib/tb3_sq/tb3_sq_node" to ""
[1.684s] -- Installing: /home/meip-users/tb3_op/install/tb3_sq/share/ament_index/resource_index/package_run_dependencies/tb3_sq
[1.684s] -- Installing: /home/meip-users/tb3_op/install/tb3_sq/share/ament_index/resource_index/parent_prefix_path/tb3_sq
[1.684s] -- Installing: /home/meip-users/tb3_op/install/tb3_sq/share/tb3_sq/environment/ament_prefix_path.sh
[1.684s] -- Installing: /home/meip-users/tb3_op/install/tb3_sq/share/tb3_sq/environment/ament_prefix_path.dsv
[1.685s] -- Installing: /home/meip-users/tb3_op/install/tb3_sq/share/tb3_sq/environment/path.sh
[1.685s] -- Installing: /home/meip-users/tb3_op/install/tb3_sq/share/tb3_sq/environment/path.dsv
[1.685s] -- Installing: /home/meip-users/tb3_op/install/tb3_sq/share/tb3_sq/local_setup.bash
[1.685s] -- Installing: /home/meip-users/tb3_op/install/tb3_sq/share/tb3_sq/local_setup.sh
[1.685s] -- Installing: /home/meip-users/tb3_op/install/tb3_sq/share/tb3_sq/local_setup.zsh
[1.685s] -- Installing: /home/meip-users/tb3_op/install/tb3_sq/share/tb3_sq/local_setup.dsv
[1.685s] -- Installing: /home/meip-users/tb3_op/install/tb3_sq/share/tb3_sq/package.dsv
[1.685s] -- Installing: /home/meip-users/tb3_op/install/tb3_sq/share/ament_index/resource_index/packages/tb3_sq
[1.685s] -- Installing: /home/meip-users/tb3_op/install/tb3_sq/share/tb3_sq/cmake/tb3_sqConfig.cmake
[1.685s] -- Installing: /home/meip-users/tb3_op/install/tb3_sq/share/tb3_sq/cmake/tb3_sqConfig-version.cmake
[1.685s] -- Installing: /home/meip-users/tb3_op/install/tb3_sq/share/tb3_sq/package.xml
[1.687s] Invoked command in '/home/meip-users/tb3_op/build/tb3_sq' returned '0': CMAKE_PREFIX_PATH=${CMAKE_PREFIX_PATH}:/home/meip-users/tb3_op/install/tb3_learning_py:/opt/ros/humble /usr/bin/cmake --install /home/meip-users/tb3_op/build/tb3_sq
