[0.764s] DEBUG:colcon:Command line arguments: ['/usr/bin/colcon', 'build', '--packages-select', 'tb3_op']
[0.765s] DEBUG:colcon:Parsed command line arguments: Namespace(log_base=None, log_level=None, verb_name='build', build_base='build', install_base='install', merge_install=False, symlink_install=False, test_result_base=None, continue_on_error=False, executor='parallel', parallel_workers=8, event_handlers=None, ignore_user_meta=False, metas=['./colcon.meta'], base_paths=['.'], packages_ignore=None, packages_ignore_regex=None, paths=None, packages_up_to=None, packages_up_to_regex=None, packages_above=None, packages_above_and_dependencies=None, packages_above_depth=None, packages_select_by_dep=None, packages_skip_by_dep=None, packages_skip_up_to=None, packages_select_build_failed=False, packages_skip_build_finished=False, packages_select_test_failures=False, packages_skip_test_passed=False, packages_select=['tb3_op'], packages_skip=None, packages_select_regex=None, packages_skip_regex=None, packages_start=None, packages_end=None, allow_overriding=[], cmake_args=None, cmake_target=None, cmake_target_skip_unavailable=False, cmake_clean_cache=False, cmake_clean_first=False, cmake_force_configure=False, ament_cmake_args=None, catkin_cmake_args=None, catkin_skip_building_tests=False, verb_parser=<colcon_defaults.argument_parser.defaults.DefaultArgumentsDecorator object at 0x7f4aaececc40>, verb_extension=<colcon_core.verb.build.BuildVerb object at 0x7f4aaecefc10>, main=<bound method BuildVerb.main of <colcon_core.verb.build.BuildVerb object at 0x7f4aaecefc10>>)
[0.799s] Level 1:colcon.colcon_core.package_discovery:discover_packages(colcon_meta) check parameters
[0.799s] Level 1:colcon.colcon_core.package_discovery:discover_packages(recursive) check parameters
[0.799s] Level 1:colcon.colcon_core.package_discovery:discover_packages(ignore) check parameters
[0.799s] Level 1:colcon.colcon_core.package_discovery:discover_packages(path) check parameters
[0.799s] Level 1:colcon.colcon_core.package_discovery:discover_packages(colcon_meta) discover
[0.799s] Level 1:colcon.colcon_core.package_discovery:discover_packages(recursive) discover
[0.799s] INFO:colcon.colcon_core.package_discovery:Crawling recursively for packages in '/home/meip-users/tb3_op'
[0.799s] Level 1:colcon.colcon_core.package_identification:_identify(.) by extensions ['ignore', 'ignore_ament_install']
[0.799s] Level 1:colcon.colcon_core.package_identification:_identify(.) by extension 'ignore'
[0.799s] Level 1:colcon.colcon_core.package_identification:_identify(.) by extension 'ignore_ament_install'
[0.799s] Level 1:colcon.colcon_core.package_identification:_identify(.) by extensions ['colcon_pkg']
[0.799s] Level 1:colcon.colcon_core.package_identification:_identify(.) by extension 'colcon_pkg'
[0.799s] Level 1:colcon.colcon_core.package_identification:_identify(.) by extensions ['colcon_meta']
[0.799s] Level 1:colcon.colcon_core.package_identification:_identify(.) by extension 'colcon_meta'
[0.799s] Level 1:colcon.colcon_core.package_identification:_identify(.) by extensions ['ros']
[0.799s] Level 1:colcon.colcon_core.package_identification:_identify(.) by extension 'ros'
[0.807s] Level 1:colcon.colcon_core.package_identification:_identify(.) by extensions ['cmake', 'python']
[0.807s] Level 1:colcon.colcon_core.package_identification:_identify(.) by extension 'cmake'
[0.807s] Level 1:colcon.colcon_core.package_identification:_identify(.) by extension 'python'
[0.807s] Level 1:colcon.colcon_core.package_identification:_identify(.) by extensions ['python_setup_py']
[0.807s] Level 1:colcon.colcon_core.package_identification:_identify(.) by extension 'python_setup_py'
[0.807s] Level 1:colcon.colcon_core.package_identification:_identify(build) by extensions ['ignore', 'ignore_ament_install']
[0.807s] Level 1:colcon.colcon_core.package_identification:_identify(build) by extension 'ignore'
[0.807s] Level 1:colcon.colcon_core.package_identification:_identify(build) ignored
[0.808s] Level 1:colcon.colcon_core.package_identification:_identify(data) by extensions ['ignore', 'ignore_ament_install']
[0.808s] Level 1:colcon.colcon_core.package_identification:_identify(data) by extension 'ignore'
[0.808s] Level 1:colcon.colcon_core.package_identification:_identify(data) by extension 'ignore_ament_install'
[0.808s] Level 1:colcon.colcon_core.package_identification:_identify(data) by extensions ['colcon_pkg']
[0.808s] Level 1:colcon.colcon_core.package_identification:_identify(data) by extension 'colcon_pkg'
[0.808s] Level 1:colcon.colcon_core.package_identification:_identify(data) by extensions ['colcon_meta']
[0.808s] Level 1:colcon.colcon_core.package_identification:_identify(data) by extension 'colcon_meta'
[0.808s] Level 1:colcon.colcon_core.package_identification:_identify(data) by extensions ['ros']
[0.808s] Level 1:colcon.colcon_core.package_identification:_identify(data) by extension 'ros'
[0.808s] Level 1:colcon.colcon_core.package_identification:_identify(data) by extensions ['cmake', 'python']
[0.808s] Level 1:colcon.colcon_core.package_identification:_identify(data) by extension 'cmake'
[0.808s] Level 1:colcon.colcon_core.package_identification:_identify(data) by extension 'python'
[0.808s] Level 1:colcon.colcon_core.package_identification:_identify(data) by extensions ['python_setup_py']
[0.808s] Level 1:colcon.colcon_core.package_identification:_identify(data) by extension 'python_setup_py'
[0.808s] Level 1:colcon.colcon_core.package_identification:_identify(deep_q_network) by extensions ['ignore', 'ignore_ament_install']
[0.808s] Level 1:colcon.colcon_core.package_identification:_identify(deep_q_network) by extension 'ignore'
[0.808s] Level 1:colcon.colcon_core.package_identification:_identify(deep_q_network) by extension 'ignore_ament_install'
[0.808s] Level 1:colcon.colcon_core.package_identification:_identify(deep_q_network) by extensions ['colcon_pkg']
[0.808s] Level 1:colcon.colcon_core.package_identification:_identify(deep_q_network) by extension 'colcon_pkg'
[0.808s] Level 1:colcon.colcon_core.package_identification:_identify(deep_q_network) by extensions ['colcon_meta']
[0.808s] Level 1:colcon.colcon_core.package_identification:_identify(deep_q_network) by extension 'colcon_meta'
[0.808s] Level 1:colcon.colcon_core.package_identification:_identify(deep_q_network) by extensions ['ros']
[0.808s] Level 1:colcon.colcon_core.package_identification:_identify(deep_q_network) by extension 'ros'
[0.808s] Level 1:colcon.colcon_core.package_identification:_identify(deep_q_network) by extensions ['cmake', 'python']
[0.808s] Level 1:colcon.colcon_core.package_identification:_identify(deep_q_network) by extension 'cmake'
[0.808s] Level 1:colcon.colcon_core.package_identification:_identify(deep_q_network) by extension 'python'
[0.808s] Level 1:colcon.colcon_core.package_identification:_identify(deep_q_network) by extensions ['python_setup_py']
[0.808s] Level 1:colcon.colcon_core.package_identification:_identify(deep_q_network) by extension 'python_setup_py'
[0.808s] Level 1:colcon.colcon_core.package_identification:_identify(install) by extensions ['ignore', 'ignore_ament_install']
[0.809s] Level 1:colcon.colcon_core.package_identification:_identify(install) by extension 'ignore'
[0.809s] Level 1:colcon.colcon_core.package_identification:_identify(install) ignored
[0.809s] Level 1:colcon.colcon_core.package_identification:_identify(log) by extensions ['ignore', 'ignore_ament_install']
[0.809s] Level 1:colcon.colcon_core.package_identification:_identify(log) by extension 'ignore'
[0.809s] Level 1:colcon.colcon_core.package_identification:_identify(log) ignored
[0.809s] Level 1:colcon.colcon_core.package_identification:_identify(src) by extensions ['ignore', 'ignore_ament_install']
[0.809s] Level 1:colcon.colcon_core.package_identification:_identify(src) by extension 'ignore'
[0.809s] Level 1:colcon.colcon_core.package_identification:_identify(src) by extension 'ignore_ament_install'
[0.809s] Level 1:colcon.colcon_core.package_identification:_identify(src) by extensions ['colcon_pkg']
[0.809s] Level 1:colcon.colcon_core.package_identification:_identify(src) by extension 'colcon_pkg'
[0.809s] Level 1:colcon.colcon_core.package_identification:_identify(src) by extensions ['colcon_meta']
[0.809s] Level 1:colcon.colcon_core.package_identification:_identify(src) by extension 'colcon_meta'
[0.809s] Level 1:colcon.colcon_core.package_identification:_identify(src) by extensions ['ros']
[0.809s] Level 1:colcon.colcon_core.package_identification:_identify(src) by extension 'ros'
[0.809s] Level 1:colcon.colcon_core.package_identification:_identify(src) by extensions ['cmake', 'python']
[0.810s] Level 1:colcon.colcon_core.package_identification:_identify(src) by extension 'cmake'
[0.810s] Level 1:colcon.colcon_core.package_identification:_identify(src) by extension 'python'
[0.810s] Level 1:colcon.colcon_core.package_identification:_identify(src) by extensions ['python_setup_py']
[0.810s] Level 1:colcon.colcon_core.package_identification:_identify(src) by extension 'python_setup_py'
[0.810s] Level 1:colcon.colcon_core.package_identification:_identify(src/build) by extensions ['ignore', 'ignore_ament_install']
[0.810s] Level 1:colcon.colcon_core.package_identification:_identify(src/build) by extension 'ignore'
[0.810s] Level 1:colcon.colcon_core.package_identification:_identify(src/build) ignored
[0.810s] Level 1:colcon.colcon_core.package_identification:_identify(src/install) by extensions ['ignore', 'ignore_ament_install']
[0.810s] Level 1:colcon.colcon_core.package_identification:_identify(src/install) by extension 'ignore'
[0.810s] Level 1:colcon.colcon_core.package_identification:_identify(src/install) ignored
[0.811s] Level 1:colcon.colcon_core.package_identification:_identify(src/log) by extensions ['ignore', 'ignore_ament_install']
[0.811s] Level 1:colcon.colcon_core.package_identification:_identify(src/log) by extension 'ignore'
[0.811s] Level 1:colcon.colcon_core.package_identification:_identify(src/log) ignored
[0.811s] Level 1:colcon.colcon_core.package_identification:_identify(src/tb3_learning_py) by extensions ['ignore', 'ignore_ament_install']
[0.811s] Level 1:colcon.colcon_core.package_identification:_identify(src/tb3_learning_py) by extension 'ignore'
[0.811s] Level 1:colcon.colcon_core.package_identification:_identify(src/tb3_learning_py) by extension 'ignore_ament_install'
[0.811s] Level 1:colcon.colcon_core.package_identification:_identify(src/tb3_learning_py) by extensions ['colcon_pkg']
[0.811s] Level 1:colcon.colcon_core.package_identification:_identify(src/tb3_learning_py) by extension 'colcon_pkg'
[0.811s] Level 1:colcon.colcon_core.package_identification:_identify(src/tb3_learning_py) by extensions ['colcon_meta']
[0.811s] Level 1:colcon.colcon_core.package_identification:_identify(src/tb3_learning_py) by extension 'colcon_meta'
[0.811s] Level 1:colcon.colcon_core.package_identification:_identify(src/tb3_learning_py) by extensions ['ros']
[0.811s] Level 1:colcon.colcon_core.package_identification:_identify(src/tb3_learning_py) by extension 'ros'
[0.813s] DEBUG:colcon.colcon_core.package_identification:Package 'src/tb3_learning_py' with type 'ros.ament_python' and name 'tb3_learning_py'
[0.813s] Level 1:colcon.colcon_core.package_identification:_identify(src/tb3_op) by extensions ['ignore', 'ignore_ament_install']
[0.813s] Level 1:colcon.colcon_core.package_identification:_identify(src/tb3_op) by extension 'ignore'
[0.813s] Level 1:colcon.colcon_core.package_identification:_identify(src/tb3_op) by extension 'ignore_ament_install'
[0.813s] Level 1:colcon.colcon_core.package_identification:_identify(src/tb3_op) by extensions ['colcon_pkg']
[0.813s] Level 1:colcon.colcon_core.package_identification:_identify(src/tb3_op) by extension 'colcon_pkg'
[0.813s] Level 1:colcon.colcon_core.package_identification:_identify(src/tb3_op) by extensions ['colcon_meta']
[0.813s] Level 1:colcon.colcon_core.package_identification:_identify(src/tb3_op) by extension 'colcon_meta'
[0.813s] Level 1:colcon.colcon_core.package_identification:_identify(src/tb3_op) by extensions ['ros']
[0.813s] Level 1:colcon.colcon_core.package_identification:_identify(src/tb3_op) by extension 'ros'
[0.814s] DEBUG:colcon.colcon_core.package_identification:Package 'src/tb3_op' with type 'ros.ament_cmake' and name 'tb3_op'
[0.814s] Level 1:colcon.colcon_core.package_identification:_identify(src/tb3_sq) by extensions ['ignore', 'ignore_ament_install']
[0.814s] Level 1:colcon.colcon_core.package_identification:_identify(src/tb3_sq) by extension 'ignore'
[0.814s] Level 1:colcon.colcon_core.package_identification:_identify(src/tb3_sq) by extension 'ignore_ament_install'
[0.814s] Level 1:colcon.colcon_core.package_identification:_identify(src/tb3_sq) by extensions ['colcon_pkg']
[0.814s] Level 1:colcon.colcon_core.package_identification:_identify(src/tb3_sq) by extension 'colcon_pkg'
[0.814s] Level 1:colcon.colcon_core.package_identification:_identify(src/tb3_sq) by extensions ['colcon_meta']
[0.814s] Level 1:colcon.colcon_core.package_identification:_identify(src/tb3_sq) by extension 'colcon_meta'
[0.814s] Level 1:colcon.colcon_core.package_identification:_identify(src/tb3_sq) by extensions ['ros']
[0.814s] Level 1:colcon.colcon_core.package_identification:_identify(src/tb3_sq) by extension 'ros'
[0.814s] DEBUG:colcon.colcon_core.package_identification:Package 'src/tb3_sq' with type 'ros.ament_cmake' and name 'tb3_sq'
[0.815s] Level 1:colcon.colcon_core.package_discovery:discover_packages(recursive) using defaults
[0.815s] Level 1:colcon.colcon_core.package_discovery:discover_packages(ignore) discover
[0.815s] Level 1:colcon.colcon_core.package_discovery:discover_packages(ignore) using defaults
[0.815s] Level 1:colcon.colcon_core.package_discovery:discover_packages(path) discover
[0.815s] Level 1:colcon.colcon_core.package_discovery:discover_packages(path) using defaults
[0.862s] INFO:colcon.colcon_core.package_selection:Skipping not selected package 'tb3_learning_py' in 'src/tb3_learning_py'
[0.862s] INFO:colcon.colcon_core.package_selection:Skipping not selected package 'tb3_sq' in 'src/tb3_sq'
[0.884s] Level 1:colcon.colcon_core.package_discovery:discover_packages(prefix_path) check parameters
[0.884s] Level 1:colcon.colcon_core.package_discovery:discover_packages(prefix_path) discover
[0.907s] DEBUG:colcon.colcon_installed_package_information.package_discovery:Found 3 installed packages in /home/meip-users/tb3_op/install
[0.926s] DEBUG:colcon.colcon_installed_package_information.package_discovery:Found 3 installed packages in /home/meip-users/hakoniwa-ros2sim/hakoniwa-ros2pdu/workspace/install
[0.938s] DEBUG:colcon.colcon_installed_package_information.package_discovery:Found 387 installed packages in /opt/ros/humble
[0.939s] Level 1:colcon.colcon_core.package_discovery:discover_packages(prefix_path) using defaults
[1.015s] Level 5:colcon.colcon_core.verb:set package 'tb3_op' build argument 'cmake_args' from command line to 'None'
[1.015s] Level 5:colcon.colcon_core.verb:set package 'tb3_op' build argument 'cmake_target' from command line to 'None'
[1.015s] Level 5:colcon.colcon_core.verb:set package 'tb3_op' build argument 'cmake_target_skip_unavailable' from command line to 'False'
[1.015s] Level 5:colcon.colcon_core.verb:set package 'tb3_op' build argument 'cmake_clean_cache' from command line to 'False'
[1.015s] Level 5:colcon.colcon_core.verb:set package 'tb3_op' build argument 'cmake_clean_first' from command line to 'False'
[1.015s] Level 5:colcon.colcon_core.verb:set package 'tb3_op' build argument 'cmake_force_configure' from command line to 'False'
[1.015s] Level 5:colcon.colcon_core.verb:set package 'tb3_op' build argument 'ament_cmake_args' from command line to 'None'
[1.015s] Level 5:colcon.colcon_core.verb:set package 'tb3_op' build argument 'catkin_cmake_args' from command line to 'None'
[1.015s] Level 5:colcon.colcon_core.verb:set package 'tb3_op' build argument 'catkin_skip_building_tests' from command line to 'False'
[1.015s] DEBUG:colcon.colcon_core.verb:Building package 'tb3_op' with the following arguments: {'ament_cmake_args': None, 'build_base': '/home/meip-users/tb3_op/build/tb3_op', 'catkin_cmake_args': None, 'catkin_skip_building_tests': False, 'cmake_args': None, 'cmake_clean_cache': False, 'cmake_clean_first': False, 'cmake_force_configure': False, 'cmake_target': None, 'cmake_target_skip_unavailable': False, 'install_base': '/home/meip-users/tb3_op/install/tb3_op', 'merge_install': False, 'path': '/home/meip-users/tb3_op/src/tb3_op', 'symlink_install': False, 'test_result_base': None}
[1.026s] INFO:colcon.colcon_core.executor:Executing jobs using 'parallel' executor
[1.038s] DEBUG:colcon.colcon_parallel_executor.executor.parallel:run_until_complete
[1.038s] INFO:colcon.colcon_ros.task.ament_cmake.build:Building ROS package in '/home/meip-users/tb3_op/src/tb3_op' with build type 'ament_cmake'
[1.038s] INFO:colcon.colcon_cmake.task.cmake.build:Building CMake package in '/home/meip-users/tb3_op/src/tb3_op'
[1.050s] INFO:colcon.colcon_core.plugin_system:Skipping extension 'colcon_core.shell.bat': Not used on non-Windows systems
[1.050s] INFO:colcon.colcon_core.shell:Skip shell extension 'powershell' for command environment: Not usable outside of PowerShell
[1.051s] DEBUG:colcon.colcon_core.shell:Skip shell extension 'dsv' for command environment
[1.107s] DEBUG:colcon.colcon_core.event_handler.log_command:Invoking command in '/home/meip-users/tb3_op/build/tb3_op': CMAKE_PREFIX_PATH=${CMAKE_PREFIX_PATH}:/home/meip-users/tb3_op/install/tb3_learning_py:/opt/ros/humble /usr/bin/cmake --build /home/meip-users/tb3_op/build/tb3_op -- -j8 -l8
[1.160s] DEBUG:colcon.colcon_core.event_handler.log_command:Invoked command in '/home/meip-users/tb3_op/build/tb3_op' returned '0': CMAKE_PREFIX_PATH=${CMAKE_PREFIX_PATH}:/home/meip-users/tb3_op/install/tb3_learning_py:/opt/ros/humble /usr/bin/cmake --build /home/meip-users/tb3_op/build/tb3_op -- -j8 -l8
[1.195s] DEBUG:colcon.colcon_core.event_handler.log_command:Invoking command in '/home/meip-users/tb3_op/build/tb3_op': CMAKE_PREFIX_PATH=${CMAKE_PREFIX_PATH}:/home/meip-users/tb3_op/install/tb3_learning_py:/opt/ros/humble /usr/bin/cmake --install /home/meip-users/tb3_op/build/tb3_op
[1.205s] Level 1:colcon.colcon_core.environment:create_environment_scripts_only(tb3_op)
[1.205s] DEBUG:colcon.colcon_core.event_handler.log_command:Invoked command in '/home/meip-users/tb3_op/build/tb3_op' returned '0': CMAKE_PREFIX_PATH=${CMAKE_PREFIX_PATH}:/home/meip-users/tb3_op/install/tb3_learning_py:/opt/ros/humble /usr/bin/cmake --install /home/meip-users/tb3_op/build/tb3_op
[1.221s] Level 1:colcon.colcon_core.environment:checking '/home/meip-users/tb3_op/install/tb3_op' for CMake module files
[1.221s] Level 1:colcon.colcon_core.environment:checking '/home/meip-users/tb3_op/install/tb3_op' for CMake config files
[1.221s] Level 1:colcon.colcon_core.shell:create_environment_hook('tb3_op', 'cmake_prefix_path')
[1.233s] INFO:colcon.colcon_core.shell:Creating environment hook '/home/meip-users/tb3_op/install/tb3_op/share/tb3_op/hook/cmake_prefix_path.ps1'
[1.233s] INFO:colcon.colcon_core.shell:Creating environment descriptor '/home/meip-users/tb3_op/install/tb3_op/share/tb3_op/hook/cmake_prefix_path.dsv'
[1.234s] INFO:colcon.colcon_core.shell:Creating environment hook '/home/meip-users/tb3_op/install/tb3_op/share/tb3_op/hook/cmake_prefix_path.sh'
[1.234s] Level 1:colcon.colcon_core.environment:checking '/home/meip-users/tb3_op/install/tb3_op/lib'
[1.234s] Level 1:colcon.colcon_core.environment:checking '/home/meip-users/tb3_op/install/tb3_op/bin'
[1.234s] Level 1:colcon.colcon_core.environment:checking '/home/meip-users/tb3_op/install/tb3_op/lib/pkgconfig/tb3_op.pc'
[1.235s] Level 1:colcon.colcon_core.environment:checking '/home/meip-users/tb3_op/install/tb3_op/lib/python3.10/site-packages'
[1.235s] Level 1:colcon.colcon_core.environment:checking '/home/meip-users/tb3_op/install/tb3_op/bin'
[1.246s] INFO:colcon.colcon_core.shell:Creating package script '/home/meip-users/tb3_op/install/tb3_op/share/tb3_op/package.ps1'
[1.247s] INFO:colcon.colcon_core.shell:Creating package descriptor '/home/meip-users/tb3_op/install/tb3_op/share/tb3_op/package.dsv'
[1.247s] INFO:colcon.colcon_core.shell:Creating package script '/home/meip-users/tb3_op/install/tb3_op/share/tb3_op/package.sh'
[1.247s] INFO:colcon.colcon_core.shell:Creating package script '/home/meip-users/tb3_op/install/tb3_op/share/tb3_op/package.bash'
[1.248s] INFO:colcon.colcon_core.shell:Creating package script '/home/meip-users/tb3_op/install/tb3_op/share/tb3_op/package.zsh'
[1.248s] Level 1:colcon.colcon_core.environment:create_file_with_runtime_dependencies(/home/meip-users/tb3_op/install/tb3_op/share/colcon-core/packages/tb3_op)
[1.278s] Level 1:colcon.colcon_core.environment:create_environment_scripts_only(tb3_op)
[1.288s] Level 1:colcon.colcon_core.environment:checking '/home/meip-users/tb3_op/install/tb3_op' for CMake module files
[1.288s] Level 1:colcon.colcon_core.environment:checking '/home/meip-users/tb3_op/install/tb3_op' for CMake config files
[1.289s] Level 1:colcon.colcon_core.shell:create_environment_hook('tb3_op', 'cmake_prefix_path')
[1.299s] INFO:colcon.colcon_core.shell:Creating environment hook '/home/meip-users/tb3_op/install/tb3_op/share/tb3_op/hook/cmake_prefix_path.ps1'
[1.299s] INFO:colcon.colcon_core.shell:Creating environment descriptor '/home/meip-users/tb3_op/install/tb3_op/share/tb3_op/hook/cmake_prefix_path.dsv'
[1.299s] INFO:colcon.colcon_core.shell:Creating environment hook '/home/meip-users/tb3_op/install/tb3_op/share/tb3_op/hook/cmake_prefix_path.sh'
[1.300s] Level 1:colcon.colcon_core.environment:checking '/home/meip-users/tb3_op/install/tb3_op/lib'
[1.300s] Level 1:colcon.colcon_core.environment:checking '/home/meip-users/tb3_op/install/tb3_op/bin'
[1.300s] Level 1:colcon.colcon_core.environment:checking '/home/meip-users/tb3_op/install/tb3_op/lib/pkgconfig/tb3_op.pc'
[1.300s] Level 1:colcon.colcon_core.environment:checking '/home/meip-users/tb3_op/install/tb3_op/lib/python3.10/site-packages'
[1.300s] Level 1:colcon.colcon_core.environment:checking '/home/meip-users/tb3_op/install/tb3_op/bin'
[1.311s] INFO:colcon.colcon_core.shell:Creating package script '/home/meip-users/tb3_op/install/tb3_op/share/tb3_op/package.ps1'
[1.311s] INFO:colcon.colcon_core.shell:Creating package descriptor '/home/meip-users/tb3_op/install/tb3_op/share/tb3_op/package.dsv'
[1.311s] INFO:colcon.colcon_core.shell:Creating package script '/home/meip-users/tb3_op/install/tb3_op/share/tb3_op/package.sh'
[1.312s] INFO:colcon.colcon_core.shell:Creating package script '/home/meip-users/tb3_op/install/tb3_op/share/tb3_op/package.bash'
[1.312s] INFO:colcon.colcon_core.shell:Creating package script '/home/meip-users/tb3_op/install/tb3_op/share/tb3_op/package.zsh'
[1.312s] Level 1:colcon.colcon_core.environment:create_file_with_runtime_dependencies(/home/meip-users/tb3_op/install/tb3_op/share/colcon-core/packages/tb3_op)
[1.312s] DEBUG:colcon.colcon_parallel_executor.executor.parallel:closing loop
[1.312s] DEBUG:colcon.colcon_parallel_executor.executor.parallel:loop closed
[1.313s] DEBUG:colcon.colcon_parallel_executor.executor.parallel:run_until_complete finished with '0'
[1.313s] DEBUG:colcon.colcon_core.event_reactor:joining thread
[1.331s] INFO:colcon.colcon_core.plugin_system:Skipping extension 'colcon_notification.desktop_notification.terminal_notifier': Not used on non-Darwin systems
[1.331s] INFO:colcon.colcon_core.plugin_system:Skipping extension 'colcon_notification.desktop_notification.win32': Not used on non-Windows systems
[1.331s] INFO:colcon.colcon_notification.desktop_notification:Sending desktop notification using 'notify2'
[1.340s] DEBUG:colcon.colcon_core.event_reactor:joined thread
[1.351s] INFO:colcon.colcon_core.shell:Creating prefix script '/home/meip-users/tb3_op/install/local_setup.ps1'
[1.352s] INFO:colcon.colcon_core.shell:Creating prefix util module '/home/meip-users/tb3_op/install/_local_setup_util_ps1.py'
[1.353s] INFO:colcon.colcon_core.shell:Creating prefix chain script '/home/meip-users/tb3_op/install/setup.ps1'
[1.365s] INFO:colcon.colcon_core.shell:Creating prefix script '/home/meip-users/tb3_op/install/local_setup.sh'
[1.365s] INFO:colcon.colcon_core.shell:Creating prefix util module '/home/meip-users/tb3_op/install/_local_setup_util_sh.py'
[1.365s] INFO:colcon.colcon_core.shell:Creating prefix chain script '/home/meip-users/tb3_op/install/setup.sh'
[1.377s] INFO:colcon.colcon_core.shell:Creating prefix script '/home/meip-users/tb3_op/install/local_setup.bash'
[1.377s] INFO:colcon.colcon_core.shell:Creating prefix chain script '/home/meip-users/tb3_op/install/setup.bash'
[1.389s] INFO:colcon.colcon_core.shell:Creating prefix script '/home/meip-users/tb3_op/install/local_setup.zsh'
[1.389s] INFO:colcon.colcon_core.shell:Creating prefix chain script '/home/meip-users/tb3_op/install/setup.zsh'
