[0.997s] DEBUG:colcon:Command line arguments: ['/usr/bin/colcon', 'build', '--symlink-install']
[0.998s] DEBUG:colcon:Parsed command line arguments: Namespace(log_base=None, log_level=None, verb_name='build', build_base='build', install_base='install', merge_install=False, symlink_install=True, test_result_base=None, continue_on_error=False, executor='parallel', parallel_workers=8, event_handlers=None, ignore_user_meta=False, metas=['./colcon.meta'], base_paths=['.'], packages_ignore=None, packages_ignore_regex=None, paths=None, packages_up_to=None, packages_up_to_regex=None, packages_above=None, packages_above_and_dependencies=None, packages_above_depth=None, packages_select_by_dep=None, packages_skip_by_dep=None, packages_skip_up_to=None, packages_select_build_failed=False, packages_skip_build_finished=False, packages_select_test_failures=False, packages_skip_test_passed=False, packages_select=None, packages_skip=None, packages_select_regex=None, packages_skip_regex=None, packages_start=None, packages_end=None, allow_overriding=[], cmake_args=None, cmake_target=None, cmake_target_skip_unavailable=False, cmake_clean_cache=False, cmake_clean_first=False, cmake_force_configure=False, ament_cmake_args=None, catkin_cmake_args=None, catkin_skip_building_tests=False, verb_parser=<colcon_defaults.argument_parser.defaults.DefaultArgumentsDecorator object at 0x7f2ecbacef50>, verb_extension=<colcon_core.verb.build.BuildVerb object at 0x7f2ecbc518d0>, main=<bound method BuildVerb.main of <colcon_core.verb.build.BuildVerb object at 0x7f2ecbc518d0>>)
[1.032s] Level 1:colcon.colcon_core.package_discovery:discover_packages(colcon_meta) check parameters
[1.032s] Level 1:colcon.colcon_core.package_discovery:discover_packages(recursive) check parameters
[1.032s] Level 1:colcon.colcon_core.package_discovery:discover_packages(ignore) check parameters
[1.032s] Level 1:colcon.colcon_core.package_discovery:discover_packages(path) check parameters
[1.032s] Level 1:colcon.colcon_core.package_discovery:discover_packages(colcon_meta) discover
[1.032s] Level 1:colcon.colcon_core.package_discovery:discover_packages(recursive) discover
[1.032s] INFO:colcon.colcon_core.package_discovery:Crawling recursively for packages in '/home/meip-users/tb3_op'
[1.033s] Level 1:colcon.colcon_core.package_identification:_identify(.) by extensions ['ignore', 'ignore_ament_install']
[1.033s] Level 1:colcon.colcon_core.package_identification:_identify(.) by extension 'ignore'
[1.033s] Level 1:colcon.colcon_core.package_identification:_identify(.) by extension 'ignore_ament_install'
[1.033s] Level 1:colcon.colcon_core.package_identification:_identify(.) by extensions ['colcon_pkg']
[1.033s] Level 1:colcon.colcon_core.package_identification:_identify(.) by extension 'colcon_pkg'
[1.033s] Level 1:colcon.colcon_core.package_identification:_identify(.) by extensions ['colcon_meta']
[1.033s] Level 1:colcon.colcon_core.package_identification:_identify(.) by extension 'colcon_meta'
[1.033s] Level 1:colcon.colcon_core.package_identification:_identify(.) by extensions ['ros']
[1.033s] Level 1:colcon.colcon_core.package_identification:_identify(.) by extension 'ros'
[1.041s] Level 1:colcon.colcon_core.package_identification:_identify(.) by extensions ['cmake', 'python']
[1.041s] Level 1:colcon.colcon_core.package_identification:_identify(.) by extension 'cmake'
[1.041s] Level 1:colcon.colcon_core.package_identification:_identify(.) by extension 'python'
[1.041s] Level 1:colcon.colcon_core.package_identification:_identify(.) by extensions ['python_setup_py']
[1.041s] Level 1:colcon.colcon_core.package_identification:_identify(.) by extension 'python_setup_py'
[1.041s] Level 1:colcon.colcon_core.package_identification:_identify(build) by extensions ['ignore', 'ignore_ament_install']
[1.041s] Level 1:colcon.colcon_core.package_identification:_identify(build) by extension 'ignore'
[1.041s] Level 1:colcon.colcon_core.package_identification:_identify(build) ignored
[1.041s] Level 1:colcon.colcon_core.package_identification:_identify(install) by extensions ['ignore', 'ignore_ament_install']
[1.041s] Level 1:colcon.colcon_core.package_identification:_identify(install) by extension 'ignore'
[1.041s] Level 1:colcon.colcon_core.package_identification:_identify(install) ignored
[1.041s] Level 1:colcon.colcon_core.package_identification:_identify(log) by extensions ['ignore', 'ignore_ament_install']
[1.041s] Level 1:colcon.colcon_core.package_identification:_identify(log) by extension 'ignore'
[1.041s] Level 1:colcon.colcon_core.package_identification:_identify(log) ignored
[1.041s] Level 1:colcon.colcon_core.package_identification:_identify(src) by extensions ['ignore', 'ignore_ament_install']
[1.041s] Level 1:colcon.colcon_core.package_identification:_identify(src) by extension 'ignore'
[1.041s] Level 1:colcon.colcon_core.package_identification:_identify(src) by extension 'ignore_ament_install'
[1.041s] Level 1:colcon.colcon_core.package_identification:_identify(src) by extensions ['colcon_pkg']
[1.041s] Level 1:colcon.colcon_core.package_identification:_identify(src) by extension 'colcon_pkg'
[1.042s] Level 1:colcon.colcon_core.package_identification:_identify(src) by extensions ['colcon_meta']
[1.042s] Level 1:colcon.colcon_core.package_identification:_identify(src) by extension 'colcon_meta'
[1.042s] Level 1:colcon.colcon_core.package_identification:_identify(src) by extensions ['ros']
[1.042s] Level 1:colcon.colcon_core.package_identification:_identify(src) by extension 'ros'
[1.042s] Level 1:colcon.colcon_core.package_identification:_identify(src) by extensions ['cmake', 'python']
[1.042s] Level 1:colcon.colcon_core.package_identification:_identify(src) by extension 'cmake'
[1.042s] Level 1:colcon.colcon_core.package_identification:_identify(src) by extension 'python'
[1.042s] Level 1:colcon.colcon_core.package_identification:_identify(src) by extensions ['python_setup_py']
[1.042s] Level 1:colcon.colcon_core.package_identification:_identify(src) by extension 'python_setup_py'
[1.042s] Level 1:colcon.colcon_core.package_identification:_identify(src/tb3_learning_py) by extensions ['ignore', 'ignore_ament_install']
[1.042s] Level 1:colcon.colcon_core.package_identification:_identify(src/tb3_learning_py) by extension 'ignore'
[1.042s] Level 1:colcon.colcon_core.package_identification:_identify(src/tb3_learning_py) by extension 'ignore_ament_install'
[1.042s] Level 1:colcon.colcon_core.package_identification:_identify(src/tb3_learning_py) by extensions ['colcon_pkg']
[1.042s] Level 1:colcon.colcon_core.package_identification:_identify(src/tb3_learning_py) by extension 'colcon_pkg'
[1.042s] Level 1:colcon.colcon_core.package_identification:_identify(src/tb3_learning_py) by extensions ['colcon_meta']
[1.042s] Level 1:colcon.colcon_core.package_identification:_identify(src/tb3_learning_py) by extension 'colcon_meta'
[1.042s] Level 1:colcon.colcon_core.package_identification:_identify(src/tb3_learning_py) by extensions ['ros']
[1.042s] Level 1:colcon.colcon_core.package_identification:_identify(src/tb3_learning_py) by extension 'ros'
[1.044s] DEBUG:colcon.colcon_core.package_identification:Package 'src/tb3_learning_py' with type 'ros.ament_python' and name 'tb3_learning_py'
[1.044s] Level 1:colcon.colcon_core.package_identification:_identify(src/tb3_op) by extensions ['ignore', 'ignore_ament_install']
[1.044s] Level 1:colcon.colcon_core.package_identification:_identify(src/tb3_op) by extension 'ignore'
[1.044s] Level 1:colcon.colcon_core.package_identification:_identify(src/tb3_op) by extension 'ignore_ament_install'
[1.044s] Level 1:colcon.colcon_core.package_identification:_identify(src/tb3_op) by extensions ['colcon_pkg']
[1.044s] Level 1:colcon.colcon_core.package_identification:_identify(src/tb3_op) by extension 'colcon_pkg'
[1.044s] Level 1:colcon.colcon_core.package_identification:_identify(src/tb3_op) by extensions ['colcon_meta']
[1.044s] Level 1:colcon.colcon_core.package_identification:_identify(src/tb3_op) by extension 'colcon_meta'
[1.044s] Level 1:colcon.colcon_core.package_identification:_identify(src/tb3_op) by extensions ['ros']
[1.044s] Level 1:colcon.colcon_core.package_identification:_identify(src/tb3_op) by extension 'ros'
[1.045s] DEBUG:colcon.colcon_core.package_identification:Package 'src/tb3_op' with type 'ros.ament_cmake' and name 'tb3_op'
[1.045s] Level 1:colcon.colcon_core.package_discovery:discover_packages(recursive) using defaults
[1.045s] Level 1:colcon.colcon_core.package_discovery:discover_packages(ignore) discover
[1.045s] Level 1:colcon.colcon_core.package_discovery:discover_packages(ignore) using defaults
[1.045s] Level 1:colcon.colcon_core.package_discovery:discover_packages(path) discover
[1.045s] Level 1:colcon.colcon_core.package_discovery:discover_packages(path) using defaults
[1.112s] Level 1:colcon.colcon_core.package_discovery:discover_packages(prefix_path) check parameters
[1.112s] Level 1:colcon.colcon_core.package_discovery:discover_packages(prefix_path) discover
[1.135s] DEBUG:colcon.colcon_installed_package_information.package_discovery:Found 387 installed packages in /opt/ros/humble
[1.144s] Level 1:colcon.colcon_core.package_discovery:discover_packages(prefix_path) using defaults
[1.219s] Level 5:colcon.colcon_core.verb:set package 'tb3_learning_py' build argument 'cmake_args' from command line to 'None'
[1.219s] Level 5:colcon.colcon_core.verb:set package 'tb3_learning_py' build argument 'cmake_target' from command line to 'None'
[1.219s] Level 5:colcon.colcon_core.verb:set package 'tb3_learning_py' build argument 'cmake_target_skip_unavailable' from command line to 'False'
[1.219s] Level 5:colcon.colcon_core.verb:set package 'tb3_learning_py' build argument 'cmake_clean_cache' from command line to 'False'
[1.219s] Level 5:colcon.colcon_core.verb:set package 'tb3_learning_py' build argument 'cmake_clean_first' from command line to 'False'
[1.219s] Level 5:colcon.colcon_core.verb:set package 'tb3_learning_py' build argument 'cmake_force_configure' from command line to 'False'
[1.219s] Level 5:colcon.colcon_core.verb:set package 'tb3_learning_py' build argument 'ament_cmake_args' from command line to 'None'
[1.219s] Level 5:colcon.colcon_core.verb:set package 'tb3_learning_py' build argument 'catkin_cmake_args' from command line to 'None'
[1.219s] Level 5:colcon.colcon_core.verb:set package 'tb3_learning_py' build argument 'catkin_skip_building_tests' from command line to 'False'
[1.219s] DEBUG:colcon.colcon_core.verb:Building package 'tb3_learning_py' with the following arguments: {'ament_cmake_args': None, 'build_base': '/home/meip-users/tb3_op/build/tb3_learning_py', 'catkin_cmake_args': None, 'catkin_skip_building_tests': False, 'cmake_args': None, 'cmake_clean_cache': False, 'cmake_clean_first': False, 'cmake_force_configure': False, 'cmake_target': None, 'cmake_target_skip_unavailable': False, 'install_base': '/home/meip-users/tb3_op/install/tb3_learning_py', 'merge_install': False, 'path': '/home/meip-users/tb3_op/src/tb3_learning_py', 'symlink_install': True, 'test_result_base': None}
[1.230s] Level 5:colcon.colcon_core.verb:set package 'tb3_op' build argument 'cmake_args' from command line to 'None'
[1.230s] Level 5:colcon.colcon_core.verb:set package 'tb3_op' build argument 'cmake_target' from command line to 'None'
[1.230s] Level 5:colcon.colcon_core.verb:set package 'tb3_op' build argument 'cmake_target_skip_unavailable' from command line to 'False'
[1.230s] Level 5:colcon.colcon_core.verb:set package 'tb3_op' build argument 'cmake_clean_cache' from command line to 'False'
[1.230s] Level 5:colcon.colcon_core.verb:set package 'tb3_op' build argument 'cmake_clean_first' from command line to 'False'
[1.230s] Level 5:colcon.colcon_core.verb:set package 'tb3_op' build argument 'cmake_force_configure' from command line to 'False'
[1.230s] Level 5:colcon.colcon_core.verb:set package 'tb3_op' build argument 'ament_cmake_args' from command line to 'None'
[1.230s] Level 5:colcon.colcon_core.verb:set package 'tb3_op' build argument 'catkin_cmake_args' from command line to 'None'
[1.230s] Level 5:colcon.colcon_core.verb:set package 'tb3_op' build argument 'catkin_skip_building_tests' from command line to 'False'
[1.230s] DEBUG:colcon.colcon_core.verb:Building package 'tb3_op' with the following arguments: {'ament_cmake_args': None, 'build_base': '/home/meip-users/tb3_op/build/tb3_op', 'catkin_cmake_args': None, 'catkin_skip_building_tests': False, 'cmake_args': None, 'cmake_clean_cache': False, 'cmake_clean_first': False, 'cmake_force_configure': False, 'cmake_target': None, 'cmake_target_skip_unavailable': False, 'install_base': '/home/meip-users/tb3_op/install/tb3_op', 'merge_install': False, 'path': '/home/meip-users/tb3_op/src/tb3_op', 'symlink_install': True, 'test_result_base': None}
[1.240s] INFO:colcon.colcon_core.executor:Executing jobs using 'parallel' executor
[1.251s] DEBUG:colcon.colcon_parallel_executor.executor.parallel:run_until_complete
[1.252s] INFO:colcon.colcon_ros.task.ament_python.build:Building ROS package in '/home/meip-users/tb3_op/src/tb3_learning_py' with build type 'ament_python'
[1.252s] Level 1:colcon.colcon_core.shell:create_environment_hook('tb3_learning_py', 'ament_prefix_path')
[1.264s] INFO:colcon.colcon_core.plugin_system:Skipping extension 'colcon_core.shell.bat': Not used on non-Windows systems
[1.264s] INFO:colcon.colcon_core.shell:Creating environment hook '/home/meip-users/tb3_op/install/tb3_learning_py/share/tb3_learning_py/hook/ament_prefix_path.ps1'
[1.264s] INFO:colcon.colcon_core.shell:Creating environment descriptor '/home/meip-users/tb3_op/install/tb3_learning_py/share/tb3_learning_py/hook/ament_prefix_path.dsv'
[1.265s] INFO:colcon.colcon_core.shell:Creating environment hook '/home/meip-users/tb3_op/install/tb3_learning_py/share/tb3_learning_py/hook/ament_prefix_path.sh'
[1.276s] INFO:colcon.colcon_core.shell:Skip shell extension 'powershell' for command environment: Not usable outside of PowerShell
[1.276s] DEBUG:colcon.colcon_core.shell:Skip shell extension 'dsv' for command environment
[1.299s] INFO:colcon.colcon_ros.task.ament_cmake.build:Building ROS package in '/home/meip-users/tb3_op/src/tb3_op' with build type 'ament_cmake'
[1.299s] INFO:colcon.colcon_cmake.task.cmake.build:Building CMake package in '/home/meip-users/tb3_op/src/tb3_op'
[1.310s] INFO:colcon.colcon_core.shell:Skip shell extension 'powershell' for command environment: Not usable outside of PowerShell
[1.310s] DEBUG:colcon.colcon_core.shell:Skip shell extension 'dsv' for command environment
[1.520s] INFO:colcon.colcon_core.task.python.build:Building Python package in '/home/meip-users/tb3_op/src/tb3_learning_py'
[1.530s] INFO:colcon.colcon_core.shell:Skip shell extension 'powershell' for command environment: Not usable outside of PowerShell
[1.530s] DEBUG:colcon.colcon_core.shell:Skip shell extension 'dsv' for command environment
[1.555s] DEBUG:colcon.colcon_core.event_handler.log_command:Invoking command in '/home/meip-users/tb3_op/build/tb3_op': CMAKE_PREFIX_PATH=/opt/ros/humble /usr/bin/cmake --build /home/meip-users/tb3_op/build/tb3_op -- -j8 -l8
[1.604s] DEBUG:colcon.colcon_core.event_handler.log_command:Invoked command in '/home/meip-users/tb3_op/build/tb3_op' returned '0': CMAKE_PREFIX_PATH=/opt/ros/humble /usr/bin/cmake --build /home/meip-users/tb3_op/build/tb3_op -- -j8 -l8
[1.627s] DEBUG:colcon.colcon_core.event_handler.log_command:Invoking command in '/home/meip-users/tb3_op/build/tb3_op': CMAKE_PREFIX_PATH=/opt/ros/humble /usr/bin/cmake --install /home/meip-users/tb3_op/build/tb3_op
[1.642s] Level 1:colcon.colcon_core.environment:create_environment_scripts_only(tb3_op)
[1.642s] DEBUG:colcon.colcon_core.event_handler.log_command:Invoked command in '/home/meip-users/tb3_op/build/tb3_op' returned '0': CMAKE_PREFIX_PATH=/opt/ros/humble /usr/bin/cmake --install /home/meip-users/tb3_op/build/tb3_op
[1.657s] Level 1:colcon.colcon_core.environment:checking '/home/meip-users/tb3_op/install/tb3_op' for CMake module files
[1.657s] Level 1:colcon.colcon_core.environment:checking '/home/meip-users/tb3_op/install/tb3_op' for CMake config files
[1.657s] Level 1:colcon.colcon_core.shell:create_environment_hook('tb3_op', 'cmake_prefix_path')
[1.669s] INFO:colcon.colcon_core.shell:Creating environment hook '/home/meip-users/tb3_op/install/tb3_op/share/tb3_op/hook/cmake_prefix_path.ps1'
[1.670s] INFO:colcon.colcon_core.shell:Creating environment descriptor '/home/meip-users/tb3_op/install/tb3_op/share/tb3_op/hook/cmake_prefix_path.dsv'
[1.670s] INFO:colcon.colcon_core.shell:Creating environment hook '/home/meip-users/tb3_op/install/tb3_op/share/tb3_op/hook/cmake_prefix_path.sh'
[1.670s] Level 1:colcon.colcon_core.environment:checking '/home/meip-users/tb3_op/install/tb3_op/lib'
[1.671s] Level 1:colcon.colcon_core.environment:checking '/home/meip-users/tb3_op/install/tb3_op/bin'
[1.671s] Level 1:colcon.colcon_core.environment:checking '/home/meip-users/tb3_op/install/tb3_op/lib/pkgconfig/tb3_op.pc'
[1.671s] Level 1:colcon.colcon_core.environment:checking '/home/meip-users/tb3_op/install/tb3_op/lib/python3.10/site-packages'
[1.671s] Level 1:colcon.colcon_core.environment:checking '/home/meip-users/tb3_op/install/tb3_op/bin'
[1.683s] INFO:colcon.colcon_core.shell:Creating package script '/home/meip-users/tb3_op/install/tb3_op/share/tb3_op/package.ps1'
[1.683s] INFO:colcon.colcon_core.shell:Creating package descriptor '/home/meip-users/tb3_op/install/tb3_op/share/tb3_op/package.dsv'
[1.684s] INFO:colcon.colcon_core.shell:Creating package script '/home/meip-users/tb3_op/install/tb3_op/share/tb3_op/package.sh'
[1.684s] INFO:colcon.colcon_core.shell:Creating package script '/home/meip-users/tb3_op/install/tb3_op/share/tb3_op/package.bash'
[1.685s] INFO:colcon.colcon_core.shell:Creating package script '/home/meip-users/tb3_op/install/tb3_op/share/tb3_op/package.zsh'
[1.685s] Level 1:colcon.colcon_core.environment:create_file_with_runtime_dependencies(/home/meip-users/tb3_op/install/tb3_op/share/colcon-core/packages/tb3_op)
[1.713s] Level 1:colcon.colcon_core.environment:create_environment_scripts_only(tb3_op)
[1.724s] Level 1:colcon.colcon_core.environment:checking '/home/meip-users/tb3_op/install/tb3_op' for CMake module files
[1.725s] Level 1:colcon.colcon_core.environment:checking '/home/meip-users/tb3_op/install/tb3_op' for CMake config files
[1.725s] Level 1:colcon.colcon_core.shell:create_environment_hook('tb3_op', 'cmake_prefix_path')
[1.736s] INFO:colcon.colcon_core.shell:Creating environment hook '/home/meip-users/tb3_op/install/tb3_op/share/tb3_op/hook/cmake_prefix_path.ps1'
[1.736s] INFO:colcon.colcon_core.shell:Creating environment descriptor '/home/meip-users/tb3_op/install/tb3_op/share/tb3_op/hook/cmake_prefix_path.dsv'
[1.737s] INFO:colcon.colcon_core.shell:Creating environment hook '/home/meip-users/tb3_op/install/tb3_op/share/tb3_op/hook/cmake_prefix_path.sh'
[1.737s] Level 1:colcon.colcon_core.environment:checking '/home/meip-users/tb3_op/install/tb3_op/lib'
[1.737s] Level 1:colcon.colcon_core.environment:checking '/home/meip-users/tb3_op/install/tb3_op/bin'
[1.737s] Level 1:colcon.colcon_core.environment:checking '/home/meip-users/tb3_op/install/tb3_op/lib/pkgconfig/tb3_op.pc'
[1.737s] Level 1:colcon.colcon_core.environment:checking '/home/meip-users/tb3_op/install/tb3_op/lib/python3.10/site-packages'
[1.737s] Level 1:colcon.colcon_core.environment:checking '/home/meip-users/tb3_op/install/tb3_op/bin'
[1.749s] INFO:colcon.colcon_core.shell:Creating package script '/home/meip-users/tb3_op/install/tb3_op/share/tb3_op/package.ps1'
[1.749s] INFO:colcon.colcon_core.shell:Creating package descriptor '/home/meip-users/tb3_op/install/tb3_op/share/tb3_op/package.dsv'
[1.749s] INFO:colcon.colcon_core.shell:Creating package script '/home/meip-users/tb3_op/install/tb3_op/share/tb3_op/package.sh'
[1.750s] INFO:colcon.colcon_core.shell:Creating package script '/home/meip-users/tb3_op/install/tb3_op/share/tb3_op/package.bash'
[1.750s] INFO:colcon.colcon_core.shell:Creating package script '/home/meip-users/tb3_op/install/tb3_op/share/tb3_op/package.zsh'
[1.750s] Level 1:colcon.colcon_core.environment:create_file_with_runtime_dependencies(/home/meip-users/tb3_op/install/tb3_op/share/colcon-core/packages/tb3_op)
[1.834s] DEBUG:colcon.colcon_core.event_handler.log_command:Invoking command in '/home/meip-users/tb3_op/build/tb3_learning_py': PYTHONPATH=/home/meip-users/tb3_op/build/tb3_learning_py/prefix_override:/home/meip-users/tb3_op/install/tb3_learning_py/lib/python3.10/site-packages:${PYTHONPATH} /usr/bin/python3 setup.py develop --editable --build-directory /home/meip-users/tb3_op/build/tb3_learning_py/build --no-deps install_data
[2.169s] Level 1:colcon.colcon_core.shell:create_environment_hook('tb3_learning_py', 'pythonpath_develop')
[2.170s] DEBUG:colcon.colcon_core.event_handler.log_command:Invoked command in '/home/meip-users/tb3_op/build/tb3_learning_py' returned '0': PYTHONPATH=/home/meip-users/tb3_op/build/tb3_learning_py/prefix_override:/home/meip-users/tb3_op/install/tb3_learning_py/lib/python3.10/site-packages:${PYTHONPATH} /usr/bin/python3 setup.py develop --editable --build-directory /home/meip-users/tb3_op/build/tb3_learning_py/build --no-deps install_data
[2.181s] INFO:colcon.colcon_core.shell:Creating environment hook '/home/meip-users/tb3_op/build/tb3_learning_py/share/tb3_learning_py/hook/pythonpath_develop.ps1'
[2.181s] INFO:colcon.colcon_core.shell:Creating environment descriptor '/home/meip-users/tb3_op/build/tb3_learning_py/share/tb3_learning_py/hook/pythonpath_develop.dsv'
[2.181s] INFO:colcon.colcon_core.shell:Creating environment hook '/home/meip-users/tb3_op/build/tb3_learning_py/share/tb3_learning_py/hook/pythonpath_develop.sh'
[2.192s] Level 1:colcon.colcon_core.environment:checking '/home/meip-users/tb3_op/install/tb3_learning_py' for CMake module files
[2.193s] Level 1:colcon.colcon_core.environment:checking '/home/meip-users/tb3_op/install/tb3_learning_py' for CMake config files
[2.193s] Level 1:colcon.colcon_core.environment:checking '/home/meip-users/tb3_op/install/tb3_learning_py/lib'
[2.193s] Level 1:colcon.colcon_core.environment:checking '/home/meip-users/tb3_op/install/tb3_learning_py/bin'
[2.193s] Level 1:colcon.colcon_core.environment:checking '/home/meip-users/tb3_op/install/tb3_learning_py/lib/pkgconfig/tb3_learning_py.pc'
[2.193s] Level 1:colcon.colcon_core.environment:checking '/home/meip-users/tb3_op/install/tb3_learning_py/lib/python3.10/site-packages'
[2.193s] Level 1:colcon.colcon_core.shell:create_environment_hook('tb3_learning_py', 'pythonpath')
[2.203s] INFO:colcon.colcon_core.shell:Creating environment hook '/home/meip-users/tb3_op/install/tb3_learning_py/share/tb3_learning_py/hook/pythonpath.ps1'
[2.204s] INFO:colcon.colcon_core.shell:Creating environment descriptor '/home/meip-users/tb3_op/install/tb3_learning_py/share/tb3_learning_py/hook/pythonpath.dsv'
[2.204s] INFO:colcon.colcon_core.shell:Creating environment hook '/home/meip-users/tb3_op/install/tb3_learning_py/share/tb3_learning_py/hook/pythonpath.sh'
[2.204s] Level 1:colcon.colcon_core.environment:checking '/home/meip-users/tb3_op/install/tb3_learning_py/bin'
[2.204s] Level 1:colcon.colcon_core.environment:create_environment_scripts_only(tb3_learning_py)
[2.214s] INFO:colcon.colcon_core.shell:Creating package script '/home/meip-users/tb3_op/install/tb3_learning_py/share/tb3_learning_py/package.ps1'
[2.215s] INFO:colcon.colcon_core.shell:Creating package descriptor '/home/meip-users/tb3_op/install/tb3_learning_py/share/tb3_learning_py/package.dsv'
[2.215s] INFO:colcon.colcon_core.shell:Creating package script '/home/meip-users/tb3_op/install/tb3_learning_py/share/tb3_learning_py/package.sh'
[2.215s] INFO:colcon.colcon_core.shell:Creating package script '/home/meip-users/tb3_op/install/tb3_learning_py/share/tb3_learning_py/package.bash'
[2.215s] INFO:colcon.colcon_core.shell:Creating package script '/home/meip-users/tb3_op/install/tb3_learning_py/share/tb3_learning_py/package.zsh'
[2.216s] Level 1:colcon.colcon_core.environment:create_file_with_runtime_dependencies(/home/meip-users/tb3_op/install/tb3_learning_py/share/colcon-core/packages/tb3_learning_py)
[2.216s] DEBUG:colcon.colcon_parallel_executor.executor.parallel:closing loop
[2.216s] DEBUG:colcon.colcon_parallel_executor.executor.parallel:loop closed
[2.216s] DEBUG:colcon.colcon_parallel_executor.executor.parallel:run_until_complete finished with '0'
[2.216s] DEBUG:colcon.colcon_core.event_reactor:joining thread
[2.234s] INFO:colcon.colcon_core.plugin_system:Skipping extension 'colcon_notification.desktop_notification.terminal_notifier': Not used on non-Darwin systems
[2.234s] INFO:colcon.colcon_core.plugin_system:Skipping extension 'colcon_notification.desktop_notification.win32': Not used on non-Windows systems
[2.234s] INFO:colcon.colcon_notification.desktop_notification:Sending desktop notification using 'notify2'
[2.242s] DEBUG:colcon.colcon_core.event_reactor:joined thread
[2.254s] INFO:colcon.colcon_core.shell:Creating prefix script '/home/meip-users/tb3_op/install/local_setup.ps1'
[2.255s] INFO:colcon.colcon_core.shell:Creating prefix util module '/home/meip-users/tb3_op/install/_local_setup_util_ps1.py'
[2.256s] INFO:colcon.colcon_core.shell:Creating prefix chain script '/home/meip-users/tb3_op/install/setup.ps1'
[2.266s] INFO:colcon.colcon_core.shell:Creating prefix script '/home/meip-users/tb3_op/install/local_setup.sh'
[2.267s] INFO:colcon.colcon_core.shell:Creating prefix util module '/home/meip-users/tb3_op/install/_local_setup_util_sh.py'
[2.267s] INFO:colcon.colcon_core.shell:Creating prefix chain script '/home/meip-users/tb3_op/install/setup.sh'
[2.278s] INFO:colcon.colcon_core.shell:Creating prefix script '/home/meip-users/tb3_op/install/local_setup.bash'
[2.278s] INFO:colcon.colcon_core.shell:Creating prefix chain script '/home/meip-users/tb3_op/install/setup.bash'
[2.289s] INFO:colcon.colcon_core.shell:Creating prefix script '/home/meip-users/tb3_op/install/local_setup.zsh'
[2.290s] INFO:colcon.colcon_core.shell:Creating prefix chain script '/home/meip-users/tb3_op/install/setup.zsh'
