[1.149s] Invoking command in '/home/meip-users/tb3_op/src/tb3_learning_py': PYTHONPATH=/home/meip-users/tb3_op/build/tb3_learning_py/prefix_override:/home/meip-users/tb3_op/install/tb3_learning_py/lib/python3.10/site-packages:${PYTHONPATH} /usr/bin/python3 setup.py egg_info --egg-base ../../build/tb3_learning_py build --build-base /home/meip-users/tb3_op/build/tb3_learning_py/build install --record /home/meip-users/tb3_op/build/tb3_learning_py/install.log --single-version-externally-managed
[1.470s] running egg_info
[1.471s] writing ../../build/tb3_learning_py/tb3_learning_py.egg-info/PKG-INFO
[1.471s] writing dependency_links to ../../build/tb3_learning_py/tb3_learning_py.egg-info/dependency_links.txt
[1.471s] writing entry points to ../../build/tb3_learning_py/tb3_learning_py.egg-info/entry_points.txt
[1.471s] writing requirements to ../../build/tb3_learning_py/tb3_learning_py.egg-info/requires.txt
[1.472s] writing top-level names to ../../build/tb3_learning_py/tb3_learning_py.egg-info/top_level.txt
[1.475s] reading manifest file '../../build/tb3_learning_py/tb3_learning_py.egg-info/SOURCES.txt'
[1.477s] writing manifest file '../../build/tb3_learning_py/tb3_learning_py.egg-info/SOURCES.txt'
[1.477s] running build
[1.477s] running build_py
[1.478s] running install
[1.479s] running install_lib
[1.481s] running install_data
[1.482s] running install_egg_info
[1.485s] removing '/home/meip-users/tb3_op/install/tb3_learning_py/lib/python3.10/site-packages/tb3_learning_py-0.0.0-py3.10.egg-info' (and everything under it)
[1.486s] Copying ../../build/tb3_learning_py/tb3_learning_py.egg-info to /home/meip-users/tb3_op/install/tb3_learning_py/lib/python3.10/site-packages/tb3_learning_py-0.0.0-py3.10.egg-info
[1.487s] running install_scripts
[1.514s] Installing tb3_learning_py script to /home/meip-users/tb3_op/install/tb3_learning_py/lib/tb3_learning_py
[1.514s] writing list of installed files to '/home/meip-users/tb3_op/build/tb3_learning_py/install.log'
[1.582s] Invoked command in '/home/meip-users/tb3_op/src/tb3_learning_py' returned '0': PYTHONPATH=/home/meip-users/tb3_op/build/tb3_learning_py/prefix_override:/home/meip-users/tb3_op/install/tb3_learning_py/lib/python3.10/site-packages:${PYTHONPATH} /usr/bin/python3 setup.py egg_info --egg-base ../../build/tb3_learning_py build --build-base /home/meip-users/tb3_op/build/tb3_learning_py/build install --record /home/meip-users/tb3_op/build/tb3_learning_py/install.log --single-version-externally-managed
