[1.340s] DEBUG:colcon:Command line arguments: ['/usr/bin/colcon', 'build', '--packages-select', 'tb3_sq']
[1.341s] DEBUG:colcon:Parsed command line arguments: Namespace(log_base=None, log_level=None, verb_name='build', build_base='build', install_base='install', merge_install=False, symlink_install=False, test_result_base=None, continue_on_error=False, executor='parallel', parallel_workers=8, event_handlers=None, ignore_user_meta=False, metas=['./colcon.meta'], base_paths=['.'], packages_ignore=None, packages_ignore_regex=None, paths=None, packages_up_to=None, packages_up_to_regex=None, packages_above=None, packages_above_and_dependencies=None, packages_above_depth=None, packages_select_by_dep=None, packages_skip_by_dep=None, packages_skip_up_to=None, packages_select_build_failed=False, packages_skip_build_finished=False, packages_select_test_failures=False, packages_skip_test_passed=False, packages_select=['tb3_sq'], packages_skip=None, packages_select_regex=None, packages_skip_regex=None, packages_start=None, packages_end=None, allow_overriding=[], cmake_args=None, cmake_target=None, cmake_target_skip_unavailable=False, cmake_clean_cache=False, cmake_clean_first=False, cmake_force_configure=False, ament_cmake_args=None, catkin_cmake_args=None, catkin_skip_building_tests=False, verb_parser=<colcon_defaults.argument_parser.defaults.DefaultArgumentsDecorator object at 0x7fc61cc10a30>, verb_extension=<colcon_core.verb.build.BuildVerb object at 0x7fc61cc9a6b0>, main=<bound method BuildVerb.main of <colcon_core.verb.build.BuildVerb object at 0x7fc61cc9a6b0>>)
[1.401s] Level 1:colcon.colcon_core.package_discovery:discover_packages(colcon_meta) check parameters
[1.402s] Level 1:colcon.colcon_core.package_discovery:discover_packages(recursive) check parameters
[1.402s] Level 1:colcon.colcon_core.package_discovery:discover_packages(ignore) check parameters
[1.402s] Level 1:colcon.colcon_core.package_discovery:discover_packages(path) check parameters
[1.402s] Level 1:colcon.colcon_core.package_discovery:discover_packages(colcon_meta) discover
[1.402s] Level 1:colcon.colcon_core.package_discovery:discover_packages(recursive) discover
[1.402s] INFO:colcon.colcon_core.package_discovery:Crawling recursively for packages in '/home/meip-users/tb3_op'
[1.402s] Level 1:colcon.colcon_core.package_identification:_identify(.) by extensions ['ignore', 'ignore_ament_install']
[1.402s] Level 1:colcon.colcon_core.package_identification:_identify(.) by extension 'ignore'
[1.402s] Level 1:colcon.colcon_core.package_identification:_identify(.) by extension 'ignore_ament_install'
[1.402s] Level 1:colcon.colcon_core.package_identification:_identify(.) by extensions ['colcon_pkg']
[1.402s] Level 1:colcon.colcon_core.package_identification:_identify(.) by extension 'colcon_pkg'
[1.402s] Level 1:colcon.colcon_core.package_identification:_identify(.) by extensions ['colcon_meta']
[1.402s] Level 1:colcon.colcon_core.package_identification:_identify(.) by extension 'colcon_meta'
[1.402s] Level 1:colcon.colcon_core.package_identification:_identify(.) by extensions ['ros']
[1.403s] Level 1:colcon.colcon_core.package_identification:_identify(.) by extension 'ros'
[1.418s] Level 1:colcon.colcon_core.package_identification:_identify(.) by extensions ['cmake', 'python']
[1.418s] Level 1:colcon.colcon_core.package_identification:_identify(.) by extension 'cmake'
[1.418s] Level 1:colcon.colcon_core.package_identification:_identify(.) by extension 'python'
[1.418s] Level 1:colcon.colcon_core.package_identification:_identify(.) by extensions ['python_setup_py']
[1.419s] Level 1:colcon.colcon_core.package_identification:_identify(.) by extension 'python_setup_py'
[1.419s] Level 1:colcon.colcon_core.package_identification:_identify(build) by extensions ['ignore', 'ignore_ament_install']
[1.419s] Level 1:colcon.colcon_core.package_identification:_identify(build) by extension 'ignore'
[1.419s] Level 1:colcon.colcon_core.package_identification:_identify(build) ignored
[1.419s] Level 1:colcon.colcon_core.package_identification:_identify(data) by extensions ['ignore', 'ignore_ament_install']
[1.419s] Level 1:colcon.colcon_core.package_identification:_identify(data) by extension 'ignore'
[1.419s] Level 1:colcon.colcon_core.package_identification:_identify(data) by extension 'ignore_ament_install'
[1.420s] Level 1:colcon.colcon_core.package_identification:_identify(data) by extensions ['colcon_pkg']
[1.420s] Level 1:colcon.colcon_core.package_identification:_identify(data) by extension 'colcon_pkg'
[1.420s] Level 1:colcon.colcon_core.package_identification:_identify(data) by extensions ['colcon_meta']
[1.420s] Level 1:colcon.colcon_core.package_identification:_identify(data) by extension 'colcon_meta'
[1.420s] Level 1:colcon.colcon_core.package_identification:_identify(data) by extensions ['ros']
[1.420s] Level 1:colcon.colcon_core.package_identification:_identify(data) by extension 'ros'
[1.420s] Level 1:colcon.colcon_core.package_identification:_identify(data) by extensions ['cmake', 'python']
[1.420s] Level 1:colcon.colcon_core.package_identification:_identify(data) by extension 'cmake'
[1.420s] Level 1:colcon.colcon_core.package_identification:_identify(data) by extension 'python'
[1.420s] Level 1:colcon.colcon_core.package_identification:_identify(data) by extensions ['python_setup_py']
[1.420s] Level 1:colcon.colcon_core.package_identification:_identify(data) by extension 'python_setup_py'
[1.420s] Level 1:colcon.colcon_core.package_identification:_identify(deep_q_network) by extensions ['ignore', 'ignore_ament_install']
[1.420s] Level 1:colcon.colcon_core.package_identification:_identify(deep_q_network) by extension 'ignore'
[1.420s] Level 1:colcon.colcon_core.package_identification:_identify(deep_q_network) by extension 'ignore_ament_install'
[1.420s] Level 1:colcon.colcon_core.package_identification:_identify(deep_q_network) by extensions ['colcon_pkg']
[1.420s] Level 1:colcon.colcon_core.package_identification:_identify(deep_q_network) by extension 'colcon_pkg'
[1.420s] Level 1:colcon.colcon_core.package_identification:_identify(deep_q_network) by extensions ['colcon_meta']
[1.420s] Level 1:colcon.colcon_core.package_identification:_identify(deep_q_network) by extension 'colcon_meta'
[1.420s] Level 1:colcon.colcon_core.package_identification:_identify(deep_q_network) by extensions ['ros']
[1.421s] Level 1:colcon.colcon_core.package_identification:_identify(deep_q_network) by extension 'ros'
[1.421s] Level 1:colcon.colcon_core.package_identification:_identify(deep_q_network) by extensions ['cmake', 'python']
[1.421s] Level 1:colcon.colcon_core.package_identification:_identify(deep_q_network) by extension 'cmake'
[1.421s] Level 1:colcon.colcon_core.package_identification:_identify(deep_q_network) by extension 'python'
[1.421s] Level 1:colcon.colcon_core.package_identification:_identify(deep_q_network) by extensions ['python_setup_py']
[1.421s] Level 1:colcon.colcon_core.package_identification:_identify(deep_q_network) by extension 'python_setup_py'
[1.421s] Level 1:colcon.colcon_core.package_identification:_identify(install) by extensions ['ignore', 'ignore_ament_install']
[1.421s] Level 1:colcon.colcon_core.package_identification:_identify(install) by extension 'ignore'
[1.421s] Level 1:colcon.colcon_core.package_identification:_identify(install) ignored
[1.421s] Level 1:colcon.colcon_core.package_identification:_identify(log) by extensions ['ignore', 'ignore_ament_install']
[1.422s] Level 1:colcon.colcon_core.package_identification:_identify(log) by extension 'ignore'
[1.422s] Level 1:colcon.colcon_core.package_identification:_identify(log) ignored
[1.422s] Level 1:colcon.colcon_core.package_identification:_identify(src) by extensions ['ignore', 'ignore_ament_install']
[1.422s] Level 1:colcon.colcon_core.package_identification:_identify(src) by extension 'ignore'
[1.422s] Level 1:colcon.colcon_core.package_identification:_identify(src) by extension 'ignore_ament_install'
[1.422s] Level 1:colcon.colcon_core.package_identification:_identify(src) by extensions ['colcon_pkg']
[1.422s] Level 1:colcon.colcon_core.package_identification:_identify(src) by extension 'colcon_pkg'
[1.422s] Level 1:colcon.colcon_core.package_identification:_identify(src) by extensions ['colcon_meta']
[1.422s] Level 1:colcon.colcon_core.package_identification:_identify(src) by extension 'colcon_meta'
[1.422s] Level 1:colcon.colcon_core.package_identification:_identify(src) by extensions ['ros']
[1.422s] Level 1:colcon.colcon_core.package_identification:_identify(src) by extension 'ros'
[1.422s] Level 1:colcon.colcon_core.package_identification:_identify(src) by extensions ['cmake', 'python']
[1.422s] Level 1:colcon.colcon_core.package_identification:_identify(src) by extension 'cmake'
[1.422s] Level 1:colcon.colcon_core.package_identification:_identify(src) by extension 'python'
[1.422s] Level 1:colcon.colcon_core.package_identification:_identify(src) by extensions ['python_setup_py']
[1.422s] Level 1:colcon.colcon_core.package_identification:_identify(src) by extension 'python_setup_py'
[1.422s] Level 1:colcon.colcon_core.package_identification:_identify(src/build) by extensions ['ignore', 'ignore_ament_install']
[1.423s] Level 1:colcon.colcon_core.package_identification:_identify(src/build) by extension 'ignore'
[1.423s] Level 1:colcon.colcon_core.package_identification:_identify(src/build) ignored
[1.423s] Level 1:colcon.colcon_core.package_identification:_identify(src/install) by extensions ['ignore', 'ignore_ament_install']
[1.423s] Level 1:colcon.colcon_core.package_identification:_identify(src/install) by extension 'ignore'
[1.423s] Level 1:colcon.colcon_core.package_identification:_identify(src/install) ignored
[1.423s] Level 1:colcon.colcon_core.package_identification:_identify(src/log) by extensions ['ignore', 'ignore_ament_install']
[1.423s] Level 1:colcon.colcon_core.package_identification:_identify(src/log) by extension 'ignore'
[1.423s] Level 1:colcon.colcon_core.package_identification:_identify(src/log) ignored
[1.423s] Level 1:colcon.colcon_core.package_identification:_identify(src/tb3_learning_py) by extensions ['ignore', 'ignore_ament_install']
[1.423s] Level 1:colcon.colcon_core.package_identification:_identify(src/tb3_learning_py) by extension 'ignore'
[1.423s] Level 1:colcon.colcon_core.package_identification:_identify(src/tb3_learning_py) by extension 'ignore_ament_install'
[1.423s] Level 1:colcon.colcon_core.package_identification:_identify(src/tb3_learning_py) by extensions ['colcon_pkg']
[1.423s] Level 1:colcon.colcon_core.package_identification:_identify(src/tb3_learning_py) by extension 'colcon_pkg'
[1.423s] Level 1:colcon.colcon_core.package_identification:_identify(src/tb3_learning_py) by extensions ['colcon_meta']
[1.423s] Level 1:colcon.colcon_core.package_identification:_identify(src/tb3_learning_py) by extension 'colcon_meta'
[1.423s] Level 1:colcon.colcon_core.package_identification:_identify(src/tb3_learning_py) by extensions ['ros']
[1.423s] Level 1:colcon.colcon_core.package_identification:_identify(src/tb3_learning_py) by extension 'ros'
[1.426s] DEBUG:colcon.colcon_core.package_identification:Package 'src/tb3_learning_py' with type 'ros.ament_python' and name 'tb3_learning_py'
[1.427s] Level 1:colcon.colcon_core.package_identification:_identify(src/tb3_op) by extensions ['ignore', 'ignore_ament_install']
[1.427s] Level 1:colcon.colcon_core.package_identification:_identify(src/tb3_op) by extension 'ignore'
[1.427s] Level 1:colcon.colcon_core.package_identification:_identify(src/tb3_op) by extension 'ignore_ament_install'
[1.427s] Level 1:colcon.colcon_core.package_identification:_identify(src/tb3_op) by extensions ['colcon_pkg']
[1.427s] Level 1:colcon.colcon_core.package_identification:_identify(src/tb3_op) by extension 'colcon_pkg'
[1.427s] Level 1:colcon.colcon_core.package_identification:_identify(src/tb3_op) by extensions ['colcon_meta']
[1.427s] Level 1:colcon.colcon_core.package_identification:_identify(src/tb3_op) by extension 'colcon_meta'
[1.427s] Level 1:colcon.colcon_core.package_identification:_identify(src/tb3_op) by extensions ['ros']
[1.427s] Level 1:colcon.colcon_core.package_identification:_identify(src/tb3_op) by extension 'ros'
[1.428s] DEBUG:colcon.colcon_core.package_identification:Package 'src/tb3_op' with type 'ros.ament_cmake' and name 'tb3_op'
[1.428s] Level 1:colcon.colcon_core.package_identification:_identify(src/tb3_sq) by extensions ['ignore', 'ignore_ament_install']
[1.428s] Level 1:colcon.colcon_core.package_identification:_identify(src/tb3_sq) by extension 'ignore'
[1.428s] Level 1:colcon.colcon_core.package_identification:_identify(src/tb3_sq) by extension 'ignore_ament_install'
[1.428s] Level 1:colcon.colcon_core.package_identification:_identify(src/tb3_sq) by extensions ['colcon_pkg']
[1.428s] Level 1:colcon.colcon_core.package_identification:_identify(src/tb3_sq) by extension 'colcon_pkg'
[1.429s] Level 1:colcon.colcon_core.package_identification:_identify(src/tb3_sq) by extensions ['colcon_meta']
[1.429s] Level 1:colcon.colcon_core.package_identification:_identify(src/tb3_sq) by extension 'colcon_meta'
[1.429s] Level 1:colcon.colcon_core.package_identification:_identify(src/tb3_sq) by extensions ['ros']
[1.429s] Level 1:colcon.colcon_core.package_identification:_identify(src/tb3_sq) by extension 'ros'
[1.429s] DEBUG:colcon.colcon_core.package_identification:Package 'src/tb3_sq' with type 'ros.ament_cmake' and name 'tb3_sq'
[1.429s] Level 1:colcon.colcon_core.package_discovery:discover_packages(recursive) using defaults
[1.429s] Level 1:colcon.colcon_core.package_discovery:discover_packages(ignore) discover
[1.429s] Level 1:colcon.colcon_core.package_discovery:discover_packages(ignore) using defaults
[1.430s] Level 1:colcon.colcon_core.package_discovery:discover_packages(path) discover
[1.430s] Level 1:colcon.colcon_core.package_discovery:discover_packages(path) using defaults
[1.525s] INFO:colcon.colcon_core.package_selection:Skipping not selected package 'tb3_learning_py' in 'src/tb3_learning_py'
[1.525s] INFO:colcon.colcon_core.package_selection:Skipping not selected package 'tb3_op' in 'src/tb3_op'
[1.560s] Level 1:colcon.colcon_core.package_discovery:discover_packages(prefix_path) check parameters
[1.561s] Level 1:colcon.colcon_core.package_discovery:discover_packages(prefix_path) discover
[1.598s] DEBUG:colcon.colcon_installed_package_information.package_discovery:Found 3 installed packages in /home/meip-users/tb3_op/install
[1.642s] DEBUG:colcon.colcon_installed_package_information.package_discovery:Found 387 installed packages in /opt/ros/humble
[1.645s] Level 1:colcon.colcon_core.package_discovery:discover_packages(prefix_path) using defaults
[1.783s] Level 5:colcon.colcon_core.verb:set package 'tb3_sq' build argument 'cmake_args' from command line to 'None'
[1.783s] Level 5:colcon.colcon_core.verb:set package 'tb3_sq' build argument 'cmake_target' from command line to 'None'
[1.783s] Level 5:colcon.colcon_core.verb:set package 'tb3_sq' build argument 'cmake_target_skip_unavailable' from command line to 'False'
[1.783s] Level 5:colcon.colcon_core.verb:set package 'tb3_sq' build argument 'cmake_clean_cache' from command line to 'False'
[1.783s] Level 5:colcon.colcon_core.verb:set package 'tb3_sq' build argument 'cmake_clean_first' from command line to 'False'
[1.783s] Level 5:colcon.colcon_core.verb:set package 'tb3_sq' build argument 'cmake_force_configure' from command line to 'False'
[1.783s] Level 5:colcon.colcon_core.verb:set package 'tb3_sq' build argument 'ament_cmake_args' from command line to 'None'
[1.783s] Level 5:colcon.colcon_core.verb:set package 'tb3_sq' build argument 'catkin_cmake_args' from command line to 'None'
[1.783s] Level 5:colcon.colcon_core.verb:set package 'tb3_sq' build argument 'catkin_skip_building_tests' from command line to 'False'
[1.783s] DEBUG:colcon.colcon_core.verb:Building package 'tb3_sq' with the following arguments: {'ament_cmake_args': None, 'build_base': '/home/meip-users/tb3_op/build/tb3_sq', 'catkin_cmake_args': None, 'catkin_skip_building_tests': False, 'cmake_args': None, 'cmake_clean_cache': False, 'cmake_clean_first': False, 'cmake_force_configure': False, 'cmake_target': None, 'cmake_target_skip_unavailable': False, 'install_base': '/home/meip-users/tb3_op/install/tb3_sq', 'merge_install': False, 'path': '/home/meip-users/tb3_op/src/tb3_sq', 'symlink_install': False, 'test_result_base': None}
[1.808s] INFO:colcon.colcon_core.executor:Executing jobs using 'parallel' executor
[1.837s] DEBUG:colcon.colcon_parallel_executor.executor.parallel:run_until_complete
[1.838s] INFO:colcon.colcon_ros.task.ament_cmake.build:Building ROS package in '/home/meip-users/tb3_op/src/tb3_sq' with build type 'ament_cmake'
[1.838s] INFO:colcon.colcon_cmake.task.cmake.build:Building CMake package in '/home/meip-users/tb3_op/src/tb3_sq'
[1.859s] INFO:colcon.colcon_core.plugin_system:Skipping extension 'colcon_core.shell.bat': Not used on non-Windows systems
[1.859s] INFO:colcon.colcon_core.shell:Skip shell extension 'powershell' for command environment: Not usable outside of PowerShell
[1.859s] DEBUG:colcon.colcon_core.shell:Skip shell extension 'dsv' for command environment
[1.941s] DEBUG:colcon.colcon_core.event_handler.log_command:Invoking command in '/home/meip-users/tb3_op/build/tb3_sq': CMAKE_PREFIX_PATH=${CMAKE_PREFIX_PATH}:/home/meip-users/tb3_op/install/tb3_learning_py:/opt/ros/humble /usr/bin/cmake --build /home/meip-users/tb3_op/build/tb3_sq -- -j8 -l8
[2.058s] DEBUG:colcon.colcon_core.event_handler.log_command:Invoked command in '/home/meip-users/tb3_op/build/tb3_sq' returned '0': CMAKE_PREFIX_PATH=${CMAKE_PREFIX_PATH}:/home/meip-users/tb3_op/install/tb3_learning_py:/opt/ros/humble /usr/bin/cmake --build /home/meip-users/tb3_op/build/tb3_sq -- -j8 -l8
[2.118s] DEBUG:colcon.colcon_core.event_handler.log_command:Invoking command in '/home/meip-users/tb3_op/build/tb3_sq': CMAKE_PREFIX_PATH=${CMAKE_PREFIX_PATH}:/home/meip-users/tb3_op/install/tb3_learning_py:/opt/ros/humble /usr/bin/cmake --install /home/meip-users/tb3_op/build/tb3_sq
[2.136s] Level 1:colcon.colcon_core.environment:create_environment_scripts_only(tb3_sq)
[2.137s] DEBUG:colcon.colcon_core.event_handler.log_command:Invoked command in '/home/meip-users/tb3_op/build/tb3_sq' returned '0': CMAKE_PREFIX_PATH=${CMAKE_PREFIX_PATH}:/home/meip-users/tb3_op/install/tb3_learning_py:/opt/ros/humble /usr/bin/cmake --install /home/meip-users/tb3_op/build/tb3_sq
[2.162s] Level 1:colcon.colcon_core.environment:checking '/home/meip-users/tb3_op/install/tb3_sq' for CMake module files
[2.162s] Level 1:colcon.colcon_core.environment:checking '/home/meip-users/tb3_op/install/tb3_sq' for CMake config files
[2.163s] Level 1:colcon.colcon_core.shell:create_environment_hook('tb3_sq', 'cmake_prefix_path')
[2.181s] INFO:colcon.colcon_core.shell:Creating environment hook '/home/meip-users/tb3_op/install/tb3_sq/share/tb3_sq/hook/cmake_prefix_path.ps1'
[2.182s] INFO:colcon.colcon_core.shell:Creating environment descriptor '/home/meip-users/tb3_op/install/tb3_sq/share/tb3_sq/hook/cmake_prefix_path.dsv'
[2.183s] INFO:colcon.colcon_core.shell:Creating environment hook '/home/meip-users/tb3_op/install/tb3_sq/share/tb3_sq/hook/cmake_prefix_path.sh'
[2.184s] Level 1:colcon.colcon_core.environment:checking '/home/meip-users/tb3_op/install/tb3_sq/lib'
[2.185s] Level 1:colcon.colcon_core.environment:checking '/home/meip-users/tb3_op/install/tb3_sq/bin'
[2.185s] Level 1:colcon.colcon_core.environment:checking '/home/meip-users/tb3_op/install/tb3_sq/lib/pkgconfig/tb3_sq.pc'
[2.185s] Level 1:colcon.colcon_core.environment:checking '/home/meip-users/tb3_op/install/tb3_sq/lib/python3.10/site-packages'
[2.185s] Level 1:colcon.colcon_core.environment:checking '/home/meip-users/tb3_op/install/tb3_sq/bin'
[2.204s] INFO:colcon.colcon_core.shell:Creating package script '/home/meip-users/tb3_op/install/tb3_sq/share/tb3_sq/package.ps1'
[2.205s] INFO:colcon.colcon_core.shell:Creating package descriptor '/home/meip-users/tb3_op/install/tb3_sq/share/tb3_sq/package.dsv'
[2.206s] INFO:colcon.colcon_core.shell:Creating package script '/home/meip-users/tb3_op/install/tb3_sq/share/tb3_sq/package.sh'
[2.208s] INFO:colcon.colcon_core.shell:Creating package script '/home/meip-users/tb3_op/install/tb3_sq/share/tb3_sq/package.bash'
[2.210s] INFO:colcon.colcon_core.shell:Creating package script '/home/meip-users/tb3_op/install/tb3_sq/share/tb3_sq/package.zsh'
[2.211s] Level 1:colcon.colcon_core.environment:create_file_with_runtime_dependencies(/home/meip-users/tb3_op/install/tb3_sq/share/colcon-core/packages/tb3_sq)
[2.298s] Level 1:colcon.colcon_core.environment:create_environment_scripts_only(tb3_sq)
[2.321s] Level 1:colcon.colcon_core.environment:checking '/home/meip-users/tb3_op/install/tb3_sq' for CMake module files
[2.321s] Level 1:colcon.colcon_core.environment:checking '/home/meip-users/tb3_op/install/tb3_sq' for CMake config files
[2.322s] Level 1:colcon.colcon_core.shell:create_environment_hook('tb3_sq', 'cmake_prefix_path')
[2.341s] INFO:colcon.colcon_core.shell:Creating environment hook '/home/meip-users/tb3_op/install/tb3_sq/share/tb3_sq/hook/cmake_prefix_path.ps1'
[2.342s] INFO:colcon.colcon_core.shell:Creating environment descriptor '/home/meip-users/tb3_op/install/tb3_sq/share/tb3_sq/hook/cmake_prefix_path.dsv'
[2.343s] INFO:colcon.colcon_core.shell:Creating environment hook '/home/meip-users/tb3_op/install/tb3_sq/share/tb3_sq/hook/cmake_prefix_path.sh'
[2.345s] Level 1:colcon.colcon_core.environment:checking '/home/meip-users/tb3_op/install/tb3_sq/lib'
[2.345s] Level 1:colcon.colcon_core.environment:checking '/home/meip-users/tb3_op/install/tb3_sq/bin'
[2.345s] Level 1:colcon.colcon_core.environment:checking '/home/meip-users/tb3_op/install/tb3_sq/lib/pkgconfig/tb3_sq.pc'
[2.345s] Level 1:colcon.colcon_core.environment:checking '/home/meip-users/tb3_op/install/tb3_sq/lib/python3.10/site-packages'
[2.346s] Level 1:colcon.colcon_core.environment:checking '/home/meip-users/tb3_op/install/tb3_sq/bin'
[2.365s] INFO:colcon.colcon_core.shell:Creating package script '/home/meip-users/tb3_op/install/tb3_sq/share/tb3_sq/package.ps1'
[2.366s] INFO:colcon.colcon_core.shell:Creating package descriptor '/home/meip-users/tb3_op/install/tb3_sq/share/tb3_sq/package.dsv'
[2.367s] INFO:colcon.colcon_core.shell:Creating package script '/home/meip-users/tb3_op/install/tb3_sq/share/tb3_sq/package.sh'
[2.368s] INFO:colcon.colcon_core.shell:Creating package script '/home/meip-users/tb3_op/install/tb3_sq/share/tb3_sq/package.bash'
[2.368s] INFO:colcon.colcon_core.shell:Creating package script '/home/meip-users/tb3_op/install/tb3_sq/share/tb3_sq/package.zsh'
[2.369s] Level 1:colcon.colcon_core.environment:create_file_with_runtime_dependencies(/home/meip-users/tb3_op/install/tb3_sq/share/colcon-core/packages/tb3_sq)
[2.369s] DEBUG:colcon.colcon_parallel_executor.executor.parallel:closing loop
[2.370s] DEBUG:colcon.colcon_parallel_executor.executor.parallel:loop closed
[2.370s] DEBUG:colcon.colcon_parallel_executor.executor.parallel:run_until_complete finished with '0'
[2.370s] DEBUG:colcon.colcon_core.event_reactor:joining thread
[2.416s] INFO:colcon.colcon_core.plugin_system:Skipping extension 'colcon_notification.desktop_notification.terminal_notifier': Not used on non-Darwin systems
[2.416s] INFO:colcon.colcon_core.plugin_system:Skipping extension 'colcon_notification.desktop_notification.win32': Not used on non-Windows systems
[2.416s] INFO:colcon.colcon_notification.desktop_notification:Sending desktop notification using 'notify2'
[2.429s] DEBUG:colcon.colcon_core.event_reactor:joined thread
[2.449s] INFO:colcon.colcon_core.shell:Creating prefix script '/home/meip-users/tb3_op/install/local_setup.ps1'
[2.450s] INFO:colcon.colcon_core.shell:Creating prefix util module '/home/meip-users/tb3_op/install/_local_setup_util_ps1.py'
[2.452s] INFO:colcon.colcon_core.shell:Creating prefix chain script '/home/meip-users/tb3_op/install/setup.ps1'
[2.473s] INFO:colcon.colcon_core.shell:Creating prefix script '/home/meip-users/tb3_op/install/local_setup.sh'
[2.474s] INFO:colcon.colcon_core.shell:Creating prefix util module '/home/meip-users/tb3_op/install/_local_setup_util_sh.py'
[2.474s] INFO:colcon.colcon_core.shell:Creating prefix chain script '/home/meip-users/tb3_op/install/setup.sh'
[2.494s] INFO:colcon.colcon_core.shell:Creating prefix script '/home/meip-users/tb3_op/install/local_setup.bash'
[2.495s] INFO:colcon.colcon_core.shell:Creating prefix chain script '/home/meip-users/tb3_op/install/setup.bash'
[2.515s] INFO:colcon.colcon_core.shell:Creating prefix script '/home/meip-users/tb3_op/install/local_setup.zsh'
[2.516s] INFO:colcon.colcon_core.shell:Creating prefix chain script '/home/meip-users/tb3_op/install/setup.zsh'
