[0.719s] DEBUG:colcon:Command line arguments: ['/usr/bin/colcon', 'build']
[0.719s] DEBUG:colcon:Parsed command line arguments: Namespace(log_base=None, log_level=None, verb_name='build', build_base='build', install_base='install', merge_install=False, symlink_install=False, test_result_base=None, continue_on_error=False, executor='parallel', parallel_workers=8, event_handlers=None, ignore_user_meta=False, metas=['./colcon.meta'], base_paths=['.'], packages_ignore=None, packages_ignore_regex=None, paths=None, packages_up_to=None, packages_up_to_regex=None, packages_above=None, packages_above_and_dependencies=None, packages_above_depth=None, packages_select_by_dep=None, packages_skip_by_dep=None, packages_skip_up_to=None, packages_select_build_failed=False, packages_skip_build_finished=False, packages_select_test_failures=False, packages_skip_test_passed=False, packages_select=None, packages_skip=None, packages_select_regex=None, packages_skip_regex=None, packages_start=None, packages_end=None, allow_overriding=[], cmake_args=None, cmake_target=None, cmake_target_skip_unavailable=False, cmake_clean_cache=False, cmake_clean_first=False, cmake_force_configure=False, ament_cmake_args=None, catkin_cmake_args=None, catkin_skip_building_tests=False, verb_parser=<colcon_defaults.argument_parser.defaults.DefaultArgumentsDecorator object at 0x7f680501ef50>, verb_extension=<colcon_core.verb.build.BuildVerb object at 0x7f68051a86a0>, main=<bound method BuildVerb.main of <colcon_core.verb.build.BuildVerb object at 0x7f68051a86a0>>)
[0.752s] Level 1:colcon.colcon_core.package_discovery:discover_packages(colcon_meta) check parameters
[0.752s] Level 1:colcon.colcon_core.package_discovery:discover_packages(recursive) check parameters
[0.752s] Level 1:colcon.colcon_core.package_discovery:discover_packages(ignore) check parameters
[0.752s] Level 1:colcon.colcon_core.package_discovery:discover_packages(path) check parameters
[0.752s] Level 1:colcon.colcon_core.package_discovery:discover_packages(colcon_meta) discover
[0.752s] Level 1:colcon.colcon_core.package_discovery:discover_packages(recursive) discover
[0.752s] INFO:colcon.colcon_core.package_discovery:Crawling recursively for packages in '/home/meip-users/tb3_op/src'
[0.753s] Level 1:colcon.colcon_core.package_identification:_identify(.) by extensions ['ignore', 'ignore_ament_install']
[0.753s] Level 1:colcon.colcon_core.package_identification:_identify(.) by extension 'ignore'
[0.753s] Level 1:colcon.colcon_core.package_identification:_identify(.) by extension 'ignore_ament_install'
[0.753s] Level 1:colcon.colcon_core.package_identification:_identify(.) by extensions ['colcon_pkg']
[0.753s] Level 1:colcon.colcon_core.package_identification:_identify(.) by extension 'colcon_pkg'
[0.753s] Level 1:colcon.colcon_core.package_identification:_identify(.) by extensions ['colcon_meta']
[0.753s] Level 1:colcon.colcon_core.package_identification:_identify(.) by extension 'colcon_meta'
[0.753s] Level 1:colcon.colcon_core.package_identification:_identify(.) by extensions ['ros']
[0.753s] Level 1:colcon.colcon_core.package_identification:_identify(.) by extension 'ros'
[0.760s] Level 1:colcon.colcon_core.package_identification:_identify(.) by extensions ['cmake', 'python']
[0.761s] Level 1:colcon.colcon_core.package_identification:_identify(.) by extension 'cmake'
[0.761s] Level 1:colcon.colcon_core.package_identification:_identify(.) by extension 'python'
[0.761s] Level 1:colcon.colcon_core.package_identification:_identify(.) by extensions ['python_setup_py']
[0.761s] Level 1:colcon.colcon_core.package_identification:_identify(.) by extension 'python_setup_py'
[0.761s] Level 1:colcon.colcon_core.package_identification:_identify(build) by extensions ['ignore', 'ignore_ament_install']
[0.761s] Level 1:colcon.colcon_core.package_identification:_identify(build) by extension 'ignore'
[0.761s] Level 1:colcon.colcon_core.package_identification:_identify(build) ignored
[0.761s] Level 1:colcon.colcon_core.package_identification:_identify(install) by extensions ['ignore', 'ignore_ament_install']
[0.761s] Level 1:colcon.colcon_core.package_identification:_identify(install) by extension 'ignore'
[0.761s] Level 1:colcon.colcon_core.package_identification:_identify(install) ignored
[0.761s] Level 1:colcon.colcon_core.package_identification:_identify(log) by extensions ['ignore', 'ignore_ament_install']
[0.761s] Level 1:colcon.colcon_core.package_identification:_identify(log) by extension 'ignore'
[0.761s] Level 1:colcon.colcon_core.package_identification:_identify(log) ignored
[0.761s] Level 1:colcon.colcon_core.package_identification:_identify(tb3_learning_py) by extensions ['ignore', 'ignore_ament_install']
[0.761s] Level 1:colcon.colcon_core.package_identification:_identify(tb3_learning_py) by extension 'ignore'
[0.761s] Level 1:colcon.colcon_core.package_identification:_identify(tb3_learning_py) by extension 'ignore_ament_install'
[0.761s] Level 1:colcon.colcon_core.package_identification:_identify(tb3_learning_py) by extensions ['colcon_pkg']
[0.761s] Level 1:colcon.colcon_core.package_identification:_identify(tb3_learning_py) by extension 'colcon_pkg'
[0.761s] Level 1:colcon.colcon_core.package_identification:_identify(tb3_learning_py) by extensions ['colcon_meta']
[0.761s] Level 1:colcon.colcon_core.package_identification:_identify(tb3_learning_py) by extension 'colcon_meta'
[0.761s] Level 1:colcon.colcon_core.package_identification:_identify(tb3_learning_py) by extensions ['ros']
[0.761s] Level 1:colcon.colcon_core.package_identification:_identify(tb3_learning_py) by extension 'ros'
[0.763s] DEBUG:colcon.colcon_core.package_identification:Package 'tb3_learning_py' with type 'ros.ament_python' and name 'tb3_learning_py'
[0.763s] Level 1:colcon.colcon_core.package_identification:_identify(tb3_op) by extensions ['ignore', 'ignore_ament_install']
[0.763s] Level 1:colcon.colcon_core.package_identification:_identify(tb3_op) by extension 'ignore'
[0.763s] Level 1:colcon.colcon_core.package_identification:_identify(tb3_op) by extension 'ignore_ament_install'
[0.763s] Level 1:colcon.colcon_core.package_identification:_identify(tb3_op) by extensions ['colcon_pkg']
[0.763s] Level 1:colcon.colcon_core.package_identification:_identify(tb3_op) by extension 'colcon_pkg'
[0.763s] Level 1:colcon.colcon_core.package_identification:_identify(tb3_op) by extensions ['colcon_meta']
[0.763s] Level 1:colcon.colcon_core.package_identification:_identify(tb3_op) by extension 'colcon_meta'
[0.763s] Level 1:colcon.colcon_core.package_identification:_identify(tb3_op) by extensions ['ros']
[0.763s] Level 1:colcon.colcon_core.package_identification:_identify(tb3_op) by extension 'ros'
[0.764s] DEBUG:colcon.colcon_core.package_identification:Package 'tb3_op' with type 'ros.ament_cmake' and name 'tb3_op'
[0.764s] Level 1:colcon.colcon_core.package_discovery:discover_packages(recursive) using defaults
[0.764s] Level 1:colcon.colcon_core.package_discovery:discover_packages(ignore) discover
[0.764s] Level 1:colcon.colcon_core.package_discovery:discover_packages(ignore) using defaults
[0.764s] Level 1:colcon.colcon_core.package_discovery:discover_packages(path) discover
[0.764s] Level 1:colcon.colcon_core.package_discovery:discover_packages(path) using defaults
[0.829s] Level 1:colcon.colcon_core.package_discovery:discover_packages(prefix_path) check parameters
[0.829s] Level 1:colcon.colcon_core.package_discovery:discover_packages(prefix_path) discover
[0.851s] DEBUG:colcon.colcon_installed_package_information.package_discovery:Found 387 installed packages in /opt/ros/humble
[0.860s] Level 1:colcon.colcon_core.package_discovery:discover_packages(prefix_path) using defaults
[0.932s] Level 5:colcon.colcon_core.verb:set package 'tb3_learning_py' build argument 'cmake_args' from command line to 'None'
[0.932s] Level 5:colcon.colcon_core.verb:set package 'tb3_learning_py' build argument 'cmake_target' from command line to 'None'
[0.932s] Level 5:colcon.colcon_core.verb:set package 'tb3_learning_py' build argument 'cmake_target_skip_unavailable' from command line to 'False'
[0.932s] Level 5:colcon.colcon_core.verb:set package 'tb3_learning_py' build argument 'cmake_clean_cache' from command line to 'False'
[0.932s] Level 5:colcon.colcon_core.verb:set package 'tb3_learning_py' build argument 'cmake_clean_first' from command line to 'False'
[0.932s] Level 5:colcon.colcon_core.verb:set package 'tb3_learning_py' build argument 'cmake_force_configure' from command line to 'False'
[0.932s] Level 5:colcon.colcon_core.verb:set package 'tb3_learning_py' build argument 'ament_cmake_args' from command line to 'None'
[0.932s] Level 5:colcon.colcon_core.verb:set package 'tb3_learning_py' build argument 'catkin_cmake_args' from command line to 'None'
[0.932s] Level 5:colcon.colcon_core.verb:set package 'tb3_learning_py' build argument 'catkin_skip_building_tests' from command line to 'False'
[0.932s] DEBUG:colcon.colcon_core.verb:Building package 'tb3_learning_py' with the following arguments: {'ament_cmake_args': None, 'build_base': '/home/meip-users/tb3_op/src/build/tb3_learning_py', 'catkin_cmake_args': None, 'catkin_skip_building_tests': False, 'cmake_args': None, 'cmake_clean_cache': False, 'cmake_clean_first': False, 'cmake_force_configure': False, 'cmake_target': None, 'cmake_target_skip_unavailable': False, 'install_base': '/home/meip-users/tb3_op/src/install/tb3_learning_py', 'merge_install': False, 'path': '/home/meip-users/tb3_op/src/tb3_learning_py', 'symlink_install': False, 'test_result_base': None}
[0.943s] Level 5:colcon.colcon_core.verb:set package 'tb3_op' build argument 'cmake_args' from command line to 'None'
[0.943s] Level 5:colcon.colcon_core.verb:set package 'tb3_op' build argument 'cmake_target' from command line to 'None'
[0.943s] Level 5:colcon.colcon_core.verb:set package 'tb3_op' build argument 'cmake_target_skip_unavailable' from command line to 'False'
[0.943s] Level 5:colcon.colcon_core.verb:set package 'tb3_op' build argument 'cmake_clean_cache' from command line to 'False'
[0.943s] Level 5:colcon.colcon_core.verb:set package 'tb3_op' build argument 'cmake_clean_first' from command line to 'False'
[0.943s] Level 5:colcon.colcon_core.verb:set package 'tb3_op' build argument 'cmake_force_configure' from command line to 'False'
[0.943s] Level 5:colcon.colcon_core.verb:set package 'tb3_op' build argument 'ament_cmake_args' from command line to 'None'
[0.943s] Level 5:colcon.colcon_core.verb:set package 'tb3_op' build argument 'catkin_cmake_args' from command line to 'None'
[0.943s] Level 5:colcon.colcon_core.verb:set package 'tb3_op' build argument 'catkin_skip_building_tests' from command line to 'False'
[0.943s] DEBUG:colcon.colcon_core.verb:Building package 'tb3_op' with the following arguments: {'ament_cmake_args': None, 'build_base': '/home/meip-users/tb3_op/src/build/tb3_op', 'catkin_cmake_args': None, 'catkin_skip_building_tests': False, 'cmake_args': None, 'cmake_clean_cache': False, 'cmake_clean_first': False, 'cmake_force_configure': False, 'cmake_target': None, 'cmake_target_skip_unavailable': False, 'install_base': '/home/meip-users/tb3_op/src/install/tb3_op', 'merge_install': False, 'path': '/home/meip-users/tb3_op/src/tb3_op', 'symlink_install': False, 'test_result_base': None}
[0.954s] INFO:colcon.colcon_core.executor:Executing jobs using 'parallel' executor
[0.965s] DEBUG:colcon.colcon_parallel_executor.executor.parallel:run_until_complete
[0.965s] INFO:colcon.colcon_ros.task.ament_python.build:Building ROS package in '/home/meip-users/tb3_op/src/tb3_learning_py' with build type 'ament_python'
[0.965s] Level 1:colcon.colcon_core.shell:create_environment_hook('tb3_learning_py', 'ament_prefix_path')
[0.979s] INFO:colcon.colcon_core.plugin_system:Skipping extension 'colcon_core.shell.bat': Not used on non-Windows systems
[0.979s] INFO:colcon.colcon_core.shell:Creating environment hook '/home/meip-users/tb3_op/src/install/tb3_learning_py/share/tb3_learning_py/hook/ament_prefix_path.ps1'
[0.979s] INFO:colcon.colcon_core.shell:Creating environment descriptor '/home/meip-users/tb3_op/src/install/tb3_learning_py/share/tb3_learning_py/hook/ament_prefix_path.dsv'
[0.980s] INFO:colcon.colcon_core.shell:Creating environment hook '/home/meip-users/tb3_op/src/install/tb3_learning_py/share/tb3_learning_py/hook/ament_prefix_path.sh'
[0.991s] INFO:colcon.colcon_core.shell:Skip shell extension 'powershell' for command environment: Not usable outside of PowerShell
[0.991s] DEBUG:colcon.colcon_core.shell:Skip shell extension 'dsv' for command environment
[1.013s] INFO:colcon.colcon_ros.task.ament_cmake.build:Building ROS package in '/home/meip-users/tb3_op/src/tb3_op' with build type 'ament_cmake'
[1.013s] INFO:colcon.colcon_cmake.task.cmake.build:Building CMake package in '/home/meip-users/tb3_op/src/tb3_op'
[1.024s] INFO:colcon.colcon_core.shell:Skip shell extension 'powershell' for command environment: Not usable outside of PowerShell
[1.024s] DEBUG:colcon.colcon_core.shell:Skip shell extension 'dsv' for command environment
[1.231s] INFO:colcon.colcon_core.task.python.build:Building Python package in '/home/meip-users/tb3_op/src/tb3_learning_py'
[1.242s] INFO:colcon.colcon_core.shell:Skip shell extension 'powershell' for command environment: Not usable outside of PowerShell
[1.242s] DEBUG:colcon.colcon_core.shell:Skip shell extension 'dsv' for command environment
[1.268s] DEBUG:colcon.colcon_core.event_handler.log_command:Invoking command in '/home/meip-users/tb3_op/src/build/tb3_op': CMAKE_PREFIX_PATH=/opt/ros/humble /usr/bin/cmake /home/meip-users/tb3_op/src/tb3_op -DCMAKE_INSTALL_PREFIX=/home/meip-users/tb3_op/src/install/tb3_op
[1.552s] DEBUG:colcon.colcon_core.event_handler.log_command:Invoking command in '/home/meip-users/tb3_op/src/tb3_learning_py': PYTHONPATH=/home/meip-users/tb3_op/src/build/tb3_learning_py/prefix_override:/home/meip-users/tb3_op/src/install/tb3_learning_py/lib/python3.10/site-packages:${PYTHONPATH} /usr/bin/python3 setup.py egg_info --egg-base ../build/tb3_learning_py build --build-base /home/meip-users/tb3_op/src/build/tb3_learning_py/build install --record /home/meip-users/tb3_op/src/build/tb3_learning_py/install.log --single-version-externally-managed
[1.777s] DEBUG:colcon.colcon_core.event_handler.log_command:Invoked command in '/home/meip-users/tb3_op/src/tb3_learning_py' returned '0': PYTHONPATH=/home/meip-users/tb3_op/src/build/tb3_learning_py/prefix_override:/home/meip-users/tb3_op/src/install/tb3_learning_py/lib/python3.10/site-packages:${PYTHONPATH} /usr/bin/python3 setup.py egg_info --egg-base ../build/tb3_learning_py build --build-base /home/meip-users/tb3_op/src/build/tb3_learning_py/build install --record /home/meip-users/tb3_op/src/build/tb3_learning_py/install.log --single-version-externally-managed
[1.790s] Level 1:colcon.colcon_core.environment:checking '/home/meip-users/tb3_op/src/install/tb3_learning_py' for CMake module files
[1.790s] Level 1:colcon.colcon_core.environment:checking '/home/meip-users/tb3_op/src/install/tb3_learning_py' for CMake config files
[1.790s] Level 1:colcon.colcon_core.environment:checking '/home/meip-users/tb3_op/src/install/tb3_learning_py/lib'
[1.790s] Level 1:colcon.colcon_core.environment:checking '/home/meip-users/tb3_op/src/install/tb3_learning_py/bin'
[1.791s] Level 1:colcon.colcon_core.environment:checking '/home/meip-users/tb3_op/src/install/tb3_learning_py/lib/pkgconfig/tb3_learning_py.pc'
[1.791s] Level 1:colcon.colcon_core.environment:checking '/home/meip-users/tb3_op/src/install/tb3_learning_py/lib/python3.10/site-packages'
[1.791s] Level 1:colcon.colcon_core.shell:create_environment_hook('tb3_learning_py', 'pythonpath')
[1.802s] INFO:colcon.colcon_core.shell:Creating environment hook '/home/meip-users/tb3_op/src/install/tb3_learning_py/share/tb3_learning_py/hook/pythonpath.ps1'
[1.802s] INFO:colcon.colcon_core.shell:Creating environment descriptor '/home/meip-users/tb3_op/src/install/tb3_learning_py/share/tb3_learning_py/hook/pythonpath.dsv'
[1.802s] INFO:colcon.colcon_core.shell:Creating environment hook '/home/meip-users/tb3_op/src/install/tb3_learning_py/share/tb3_learning_py/hook/pythonpath.sh'
[1.803s] Level 1:colcon.colcon_core.environment:checking '/home/meip-users/tb3_op/src/install/tb3_learning_py/bin'
[1.803s] Level 1:colcon.colcon_core.environment:create_environment_scripts_only(tb3_learning_py)
[1.814s] INFO:colcon.colcon_core.shell:Creating package script '/home/meip-users/tb3_op/src/install/tb3_learning_py/share/tb3_learning_py/package.ps1'
[1.815s] INFO:colcon.colcon_core.shell:Creating package descriptor '/home/meip-users/tb3_op/src/install/tb3_learning_py/share/tb3_learning_py/package.dsv'
[1.815s] INFO:colcon.colcon_core.shell:Creating package script '/home/meip-users/tb3_op/src/install/tb3_learning_py/share/tb3_learning_py/package.sh'
[1.816s] INFO:colcon.colcon_core.shell:Creating package script '/home/meip-users/tb3_op/src/install/tb3_learning_py/share/tb3_learning_py/package.bash'
[1.816s] INFO:colcon.colcon_core.shell:Creating package script '/home/meip-users/tb3_op/src/install/tb3_learning_py/share/tb3_learning_py/package.zsh'
[1.816s] Level 1:colcon.colcon_core.environment:create_file_with_runtime_dependencies(/home/meip-users/tb3_op/src/install/tb3_learning_py/share/colcon-core/packages/tb3_learning_py)
[2.603s] DEBUG:colcon.colcon_core.event_handler.log_command:Invoked command in '/home/meip-users/tb3_op/src/build/tb3_op' returned '0': CMAKE_PREFIX_PATH=/opt/ros/humble /usr/bin/cmake /home/meip-users/tb3_op/src/tb3_op -DCMAKE_INSTALL_PREFIX=/home/meip-users/tb3_op/src/install/tb3_op
[2.604s] DEBUG:colcon.colcon_core.event_handler.log_command:Invoking command in '/home/meip-users/tb3_op/src/build/tb3_op': CMAKE_PREFIX_PATH=/opt/ros/humble /usr/bin/cmake --build /home/meip-users/tb3_op/src/build/tb3_op -- -j8 -l8
[10.455s] DEBUG:colcon.colcon_core.event_handler.log_command:Invoked command in '/home/meip-users/tb3_op/src/build/tb3_op' returned '0': CMAKE_PREFIX_PATH=/opt/ros/humble /usr/bin/cmake --build /home/meip-users/tb3_op/src/build/tb3_op -- -j8 -l8
[10.480s] DEBUG:colcon.colcon_core.event_handler.log_command:Invoking command in '/home/meip-users/tb3_op/src/build/tb3_op': CMAKE_PREFIX_PATH=/opt/ros/humble /usr/bin/cmake --install /home/meip-users/tb3_op/src/build/tb3_op
[10.493s] Level 1:colcon.colcon_core.environment:create_environment_scripts_only(tb3_op)
[10.493s] DEBUG:colcon.colcon_core.event_handler.log_command:Invoked command in '/home/meip-users/tb3_op/src/build/tb3_op' returned '0': CMAKE_PREFIX_PATH=/opt/ros/humble /usr/bin/cmake --install /home/meip-users/tb3_op/src/build/tb3_op
[10.505s] Level 1:colcon.colcon_core.environment:checking '/home/meip-users/tb3_op/src/install/tb3_op' for CMake module files
[10.505s] Level 1:colcon.colcon_core.environment:checking '/home/meip-users/tb3_op/src/install/tb3_op' for CMake config files
[10.506s] Level 1:colcon.colcon_core.shell:create_environment_hook('tb3_op', 'cmake_prefix_path')
[10.516s] INFO:colcon.colcon_core.shell:Creating environment hook '/home/meip-users/tb3_op/src/install/tb3_op/share/tb3_op/hook/cmake_prefix_path.ps1'
[10.516s] INFO:colcon.colcon_core.shell:Creating environment descriptor '/home/meip-users/tb3_op/src/install/tb3_op/share/tb3_op/hook/cmake_prefix_path.dsv'
[10.517s] INFO:colcon.colcon_core.shell:Creating environment hook '/home/meip-users/tb3_op/src/install/tb3_op/share/tb3_op/hook/cmake_prefix_path.sh'
[10.517s] Level 1:colcon.colcon_core.environment:checking '/home/meip-users/tb3_op/src/install/tb3_op/lib'
[10.517s] Level 1:colcon.colcon_core.environment:checking '/home/meip-users/tb3_op/src/install/tb3_op/bin'
[10.517s] Level 1:colcon.colcon_core.environment:checking '/home/meip-users/tb3_op/src/install/tb3_op/lib/pkgconfig/tb3_op.pc'
[10.517s] Level 1:colcon.colcon_core.environment:checking '/home/meip-users/tb3_op/src/install/tb3_op/lib/python3.10/site-packages'
[10.517s] Level 1:colcon.colcon_core.environment:checking '/home/meip-users/tb3_op/src/install/tb3_op/bin'
[10.528s] INFO:colcon.colcon_core.shell:Creating package script '/home/meip-users/tb3_op/src/install/tb3_op/share/tb3_op/package.ps1'
[10.528s] INFO:colcon.colcon_core.shell:Creating package descriptor '/home/meip-users/tb3_op/src/install/tb3_op/share/tb3_op/package.dsv'
[10.529s] INFO:colcon.colcon_core.shell:Creating package script '/home/meip-users/tb3_op/src/install/tb3_op/share/tb3_op/package.sh'
[10.529s] INFO:colcon.colcon_core.shell:Creating package script '/home/meip-users/tb3_op/src/install/tb3_op/share/tb3_op/package.bash'
[10.529s] INFO:colcon.colcon_core.shell:Creating package script '/home/meip-users/tb3_op/src/install/tb3_op/share/tb3_op/package.zsh'
[10.529s] Level 1:colcon.colcon_core.environment:create_file_with_runtime_dependencies(/home/meip-users/tb3_op/src/install/tb3_op/share/colcon-core/packages/tb3_op)
[10.556s] Level 1:colcon.colcon_core.environment:create_environment_scripts_only(tb3_op)
[10.567s] Level 1:colcon.colcon_core.environment:checking '/home/meip-users/tb3_op/src/install/tb3_op' for CMake module files
[10.567s] Level 1:colcon.colcon_core.environment:checking '/home/meip-users/tb3_op/src/install/tb3_op' for CMake config files
[10.567s] Level 1:colcon.colcon_core.shell:create_environment_hook('tb3_op', 'cmake_prefix_path')
[10.577s] INFO:colcon.colcon_core.shell:Creating environment hook '/home/meip-users/tb3_op/src/install/tb3_op/share/tb3_op/hook/cmake_prefix_path.ps1'
[10.577s] INFO:colcon.colcon_core.shell:Creating environment descriptor '/home/meip-users/tb3_op/src/install/tb3_op/share/tb3_op/hook/cmake_prefix_path.dsv'
[10.577s] INFO:colcon.colcon_core.shell:Creating environment hook '/home/meip-users/tb3_op/src/install/tb3_op/share/tb3_op/hook/cmake_prefix_path.sh'
[10.578s] Level 1:colcon.colcon_core.environment:checking '/home/meip-users/tb3_op/src/install/tb3_op/lib'
[10.578s] Level 1:colcon.colcon_core.environment:checking '/home/meip-users/tb3_op/src/install/tb3_op/bin'
[10.578s] Level 1:colcon.colcon_core.environment:checking '/home/meip-users/tb3_op/src/install/tb3_op/lib/pkgconfig/tb3_op.pc'
[10.578s] Level 1:colcon.colcon_core.environment:checking '/home/meip-users/tb3_op/src/install/tb3_op/lib/python3.10/site-packages'
[10.578s] Level 1:colcon.colcon_core.environment:checking '/home/meip-users/tb3_op/src/install/tb3_op/bin'
[10.588s] INFO:colcon.colcon_core.shell:Creating package script '/home/meip-users/tb3_op/src/install/tb3_op/share/tb3_op/package.ps1'
[10.589s] INFO:colcon.colcon_core.shell:Creating package descriptor '/home/meip-users/tb3_op/src/install/tb3_op/share/tb3_op/package.dsv'
[10.589s] INFO:colcon.colcon_core.shell:Creating package script '/home/meip-users/tb3_op/src/install/tb3_op/share/tb3_op/package.sh'
[10.589s] INFO:colcon.colcon_core.shell:Creating package script '/home/meip-users/tb3_op/src/install/tb3_op/share/tb3_op/package.bash'
[10.589s] INFO:colcon.colcon_core.shell:Creating package script '/home/meip-users/tb3_op/src/install/tb3_op/share/tb3_op/package.zsh'
[10.590s] Level 1:colcon.colcon_core.environment:create_file_with_runtime_dependencies(/home/meip-users/tb3_op/src/install/tb3_op/share/colcon-core/packages/tb3_op)
[10.590s] DEBUG:colcon.colcon_parallel_executor.executor.parallel:closing loop
[10.590s] DEBUG:colcon.colcon_parallel_executor.executor.parallel:loop closed
[10.590s] DEBUG:colcon.colcon_parallel_executor.executor.parallel:run_until_complete finished with '0'
[10.590s] DEBUG:colcon.colcon_core.event_reactor:joining thread
[10.606s] INFO:colcon.colcon_core.plugin_system:Skipping extension 'colcon_notification.desktop_notification.terminal_notifier': Not used on non-Darwin systems
[10.607s] INFO:colcon.colcon_core.plugin_system:Skipping extension 'colcon_notification.desktop_notification.win32': Not used on non-Windows systems
[10.607s] INFO:colcon.colcon_notification.desktop_notification:Sending desktop notification using 'notify2'
[10.615s] DEBUG:colcon.colcon_core.event_reactor:joined thread
[10.626s] INFO:colcon.colcon_core.shell:Creating prefix script '/home/meip-users/tb3_op/src/install/local_setup.ps1'
[10.627s] INFO:colcon.colcon_core.shell:Creating prefix util module '/home/meip-users/tb3_op/src/install/_local_setup_util_ps1.py'
[10.628s] INFO:colcon.colcon_core.shell:Creating prefix chain script '/home/meip-users/tb3_op/src/install/setup.ps1'
[10.638s] INFO:colcon.colcon_core.shell:Creating prefix script '/home/meip-users/tb3_op/src/install/local_setup.sh'
[10.639s] INFO:colcon.colcon_core.shell:Creating prefix util module '/home/meip-users/tb3_op/src/install/_local_setup_util_sh.py'
[10.639s] INFO:colcon.colcon_core.shell:Creating prefix chain script '/home/meip-users/tb3_op/src/install/setup.sh'
[10.650s] INFO:colcon.colcon_core.shell:Creating prefix script '/home/meip-users/tb3_op/src/install/local_setup.bash'
[10.650s] INFO:colcon.colcon_core.shell:Creating prefix chain script '/home/meip-users/tb3_op/src/install/setup.bash'
[10.661s] INFO:colcon.colcon_core.shell:Creating prefix script '/home/meip-users/tb3_op/src/install/local_setup.zsh'
[10.661s] INFO:colcon.colcon_core.shell:Creating prefix chain script '/home/meip-users/tb3_op/src/install/setup.zsh'
